<?xml version="1.0" ?>
<coverage version="7.13.1" timestamp="1782424416532" lines-valid="15334" lines-covered="13066" line-rate="0.8521" branches-valid="3416" branches-covered="2274" branch-rate="0.6657" complexity="0">
	<!-- Generated by coverage.py: https://coverage.readthedocs.io/en/7.13.1 -->
	<!-- Based on https://raw.githubusercontent.com/cobertura/web/master/htdocs/xml/coverage-04.dtd -->
	<sources>
		<source>C:\Users\ediva\ufc\manutencao\supervision_refactory</source>
	</sources>
	<packages>
		<package name="." line-rate="0" branch-rate="0" complexity="0">
			<classes>
				<class name="extract_metrics_before_codecarbon.py" filename="extract_metrics_before_codecarbon.py" complexity="0" line-rate="0" branch-rate="0">
					<methods/>
					<lines>
						<line number="1" hits="0"/>
						<line number="2" hits="0"/>
						<line number="3" hits="0"/>
						<line number="4" hits="0"/>
						<line number="9" hits="0"/>
						<line number="12" hits="0"/>
						<line number="16" hits="0"/>
						<line number="26" hits="0"/>
						<line number="29" hits="0"/>
						<line number="32" hits="0"/>
						<line number="34" hits="0"/>
						<line number="43" hits="0"/>
						<line number="44" hits="0"/>
						<line number="45" hits="0" branch="true" condition-coverage="0% (0/2)" missing-branches="46,48"/>
						<line number="46" hits="0"/>
						<line number="48" hits="0"/>
						<line number="50" hits="0"/>
						<line number="51" hits="0"/>
						<line number="52" hits="0"/>
						<line number="53" hits="0"/>
						<line number="54" hits="0"/>
						<line number="55" hits="0"/>
						<line number="57" hits="0"/>
						<line number="59" hits="0"/>
						<line number="60" hits="0"/>
						<line number="61" hits="0"/>
						<line number="62" hits="0"/>
						<line number="63" hits="0"/>
					</lines>
				</class>
				<class name="extract_metrics_before_pylint.py" filename="extract_metrics_before_pylint.py" complexity="0" line-rate="0" branch-rate="0">
					<methods/>
					<lines>
						<line number="1" hits="0"/>
						<line number="2" hits="0"/>
						<line number="3" hits="0"/>
						<line number="4" hits="0"/>
						<line number="5" hits="0"/>
						<line number="8" hits="0"/>
						<line number="9" hits="0"/>
						<line number="11" hits="0"/>
						<line number="14" hits="0"/>
						<line number="16" hits="0"/>
						<line number="24" hits="0"/>
						<line number="25" hits="0"/>
						<line number="26" hits="0"/>
						<line number="27" hits="0"/>
						<line number="30" hits="0"/>
						<line number="31" hits="0"/>
						<line number="32" hits="0"/>
						<line number="33" hits="0"/>
						<line number="34" hits="0"/>
						<line number="36" hits="0" branch="true" condition-coverage="0% (0/2)" missing-branches="37,41"/>
						<line number="37" hits="0"/>
						<line number="38" hits="0"/>
						<line number="41" hits="0"/>
						<line number="42" hits="0" branch="true" condition-coverage="0% (0/2)" missing-branches="43,46"/>
						<line number="43" hits="0"/>
						<line number="44" hits="0"/>
						<line number="46" hits="0"/>
						<line number="54" hits="0" branch="true" condition-coverage="0% (0/2)" missing-branches="55,60"/>
						<line number="55" hits="0"/>
						<line number="56" hits="0"/>
						<line number="57" hits="0"/>
						<line number="58" hits="0"/>
						<line number="60" hits="0"/>
						<line number="63" hits="0"/>
						<line number="64" hits="0"/>
						<line number="65" hits="0"/>
						<line number="66" hits="0"/>
						<line number="67" hits="0"/>
						<line number="73" hits="0"/>
						<line number="76" hits="0"/>
						<line number="77" hits="0" branch="true" condition-coverage="0% (0/2)" missing-branches="78,83"/>
						<line number="78" hits="0"/>
						<line number="79" hits="0"/>
						<line number="80" hits="0"/>
						<line number="81" hits="0"/>
						<line number="83" hits="0"/>
						<line number="88" hits="0"/>
						<line number="89" hits="0"/>
						<line number="90" hits="0"/>
						<line number="91" hits="0"/>
						<line number="94" hits="0"/>
						<line number="95" hits="0"/>
						<line number="103" hits="0"/>
						<line number="104" hits="0"/>
						<line number="105" hits="0"/>
						<line number="106" hits="0"/>
						<line number="107" hits="0"/>
						<line number="109" hits="0"/>
					</lines>
				</class>
				<class name="extract_metrics_before_pytest.py" filename="extract_metrics_before_pytest.py" complexity="0" line-rate="0" branch-rate="0">
					<methods/>
					<lines>
						<line number="1" hits="0"/>
						<line number="2" hits="0"/>
						<line number="3" hits="0"/>
						<line number="4" hits="0"/>
						<line number="9" hits="0"/>
						<line number="13" hits="0"/>
						<line number="16" hits="0"/>
						<line number="19" hits="0"/>
						<line number="21" hits="0" branch="true" condition-coverage="0% (0/2)" missing-branches="22,27"/>
						<line number="22" hits="0" branch="true" condition-coverage="0% (0/2)" missing-branches="23,27"/>
						<line number="23" hits="0" branch="true" condition-coverage="0% (0/2)" missing-branches="22,24"/>
						<line number="24" hits="0"/>
						<line number="25" hits="0"/>
						<line number="27" hits="0" branch="true" condition-coverage="0% (0/2)" missing-branches="28,34"/>
						<line number="28" hits="0"/>
						<line number="29" hits="0"/>
						<line number="30" hits="0"/>
						<line number="31" hits="0"/>
						<line number="34" hits="0"/>
						<line number="36" hits="0"/>
						<line number="37" hits="0"/>
						<line number="38" hits="0"/>
						<line number="39" hits="0"/>
						<line number="41" hits="0"/>
						<line number="63" hits="0"/>
						<line number="64" hits="0"/>
						<line number="65" hits="0"/>
						<line number="66" hits="0"/>
						<line number="67" hits="0"/>
						<line number="68" hits="0"/>
						<line number="69" hits="0"/>
						<line number="70" hits="0"/>
					</lines>
				</class>
				<class name="extract_metrics_before_radon.py" filename="extract_metrics_before_radon.py" complexity="0" line-rate="0" branch-rate="0">
					<methods/>
					<lines>
						<line number="1" hits="0"/>
						<line number="2" hits="0"/>
						<line number="3" hits="0"/>
						<line number="4" hits="0"/>
						<line number="7" hits="0"/>
						<line number="8" hits="0"/>
						<line number="12" hits="0"/>
						<line number="13" hits="0"/>
						<line number="16" hits="0"/>
						<line number="19" hits="0"/>
						<line number="20" hits="0"/>
						<line number="21" hits="0"/>
						<line number="22" hits="0"/>
						<line number="23" hits="0"/>
						<line number="24" hits="0"/>
						<line number="25" hits="0"/>
						<line number="26" hits="0"/>
						<line number="29" hits="0"/>
						<line number="30" hits="0"/>
						<line number="32" hits="0"/>
						<line number="33" hits="0"/>
						<line number="34" hits="0"/>
						<line number="35" hits="0"/>
						<line number="36" hits="0"/>
						<line number="37" hits="0"/>
						<line number="38" hits="0"/>
						<line number="39" hits="0"/>
						<line number="41" hits="0"/>
						<line number="43" hits="0"/>
						<line number="58" hits="0"/>
						<line number="60" hits="0"/>
						<line number="61" hits="0"/>
						<line number="62" hits="0"/>
						<line number="63" hits="0"/>
						<line number="64" hits="0"/>
						<line number="65" hits="0"/>
						<line number="68" hits="0" branch="true" condition-coverage="0% (0/2)" missing-branches="69,79"/>
						<line number="69" hits="0"/>
						<line number="79" hits="0"/>
						<line number="80" hits="0"/>
						<line number="81" hits="0" branch="true" condition-coverage="0% (0/2)" missing-branches="82,98"/>
						<line number="82" hits="0" branch="true" condition-coverage="0% (0/2)" missing-branches="83,84"/>
						<line number="83" hits="0"/>
						<line number="84" hits="0"/>
						<line number="96" hits="0" branch="true" condition-coverage="0% (0/2)" missing-branches="81,97"/>
						<line number="97" hits="0"/>
						<line number="98" hits="0"/>
						<line number="101" hits="0"/>
						<line number="103" hits="0" branch="true" condition-coverage="0% (0/2)" missing-branches="104,145"/>
						<line number="104" hits="0"/>
						<line number="105" hits="0" branch="true" condition-coverage="0% (0/2)" missing-branches="106,113"/>
						<line number="106" hits="0"/>
						<line number="107" hits="0" branch="true" condition-coverage="0% (0/2)" missing-branches="108,109"/>
						<line number="108" hits="0"/>
						<line number="109" hits="0"/>
						<line number="110" hits="0"/>
						<line number="111" hits="0"/>
						<line number="113" hits="0" branch="true" condition-coverage="0% (0/2)" missing-branches="114,130"/>
						<line number="114" hits="0"/>
						<line number="115" hits="0"/>
						<line number="116" hits="0"/>
						<line number="130" hits="0"/>
						<line number="145" hits="0"/>
						<line number="147" hits="0" branch="true" condition-coverage="0% (0/2)" missing-branches="148,174"/>
						<line number="148" hits="0"/>
						<line number="150" hits="0"/>
						<line number="151" hits="0"/>
						<line number="152" hits="0" branch="true" condition-coverage="0% (0/2)" missing-branches="153,155"/>
						<line number="153" hits="0"/>
						<line number="154" hits="0"/>
						<line number="155" hits="0"/>
						<line number="157" hits="0" branch="true" condition-coverage="0% (0/2)" missing-branches="147,158"/>
						<line number="158" hits="0"/>
						<line number="159" hits="0"/>
						<line number="160" hits="0" branch="true" condition-coverage="0% (0/2)" missing-branches="161,165"/>
						<line number="161" hits="0"/>
						<line number="164" hits="0"/>
						<line number="165" hits="0"/>
						<line number="167" hits="0"/>
						<line number="168" hits="0" branch="true" condition-coverage="0% (0/2)" missing-branches="169,171"/>
						<line number="169" hits="0"/>
						<line number="170" hits="0"/>
						<line number="171" hits="0"/>
						<line number="174" hits="0"/>
						<line number="176" hits="0" branch="true" condition-coverage="0% (0/2)" missing-branches="177,184"/>
						<line number="177" hits="0"/>
						<line number="178" hits="0" branch="true" condition-coverage="0% (0/2)" missing-branches="179,182"/>
						<line number="179" hits="0"/>
						<line number="180" hits="0"/>
						<line number="181" hits="0"/>
						<line number="182" hits="0"/>
						<line number="184" hits="0"/>
						<line number="188" hits="0"/>
						<line number="189" hits="0" branch="true" condition-coverage="0% (0/2)" missing-branches="190,192"/>
						<line number="190" hits="0"/>
						<line number="191" hits="0"/>
						<line number="192" hits="0" branch="true" condition-coverage="0% (0/2)" missing-branches="193,194"/>
						<line number="193" hits="0"/>
						<line number="194" hits="0"/>
						<line number="195" hits="0"/>
						<line number="196" hits="0"/>
						<line number="197" hits="0"/>
						<line number="198" hits="0"/>
						<line number="199" hits="0"/>
						<line number="202" hits="0"/>
						<line number="203" hits="0"/>
						<line number="204" hits="0"/>
						<line number="205" hits="0"/>
						<line number="206" hits="0"/>
						<line number="207" hits="0"/>
						<line number="209" hits="0"/>
					</lines>
				</class>
				<class name="extract_score_before_pylint.py" filename="extract_score_before_pylint.py" complexity="0" line-rate="0" branch-rate="0">
					<methods/>
					<lines>
						<line number="1" hits="0"/>
						<line number="2" hits="0"/>
						<line number="4" hits="0"/>
						<line number="5" hits="0"/>
						<line number="7" hits="0"/>
						<line number="9" hits="0"/>
						<line number="16" hits="0"/>
						<line number="17" hits="0"/>
						<line number="18" hits="0" branch="true" condition-coverage="0% (0/2)" missing-branches="19,23"/>
						<line number="19" hits="0" branch="true" condition-coverage="0% (0/2)" missing-branches="18,20"/>
						<line number="20" hits="0"/>
						<line number="21" hits="0"/>
						<line number="23" hits="0"/>
					</lines>
				</class>
			</classes>
		</package>
		<package name="src.supervision" line-rate="0.9524" branch-rate="1" complexity="0">
			<classes>
				<class name="__init__.py" filename="src/supervision/__init__.py" complexity="0" line-rate="0.9487" branch-rate="1">
					<methods/>
					<lines>
						<line number="1" hits="1"/>
						<line number="3" hits="1"/>
						<line number="5" hits="1"/>
						<line number="6" hits="0"/>
						<line number="7" hits="0"/>
						<line number="9" hits="1"/>
						<line number="34" hits="1"/>
						<line number="40" hits="1"/>
						<line number="41" hits="1"/>
						<line number="46" hits="1"/>
						<line number="47" hits="1"/>
						<line number="48" hits="1"/>
						<line number="49" hits="1"/>
						<line number="54" hits="1"/>
						<line number="55" hits="1"/>
						<line number="56" hits="1"/>
						<line number="57" hits="1"/>
						<line number="58" hits="1"/>
						<line number="59" hits="1"/>
						<line number="67" hits="1"/>
						<line number="82" hits="1"/>
						<line number="97" hits="1"/>
						<line number="104" hits="1"/>
						<line number="108" hits="1"/>
						<line number="109" hits="1"/>
						<line number="110" hits="1"/>
						<line number="111" hits="1"/>
						<line number="122" hits="1"/>
						<line number="123" hits="1"/>
						<line number="124" hits="1"/>
						<line number="133" hits="1"/>
						<line number="134" hits="1"/>
						<line number="135" hits="1"/>
						<line number="136" hits="1"/>
						<line number="137" hits="1"/>
						<line number="138" hits="1"/>
						<line number="149" hits="1"/>
						<line number="150" hits="1"/>
						<line number="158" hits="1"/>
					</lines>
				</class>
				<class name="config.py" filename="src/supervision/config.py" complexity="0" line-rate="1" branch-rate="1">
					<methods/>
					<lines>
						<line number="1" hits="1"/>
						<line number="2" hits="1"/>
						<line number="13" hits="1"/>
					</lines>
				</class>
			</classes>
		</package>
		<package name="src.supervision.annotators" line-rate="0.7988" branch-rate="0.6173" complexity="0">
			<classes>
				<class name="__init__.py" filename="src/supervision/annotators/__init__.py" complexity="0" line-rate="1" branch-rate="1">
					<methods/>
					<lines/>
				</class>
				<class name="base.py" filename="src/supervision/annotators/base.py" complexity="0" line-rate="0.8571" branch-rate="1">
					<methods/>
					<lines>
						<line number="1" hits="1"/>
						<line number="2" hits="1"/>
						<line number="4" hits="1"/>
						<line number="7" hits="1"/>
						<line number="8" hits="1"/>
						<line number="9" hits="1"/>
						<line number="12" hits="0"/>
					</lines>
				</class>
				<class name="core.py" filename="src/supervision/annotators/core.py" complexity="0" line-rate="0.8168" branch-rate="0.622">
					<methods/>
					<lines>
						<line number="1" hits="1"/>
						<line number="3" hits="1"/>
						<line number="4" hits="1"/>
						<line number="5" hits="1"/>
						<line number="7" hits="1"/>
						<line number="8" hits="1"/>
						<line number="9" hits="1"/>
						<line number="10" hits="1"/>
						<line number="11" hits="1"/>
						<line number="12" hits="1"/>
						<line number="14" hits="1"/>
						<line number="15" hits="1"/>
						<line number="29" hits="1"/>
						<line number="30" hits="1"/>
						<line number="31" hits="1"/>
						<line number="32" hits="1"/>
						<line number="33" hits="1"/>
						<line number="38" hits="1"/>
						<line number="39" hits="1"/>
						<line number="40" hits="1"/>
						<line number="41" hits="1"/>
						<line number="42" hits="1"/>
						<line number="46" hits="1"/>
						<line number="52" hits="1"/>
						<line number="54" hits="1"/>
						<line number="67" hits="1"/>
						<line number="74" hits="1" branch="true" condition-coverage="100% (2/2)"/>
						<line number="75" hits="1"/>
						<line number="76" hits="1"/>
						<line number="77" hits="1"/>
						<line number="80" hits="1"/>
						<line number="83" hits="1"/>
						<line number="103" hits="1"/>
						<line number="137" hits="1"/>
						<line number="138" hits="1"/>
						<line number="139" hits="1"/>
						<line number="140" hits="1"/>
						<line number="141" hits="1"/>
						<line number="142" hits="1"/>
						<line number="143" hits="1"/>
						<line number="144" hits="1"/>
						<line number="145" hits="1"/>
						<line number="147" hits="1"/>
						<line number="165" hits="0"/>
						<line number="168" hits="0"/>
						<line number="174" hits="0" branch="true" condition-coverage="0% (0/2)" missing-branches="176,187"/>
						<line number="176" hits="0"/>
						<line number="178" hits="0"/>
						<line number="180" hits="0"/>
						<line number="183" hits="0"/>
						<line number="187" hits="0"/>
						<line number="190" hits="1"/>
						<line number="195" hits="1"/>
						<line number="209" hits="1"/>
						<line number="210" hits="1"/>
						<line number="211" hits="1"/>
						<line number="213" hits="1"/>
						<line number="214" hits="1"/>
						<line number="255" hits="1" branch="true" condition-coverage="50% (1/2)" missing-branches="256"/>
						<line number="256" hits="0"/>
						<line number="257" hits="1" branch="true" condition-coverage="100% (2/2)"/>
						<line number="258" hits="1"/>
						<line number="259" hits="1"/>
						<line number="267" hits="1"/>
						<line number="274" hits="1"/>
						<line number="277" hits="1"/>
						<line number="282" hits="1"/>
						<line number="296" hits="1"/>
						<line number="297" hits="1"/>
						<line number="298" hits="1"/>
						<line number="300" hits="1"/>
						<line number="301" hits="1"/>
						<line number="342" hits="1" branch="true" condition-coverage="50% (1/2)" missing-branches="343"/>
						<line number="343" hits="0"/>
						<line number="344" hits="1" branch="true" condition-coverage="50% (1/2)" missing-branches="346"/>
						<line number="345" hits="1"/>
						<line number="346" hits="0"/>
						<line number="348" hits="0" branch="true" condition-coverage="0% (0/2)" missing-branches="349,361"/>
						<line number="349" hits="0"/>
						<line number="350" hits="0"/>
						<line number="359" hits="0"/>
						<line number="361" hits="0"/>
						<line number="365" hits="1"/>
						<line number="393" hits="1"/>
						<line number="394" hits="1" branch="true" condition-coverage="100% (2/2)"/>
						<line number="395" hits="1"/>
						<line number="396" hits="1"/>
						<line number="399" hits="1"/>
						<line number="400" hits="1" branch="true" condition-coverage="100% (2/2)"/>
						<line number="401" hits="1"/>
						<line number="407" hits="1" branch="true" condition-coverage="100% (2/2)"/>
						<line number="408" hits="1"/>
						<line number="409" hits="1"/>
						<line number="410" hits="1"/>
						<line number="411" hits="1"/>
						<line number="412" hits="1"/>
						<line number="413" hits="1" branch="true" condition-coverage="100% (2/2)"/>
						<line number="414" hits="1"/>
						<line number="416" hits="1"/>
						<line number="417" hits="1"/>
						<line number="418" hits="1" branch="true" condition-coverage="100% (2/2)"/>
						<line number="419" hits="1"/>
						<line number="420" hits="1"/>
						<line number="423" hits="1"/>
						<line number="432" hits="1"/>
						<line number="446" hits="1"/>
						<line number="447" hits="1"/>
						<line number="448" hits="1"/>
						<line number="450" hits="1"/>
						<line number="451" hits="1"/>
						<line number="493" hits="1" branch="true" condition-coverage="50% (1/2)" missing-branches="494"/>
						<line number="494" hits="0"/>
						<line number="495" hits="1" branch="true" condition-coverage="100% (2/2)"/>
						<line number="496" hits="1"/>
						<line number="498" hits="1"/>
						<line number="499" hits="1"/>
						<line number="505" hits="1"/>
						<line number="508" hits="1"/>
						<line number="511" hits="1"/>
						<line number="520" hits="1"/>
						<line number="534" hits="1"/>
						<line number="535" hits="1"/>
						<line number="536" hits="1"/>
						<line number="538" hits="1"/>
						<line number="539" hits="1"/>
						<line number="580" hits="1" branch="true" condition-coverage="50% (1/2)" missing-branches="581"/>
						<line number="581" hits="0"/>
						<line number="582" hits="1" branch="true" condition-coverage="100% (2/2)"/>
						<line number="583" hits="1"/>
						<line number="585" hits="1" branch="true" condition-coverage="100% (2/2)"/>
						<line number="586" hits="1"/>
						<line number="587" hits="1"/>
						<line number="595" hits="1" branch="true" condition-coverage="100% (2/2)"/>
						<line number="596" hits="1"/>
						<line number="603" hits="1"/>
						<line number="606" hits="1"/>
						<line number="611" hits="1"/>
						<line number="625" hits="1"/>
						<line number="626" hits="1"/>
						<line number="627" hits="1"/>
						<line number="629" hits="1"/>
						<line number="630" hits="1"/>
						<line number="671" hits="1" branch="true" condition-coverage="50% (1/2)" missing-branches="672"/>
						<line number="672" hits="0"/>
						<line number="673" hits="1"/>
						<line number="674" hits="1" branch="true" condition-coverage="100% (2/2)"/>
						<line number="675" hits="1"/>
						<line number="676" hits="1"/>
						<line number="684" hits="1"/>
						<line number="692" hits="1"/>
						<line number="695" hits="1"/>
						<line number="698" hits="1"/>
						<line number="707" hits="1"/>
						<line number="724" hits="1"/>
						<line number="725" hits="1"/>
						<line number="726" hits="1"/>
						<line number="727" hits="1"/>
						<line number="729" hits="1"/>
						<line number="730" hits="1"/>
						<line number="772" hits="1" branch="true" condition-coverage="50% (1/2)" missing-branches="773"/>
						<line number="773" hits="0"/>
						<line number="774" hits="1" branch="true" condition-coverage="100% (2/2)"/>
						<line number="775" hits="1"/>
						<line number="776" hits="1"/>
						<line number="777" hits="1"/>
						<line number="784" hits="1"/>
						<line number="786" hits="1"/>
						<line number="787" hits="1"/>
						<line number="788" hits="1"/>
						<line number="789" hits="1"/>
						<line number="790" hits="1" branch="true" condition-coverage="100% (2/2)"/>
						<line number="792" hits="1"/>
						<line number="793" hits="1"/>
						<line number="794" hits="1"/>
						<line number="795" hits="1"/>
						<line number="796" hits="1"/>
						<line number="797" hits="1"/>
						<line number="800" hits="1"/>
						<line number="805" hits="1"/>
						<line number="823" hits="1"/>
						<line number="824" hits="1"/>
						<line number="825" hits="1"/>
						<line number="826" hits="1"/>
						<line number="827" hits="1"/>
						<line number="829" hits="1"/>
						<line number="830" hits="1"/>
						<line number="871" hits="1" branch="true" condition-coverage="50% (1/2)" missing-branches="872"/>
						<line number="872" hits="0"/>
						<line number="873" hits="1" branch="true" condition-coverage="100% (2/2)"/>
						<line number="874" hits="1"/>
						<line number="875" hits="1"/>
						<line number="883" hits="1"/>
						<line number="884" hits="1"/>
						<line number="885" hits="1"/>
						<line number="896" hits="1"/>
						<line number="899" hits="1"/>
						<line number="904" hits="1"/>
						<line number="920" hits="1"/>
						<line number="921" hits="1"/>
						<line number="922" hits="1"/>
						<line number="923" hits="1"/>
						<line number="925" hits="1"/>
						<line number="926" hits="1"/>
						<line number="967" hits="1" branch="true" condition-coverage="50% (1/2)" missing-branches="968"/>
						<line number="968" hits="0"/>
						<line number="969" hits="1" branch="true" condition-coverage="100% (2/2)"/>
						<line number="970" hits="1"/>
						<line number="971" hits="1"/>
						<line number="979" hits="1"/>
						<line number="981" hits="1" branch="true" condition-coverage="100% (2/2)"/>
						<line number="982" hits="1"/>
						<line number="983" hits="1"/>
						<line number="987" hits="1"/>
						<line number="988" hits="1"/>
						<line number="991" hits="1"/>
						<line number="994" hits="1"/>
						<line number="999" hits="1"/>
						<line number="1014" hits="1"/>
						<line number="1015" hits="1"/>
						<line number="1016" hits="1"/>
						<line number="1018" hits="1"/>
						<line number="1019" hits="1"/>
						<line number="1061" hits="1" branch="true" condition-coverage="50% (1/2)" missing-branches="1062"/>
						<line number="1062" hits="0"/>
						<line number="1063" hits="1" branch="true" condition-coverage="100% (2/2)"/>
						<line number="1064" hits="1"/>
						<line number="1065" hits="1"/>
						<line number="1066" hits="1"/>
						<line number="1067" hits="1"/>
						<line number="1075" hits="1"/>
						<line number="1083" hits="1"/>
						<line number="1086" hits="1"/>
						<line number="1092" hits="1"/>
						<line number="1114" hits="1"/>
						<line number="1115" hits="1"/>
						<line number="1116" hits="1"/>
						<line number="1117" hits="1"/>
						<line number="1118" hits="1"/>
						<line number="1119" hits="1"/>
						<line number="1121" hits="1"/>
						<line number="1122" hits="1"/>
						<line number="1163" hits="1" branch="true" condition-coverage="50% (1/2)" missing-branches="1164"/>
						<line number="1164" hits="0"/>
						<line number="1165" hits="1"/>
						<line number="1166" hits="1" branch="true" condition-coverage="100% (2/2)"/>
						<line number="1167" hits="1"/>
						<line number="1175" hits="1"/>
						<line number="1177" hits="1"/>
						<line number="1178" hits="1" branch="true" condition-coverage="50% (1/2)" missing-branches="1179"/>
						<line number="1179" hits="0"/>
						<line number="1187" hits="0"/>
						<line number="1194" hits="1"/>
						<line number="1197" hits="1"/>
						<line number="1202" hits="1"/>
						<line number="1237" hits="1"/>
						<line number="1238" hits="1"/>
						<line number="1239" hits="1"/>
						<line number="1251" hits="1"/>
						<line number="1252" hits="1"/>
						<line number="1303" hits="1" branch="true" condition-coverage="50% (1/2)" missing-branches="1304"/>
						<line number="1304" hits="0"/>
						<line number="1305" hits="1"/>
						<line number="1307" hits="1"/>
						<line number="1308" hits="1"/>
						<line number="1312" hits="1" branch="true" condition-coverage="50% (1/2)" missing-branches="1313"/>
						<line number="1313" hits="0"/>
						<line number="1314" hits="0"/>
						<line number="1315" hits="0"/>
						<line number="1317" hits="0"/>
						<line number="1323" hits="1"/>
						<line number="1331" hits="1"/>
						<line number="1333" hits="1"/>
						<line number="1338" hits="1"/>
						<line number="1339" hits="1"/>
						<line number="1343" hits="1" branch="true" condition-coverage="100% (2/2)"/>
						<line number="1344" hits="1"/>
						<line number="1349" hits="1"/>
						<line number="1350" hits="1"/>
						<line number="1351" hits="1"/>
						<line number="1353" hits="1" branch="true" condition-coverage="100% (2/2)"/>
						<line number="1354" hits="1"/>
						<line number="1360" hits="1"/>
						<line number="1361" hits="1"/>
						<line number="1364" hits="1"/>
						<line number="1365" hits="1"/>
						<line number="1370" hits="1"/>
						<line number="1371" hits="1"/>
						<line number="1373" hits="1"/>
						<line number="1379" hits="1"/>
						<line number="1385" hits="1"/>
						<line number="1387" hits="1"/>
						<line number="1395" hits="1"/>
						<line number="1401" hits="1"/>
						<line number="1407" hits="1" branch="true" condition-coverage="100% (2/2)"/>
						<line number="1408" hits="1"/>
						<line number="1414" hits="1"/>
						<line number="1421" hits="1"/>
						<line number="1423" hits="1"/>
						<line number="1431" hits="1"/>
						<line number="1432" hits="1"/>
						<line number="1434" hits="1" branch="true" condition-coverage="100% (2/2)"/>
						<line number="1435" hits="1" branch="true" condition-coverage="50% (1/2)" missing-branches="1437"/>
						<line number="1437" hits="0"/>
						<line number="1443" hits="0"/>
						<line number="1444" hits="0"/>
						<line number="1446" hits="1"/>
						<line number="1453" hits="1"/>
						<line number="1454" hits="1"/>
						<line number="1456" hits="1"/>
						<line number="1467" hits="1"/>
						<line number="1469" hits="1"/>
						<line number="1470" hits="1"/>
						<line number="1476" hits="1"/>
						<line number="1477" hits="1"/>
						<line number="1478" hits="1"/>
						<line number="1480" hits="1"/>
						<line number="1482" hits="1"/>
						<line number="1486" hits="1"/>
						<line number="1493" hits="1" branch="true" condition-coverage="100% (2/2)"/>
						<line number="1494" hits="1"/>
						<line number="1501" hits="1" branch="true" condition-coverage="100% (2/2)"/>
						<line number="1502" hits="1"/>
						<line number="1509" hits="1"/>
						<line number="1512" hits="1"/>
						<line number="1518" hits="1"/>
						<line number="1553" hits="1"/>
						<line number="1554" hits="1"/>
						<line number="1555" hits="1"/>
						<line number="1556" hits="1"/>
						<line number="1568" hits="1"/>
						<line number="1569" hits="1"/>
						<line number="1619" hits="1"/>
						<line number="1620" hits="1"/>
						<line number="1622" hits="1"/>
						<line number="1623" hits="1"/>
						<line number="1624" hits="1"/>
						<line number="1628" hits="1" branch="true" condition-coverage="50% (1/2)" missing-branches="1629"/>
						<line number="1629" hits="0"/>
						<line number="1630" hits="0"/>
						<line number="1631" hits="0"/>
						<line number="1633" hits="0"/>
						<line number="1639" hits="1"/>
						<line number="1647" hits="1"/>
						<line number="1649" hits="1"/>
						<line number="1652" hits="1"/>
						<line number="1654" hits="1"/>
						<line number="1658" hits="1" branch="true" condition-coverage="100% (2/2)"/>
						<line number="1659" hits="1"/>
						<line number="1664" hits="1"/>
						<line number="1667" hits="1"/>
						<line number="1668" hits="1"/>
						<line number="1670" hits="1" branch="true" condition-coverage="100% (2/2)"/>
						<line number="1671" hits="1"/>
						<line number="1672" hits="1"/>
						<line number="1673" hits="1"/>
						<line number="1675" hits="1"/>
						<line number="1676" hits="1"/>
						<line number="1679" hits="1" branch="true" condition-coverage="50% (1/2)" missing-branches="1680"/>
						<line number="1680" hits="0"/>
						<line number="1682" hits="1"/>
						<line number="1683" hits="1"/>
						<line number="1685" hits="1"/>
						<line number="1692" hits="1"/>
						<line number="1694" hits="1"/>
						<line number="1696" hits="1"/>
						<line number="1699" hits="1"/>
						<line number="1701" hits="1"/>
						<line number="1709" hits="1"/>
						<line number="1714" hits="1"/>
						<line number="1720" hits="1" branch="true" condition-coverage="100% (2/2)"/>
						<line number="1721" hits="1"/>
						<line number="1727" hits="1"/>
						<line number="1734" hits="1"/>
						<line number="1735" hits="1"/>
						<line number="1736" hits="1"/>
						<line number="1739" hits="1"/>
						<line number="1747" hits="1"/>
						<line number="1748" hits="1"/>
						<line number="1749" hits="1"/>
						<line number="1751" hits="1" branch="true" condition-coverage="100% (2/2)"/>
						<line number="1752" hits="1"/>
						<line number="1760" hits="1"/>
						<line number="1761" hits="1"/>
						<line number="1762" hits="1"/>
						<line number="1764" hits="1"/>
						<line number="1765" hits="1"/>
						<line number="1768" hits="1"/>
						<line number="1771" hits="1"/>
						<line number="1772" hits="1"/>
						<line number="1773" hits="0"/>
						<line number="1774" hits="0"/>
						<line number="1776" hits="1" branch="true" condition-coverage="50% (1/2)" missing-branches="1779"/>
						<line number="1777" hits="1"/>
						<line number="1779" hits="0"/>
						<line number="1780" hits="0"/>
						<line number="1781" hits="0"/>
						<line number="1782" hits="0"/>
						<line number="1785" hits="0"/>
						<line number="1788" hits="1"/>
						<line number="1793" hits="1"/>
						<line number="1807" hits="0"/>
						<line number="1808" hits="0"/>
						<line number="1809" hits="0"/>
						<line number="1811" hits="1"/>
						<line number="1812" hits="1"/>
						<line number="1855" hits="0" branch="true" condition-coverage="0% (0/2)" missing-branches="1856,1857"/>
						<line number="1856" hits="0"/>
						<line number="1857" hits="0" branch="true" condition-coverage="0% (0/2)" missing-branches="1858,1864"/>
						<line number="1858" hits="0"/>
						<line number="1864" hits="0"/>
						<line number="1868" hits="0" branch="true" condition-coverage="0% (0/2)" missing-branches="1869,1881"/>
						<line number="1869" hits="0"/>
						<line number="1872" hits="0" branch="true" condition-coverage="0% (0/2)" missing-branches="1873,1874"/>
						<line number="1873" hits="0"/>
						<line number="1874" hits="0"/>
						<line number="1875" hits="0"/>
						<line number="1877" hits="0"/>
						<line number="1878" hits="0"/>
						<line number="1880" hits="0"/>
						<line number="1881" hits="0"/>
						<line number="1883" hits="1"/>
						<line number="1884" hits="1"/>
						<line number="1885" hits="0"/>
						<line number="1886" hits="0" branch="true" condition-coverage="0% (0/2)" missing-branches="1887,1890"/>
						<line number="1887" hits="0"/>
						<line number="1890" hits="0"/>
						<line number="1894" hits="0"/>
						<line number="1897" hits="1"/>
						<line number="1902" hits="1"/>
						<line number="1909" hits="1" branch="true" condition-coverage="100% (2/2)"/>
						<line number="1910" hits="1"/>
						<line number="1911" hits="1"/>
						<line number="1913" hits="1"/>
						<line number="1914" hits="1"/>
						<line number="1952" hits="1" branch="true" condition-coverage="50% (1/2)" missing-branches="1953"/>
						<line number="1953" hits="0"/>
						<line number="1954" hits="1"/>
						<line number="1955" hits="1"/>
						<line number="1959" hits="1" branch="true" condition-coverage="100% (2/2)"/>
						<line number="1960" hits="1" branch="true" condition-coverage="100% (2/2)"/>
						<line number="1961" hits="1"/>
						<line number="1962" hits="1"/>
						<line number="1963" hits="1"/>
						<line number="1968" hits="1"/>
						<line number="1969" hits="1"/>
						<line number="1971" hits="1"/>
						<line number="1974" hits="1"/>
						<line number="1985" hits="1"/>
						<line number="2010" hits="1"/>
						<line number="2011" hits="1"/>
						<line number="2012" hits="1"/>
						<line number="2013" hits="1"/>
						<line number="2014" hits="1"/>
						<line number="2016" hits="1"/>
						<line number="2017" hits="1"/>
						<line number="2065" hits="1" branch="true" condition-coverage="50% (1/2)" missing-branches="2066"/>
						<line number="2066" hits="0"/>
						<line number="2067" hits="1" branch="true" condition-coverage="50% (1/2)" missing-branches="2068"/>
						<line number="2068" hits="0"/>
						<line number="2072" hits="1"/>
						<line number="2076" hits="1"/>
						<line number="2077" hits="1" branch="true" condition-coverage="100% (2/2)"/>
						<line number="2078" hits="1"/>
						<line number="2079" hits="1" branch="true" condition-coverage="50% (1/2)" missing-branches="2080"/>
						<line number="2080" hits="0"/>
						<line number="2081" hits="1"/>
						<line number="2082" hits="1"/>
						<line number="2090" hits="1"/>
						<line number="2091" hits="1"/>
						<line number="2093" hits="1" branch="true" condition-coverage="100% (2/2)"/>
						<line number="2094" hits="1"/>
						<line number="2097" hits="1" branch="true" condition-coverage="100% (2/2)"/>
						<line number="2098" hits="1"/>
						<line number="2099" hits="1"/>
						<line number="2100" hits="1"/>
						<line number="2101" hits="1"/>
						<line number="2102" hits="1"/>
						<line number="2103" hits="0"/>
						<line number="2104" hits="0"/>
						<line number="2106" hits="1"/>
						<line number="2108" hits="1" branch="true" condition-coverage="100% (2/2)"/>
						<line number="2109" hits="1"/>
						<line number="2116" hits="1"/>
						<line number="2119" hits="1"/>
						<line number="2126" hits="1"/>
						<line number="2146" hits="1"/>
						<line number="2147" hits="1"/>
						<line number="2148" hits="1"/>
						<line number="2149" hits="1"/>
						<line number="2150" hits="1"/>
						<line number="2151" hits="1"/>
						<line number="2152" hits="1"/>
						<line number="2154" hits="1"/>
						<line number="2155" hits="1"/>
						<line number="2198" hits="1" branch="true" condition-coverage="50% (1/2)" missing-branches="2199"/>
						<line number="2199" hits="0"/>
						<line number="2200" hits="1" branch="true" condition-coverage="100% (2/2)"/>
						<line number="2201" hits="1"/>
						<line number="2203" hits="1"/>
						<line number="2204" hits="1" branch="true" condition-coverage="100% (2/2)"/>
						<line number="2205" hits="1"/>
						<line number="2206" hits="1"/>
						<line number="2213" hits="1"/>
						<line number="2214" hits="1"/>
						<line number="2215" hits="1"/>
						<line number="2216" hits="1" branch="true" condition-coverage="100% (2/2)"/>
						<line number="2217" hits="1"/>
						<line number="2218" hits="1"/>
						<line number="2219" hits="1" branch="true" condition-coverage="50% (1/2)" missing-branches="2221"/>
						<line number="2220" hits="1"/>
						<line number="2221" hits="1"/>
						<line number="2222" hits="1"/>
						<line number="2223" hits="1"/>
						<line number="2224" hits="1"/>
						<line number="2225" hits="1"/>
						<line number="2228" hits="1"/>
						<line number="2231" hits="1"/>
						<line number="2236" hits="1"/>
						<line number="2245" hits="1" branch="true" condition-coverage="100% (2/2)"/>
						<line number="2246" hits="1"/>
						<line number="2247" hits="1"/>
						<line number="2249" hits="1"/>
						<line number="2250" hits="1"/>
						<line number="2286" hits="1" branch="true" condition-coverage="50% (1/2)" missing-branches="2287"/>
						<line number="2287" hits="0"/>
						<line number="2288" hits="1"/>
						<line number="2289" hits="1"/>
						<line number="2293" hits="1" branch="true" condition-coverage="100% (2/2)"/>
						<line number="2294" hits="1" branch="true" condition-coverage="100% (2/2)"/>
						<line number="2295" hits="1"/>
						<line number="2296" hits="1"/>
						<line number="2298" hits="1"/>
						<line number="2303" hits="1" branch="true" condition-coverage="100% (2/2)"/>
						<line number="2304" hits="1" branch="true" condition-coverage="100% (2/2)"/>
						<line number="2305" hits="1"/>
						<line number="2307" hits="1"/>
						<line number="2308" hits="1"/>
						<line number="2309" hits="1"/>
						<line number="2311" hits="1"/>
						<line number="2314" hits="1"/>
						<line number="2320" hits="1"/>
						<line number="2322" hits="1"/>
						<line number="2325" hits="1"/>
						<line number="2331" hits="1"/>
						<line number="2355" hits="1"/>
						<line number="2356" hits="1"/>
						<line number="2357" hits="1"/>
						<line number="2358" hits="1"/>
						<line number="2359" hits="1"/>
						<line number="2360" hits="1"/>
						<line number="2361" hits="1"/>
						<line number="2363" hits="1"/>
						<line number="2364" hits="1"/>
						<line number="2405" hits="1" branch="true" condition-coverage="50% (1/2)" missing-branches="2406"/>
						<line number="2406" hits="0"/>
						<line number="2407" hits="1"/>
						<line number="2408" hits="1" branch="true" condition-coverage="100% (2/2)"/>
						<line number="2409" hits="1"/>
						<line number="2417" hits="1"/>
						<line number="2418" hits="1"/>
						<line number="2427" hits="1"/>
						<line number="2428" hits="1" branch="true" condition-coverage="50% (1/2)" missing-branches="2429"/>
						<line number="2429" hits="0"/>
						<line number="2437" hits="0"/>
						<line number="2444" hits="1"/>
						<line number="2447" hits="1"/>
						<line number="2453" hits="1"/>
						<line number="2472" hits="1"/>
						<line number="2473" hits="1"/>
						<line number="2474" hits="1"/>
						<line number="2475" hits="1" branch="true" condition-coverage="50% (1/2)" missing-branches="2476"/>
						<line number="2476" hits="0"/>
						<line number="2477" hits="1"/>
						<line number="2479" hits="1"/>
						<line number="2480" hits="1"/>
						<line number="2522" hits="1" branch="true" condition-coverage="50% (1/2)" missing-branches="2523"/>
						<line number="2523" hits="0"/>
						<line number="2524" hits="1" branch="true" condition-coverage="100% (2/2)"/>
						<line number="2525" hits="1"/>
						<line number="2526" hits="1"/>
						<line number="2535" hits="1"/>
						<line number="2541" hits="1"/>
						<line number="2548" hits="1"/>
						<line number="2555" hits="1"/>
						<line number="2556" hits="1"/>
						<line number="2558" hits="1" branch="true" condition-coverage="100% (2/2)"/>
						<line number="2561" hits="1"/>
						<line number="2572" hits="1"/>
						<line number="2580" hits="1"/>
						<line number="2583" hits="1"/>
						<line number="2588" hits="1"/>
						<line number="2610" hits="1"/>
						<line number="2611" hits="1"/>
						<line number="2612" hits="1"/>
						<line number="2613" hits="1"/>
						<line number="2614" hits="1"/>
						<line number="2615" hits="1"/>
						<line number="2617" hits="1"/>
						<line number="2623" hits="1"/>
						<line number="2624" hits="1"/>
						<line number="2674" hits="1" branch="true" condition-coverage="50% (1/2)" missing-branches="2675"/>
						<line number="2675" hits="0"/>
						<line number="2676" hits="1"/>
						<line number="2678" hits="1"/>
						<line number="2679" hits="1" branch="true" condition-coverage="100% (2/2)"/>
						<line number="2680" hits="1"/>
						<line number="2681" hits="1"/>
						<line number="2686" hits="1"/>
						<line number="2688" hits="1" branch="true" condition-coverage="50% (1/2)" missing-branches="2689"/>
						<line number="2689" hits="0"/>
						<line number="2691" hits="1"/>
						<line number="2692" hits="1"/>
						<line number="2694" hits="1"/>
						<line number="2702" hits="1"/>
						<line number="2712" hits="1"/>
						<line number="2719" hits="1"/>
						<line number="2721" hits="1"/>
						<line number="2722" hits="1"/>
						<line number="2725" hits="1"/>
						<line number="2726" hits="1"/>
						<line number="2728" hits="1" branch="true" condition-coverage="50% (1/2)" missing-branches="2729"/>
						<line number="2729" hits="0"/>
						<line number="2730" hits="1" branch="true" condition-coverage="50% (1/2)" missing-branches="2732"/>
						<line number="2731" hits="1"/>
						<line number="2732" hits="0" branch="true" condition-coverage="0% (0/2)" missing-branches="2733,2734"/>
						<line number="2733" hits="0"/>
						<line number="2734" hits="0" branch="true" condition-coverage="0% (0/2)" missing-branches="2735,2736"/>
						<line number="2735" hits="0"/>
						<line number="2736" hits="0" branch="true" condition-coverage="0% (0/2)" missing-branches="2737,2741"/>
						<line number="2737" hits="0"/>
						<line number="2741" hits="0" branch="true" condition-coverage="0% (0/2)" missing-branches="2742,2743"/>
						<line number="2742" hits="0"/>
						<line number="2743" hits="0" branch="true" condition-coverage="0% (0/2)" missing-branches="2744,2745"/>
						<line number="2744" hits="0"/>
						<line number="2745" hits="0" branch="true" condition-coverage="0% (0/2)" missing-branches="2746,2747"/>
						<line number="2746" hits="0"/>
						<line number="2747" hits="0" branch="true" condition-coverage="0% (0/2)" missing-branches="exit,2748"/>
						<line number="2748" hits="0"/>
						<line number="2750" hits="1"/>
						<line number="2751" hits="1"/>
						<line number="2755" hits="1" branch="true" condition-coverage="100% (2/2)"/>
						<line number="2756" hits="1" branch="true" condition-coverage="50% (1/2)" missing-branches="2757"/>
						<line number="2757" hits="0"/>
						<line number="2764" hits="1" branch="true" condition-coverage="50% (1/2)" missing-branches="2765"/>
						<line number="2765" hits="0"/>
						<line number="2769" hits="1" branch="true" condition-coverage="50% (1/2)" missing-branches="2770"/>
						<line number="2770" hits="0"/>
						<line number="2774" hits="1" branch="true" condition-coverage="50% (1/2)" missing-branches="2775"/>
						<line number="2775" hits="0"/>
						<line number="2777" hits="1"/>
						<line number="2778" hits="1"/>
						<line number="2783" hits="1"/>
						<line number="2787" hits="0"/>
						<line number="2790" hits="1"/>
						<line number="2795" hits="1"/>
						<line number="2816" hits="1"/>
						<line number="2817" hits="1"/>
						<line number="2818" hits="1"/>
						<line number="2819" hits="1"/>
						<line number="2820" hits="1"/>
						<line number="2822" hits="1"/>
						<line number="2823" hits="1"/>
						<line number="2867" hits="1" branch="true" condition-coverage="50% (1/2)" missing-branches="2868"/>
						<line number="2868" hits="0"/>
						<line number="2869" hits="1"/>
						<line number="2872" hits="1"/>
						<line number="2875" hits="1"/>
						<line number="2879" hits="1" branch="true" condition-coverage="100% (2/2)"/>
						<line number="2880" hits="1"/>
						<line number="2881" hits="1"/>
						<line number="2884" hits="1"/>
						<line number="2885" hits="1"/>
						<line number="2893" hits="1"/>
						<line number="2901" hits="1"/>
						<line number="2903" hits="1"/>
						<line number="2904" hits="1"/>
						<line number="2907" hits="1"/>
						<line number="2908" hits="1"/>
						<line number="2910" hits="1" branch="true" condition-coverage="50% (1/2)" missing-branches="2911"/>
						<line number="2911" hits="0"/>
						<line number="2912" hits="1" branch="true" condition-coverage="50% (1/2)" missing-branches="2917"/>
						<line number="2913" hits="1"/>
						<line number="2917" hits="0" branch="true" condition-coverage="0% (0/2)" missing-branches="2918,2919"/>
						<line number="2918" hits="0"/>
						<line number="2919" hits="0" branch="true" condition-coverage="0% (0/2)" missing-branches="2920,2924"/>
						<line number="2920" hits="0"/>
						<line number="2924" hits="0" branch="true" condition-coverage="0% (0/2)" missing-branches="2925,2929"/>
						<line number="2925" hits="0"/>
						<line number="2929" hits="0" branch="true" condition-coverage="0% (0/2)" missing-branches="2930,2934"/>
						<line number="2930" hits="0"/>
						<line number="2934" hits="0" branch="true" condition-coverage="0% (0/2)" missing-branches="2935,2936"/>
						<line number="2935" hits="0"/>
						<line number="2936" hits="0" branch="true" condition-coverage="0% (0/2)" missing-branches="2937,2941"/>
						<line number="2937" hits="0"/>
						<line number="2941" hits="0" branch="true" condition-coverage="0% (0/2)" missing-branches="exit,2942"/>
						<line number="2942" hits="0"/>
						<line number="2945" hits="1"/>
						<line number="2960" hits="1"/>
						<line number="2973" hits="1"/>
						<line number="2974" hits="1"/>
						<line number="2975" hits="1"/>
						<line number="2977" hits="1"/>
						<line number="2978" hits="1"/>
						<line number="3012" hits="1" branch="true" condition-coverage="50% (1/2)" missing-branches="3013"/>
						<line number="3013" hits="0"/>
						<line number="3014" hits="1"/>
						<line number="3016" hits="1"/>
						<line number="3020" hits="1" branch="true" condition-coverage="100% (2/2)"/>
						<line number="3021" hits="1" branch="true" condition-coverage="100% (2/2)"/>
						<line number="3022" hits="1"/>
						<line number="3024" hits="1" branch="true" condition-coverage="100% (2/2)"/>
						<line number="3025" hits="1"/>
						<line number="3026" hits="1"/>
						<line number="3028" hits="1"/>
						<line number="3029" hits="1"/>
						<line number="3032" hits="1"/>
						<line number="3043" hits="1"/>
						<line number="3069" hits="1"/>
						<line number="3070" hits="1"/>
						<line number="3071" hits="1"/>
						<line number="3073" hits="1"/>
						<line number="3074" hits="1"/>
						<line number="3075" hits="1"/>
						<line number="3076" hits="1"/>
						<line number="3077" hits="1"/>
						<line number="3078" hits="1"/>
						<line number="3080" hits="1"/>
						<line number="3081" hits="1"/>
						<line number="3117" hits="1" branch="true" condition-coverage="50% (1/2)" missing-branches="3118"/>
						<line number="3118" hits="0"/>
						<line number="3119" hits="1" branch="true" condition-coverage="100% (2/2)"/>
						<line number="3120" hits="1"/>
						<line number="3122" hits="1"/>
						<line number="3123" hits="1"/>
						<line number="3125" hits="1" branch="true" condition-coverage="50% (1/2)" missing-branches="3126"/>
						<line number="3126" hits="0"/>
						<line number="3127" hits="0"/>
						<line number="3129" hits="1" branch="true" condition-coverage="50% (1/2)" missing-branches="3130"/>
						<line number="3130" hits="0"/>
						<line number="3131" hits="0"/>
						<line number="3134" hits="1"/>
						<line number="3135" hits="1"/>
						<line number="3137" hits="1"/>
						<line number="3138" hits="1"/>
						<line number="3139" hits="1"/>
						<line number="3141" hits="1"/>
						<line number="3142" hits="1"/>
						<line number="3143" hits="1"/>
						<line number="3144" hits="1"/>
						<line number="3146" hits="1"/>
						<line number="3149" hits="1"/>
						<line number="3152" hits="1"/>
						<line number="3156" hits="1"/>
						<line number="3158" hits="1"/>
						<line number="3160" hits="1"/>
						<line number="3161" hits="1"/>
						<line number="3162" hits="1"/>
						<line number="3163" hits="1"/>
						<line number="3164" hits="1"/>
						<line number="3165" hits="1"/>
						<line number="3171" hits="1"/>
						<line number="3172" hits="1"/>
						<line number="3173" hits="1"/>
						<line number="3174" hits="1"/>
						<line number="3175" hits="1"/>
						<line number="3176" hits="1"/>
						<line number="3182" hits="1"/>
						<line number="3183" hits="1"/>
						<line number="3186" hits="1"/>
						<line number="3187" hits="1" branch="true" condition-coverage="50% (1/2)" missing-branches="3188"/>
						<line number="3188" hits="0"/>
						<line number="3190" hits="1"/>
						<line number="3191" hits="1"/>
						<line number="3193" hits="1" branch="true" condition-coverage="100% (2/2)"/>
						<line number="3194" hits="1"/>
						<line number="3195" hits="1"/>
						<line number="3196" hits="1"/>
						<line number="3198" hits="1"/>
						<line number="3199" hits="1"/>
						<line number="3202" hits="0"/>
						<line number="3203" hits="0" branch="true" condition-coverage="0% (0/2)" missing-branches="3204,3206"/>
						<line number="3204" hits="0"/>
						<line number="3206" hits="0"/>
						<line number="3208" hits="0" branch="true" condition-coverage="0% (0/2)" missing-branches="3209,3211"/>
						<line number="3209" hits="0"/>
						<line number="3210" hits="0"/>
						<line number="3211" hits="0"/>
						<line number="3213" hits="1"/>
						<line number="3214" hits="1"/>
						<line number="3217" hits="0"/>
						<line number="3218" hits="0" branch="true" condition-coverage="0% (0/2)" missing-branches="3219,3220"/>
						<line number="3219" hits="0"/>
						<line number="3220" hits="0"/>
						<line number="3222" hits="0" branch="true" condition-coverage="0% (0/2)" missing-branches="3223,3224"/>
						<line number="3223" hits="0"/>
						<line number="3224" hits="0"/>
						<line number="3226" hits="1"/>
						<line number="3234" hits="1"/>
						<line number="3235" hits="1"/>
						<line number="3236" hits="1"/>
						<line number="3237" hits="1"/>
						<line number="3239" hits="1"/>
						<line number="3240" hits="1"/>
						<line number="3241" hits="1"/>
						<line number="3242" hits="1"/>
						<line number="3243" hits="1"/>
						<line number="3245" hits="1"/>
						<line number="3251" hits="1"/>
						<line number="3252" hits="1" branch="true" condition-coverage="100% (2/2)"/>
						<line number="3253" hits="1" branch="true" condition-coverage="50% (1/2)" missing-branches="3256"/>
						<line number="3254" hits="1"/>
						<line number="3256" hits="0"/>
						<line number="3263" hits="0"/>
						<line number="3264" hits="0"/>
						<line number="3265" hits="0"/>
						<line number="3267" hits="0"/>
						<line number="3274" hits="0"/>
						<line number="3286" hits="0"/>
						<line number="3294" hits="0"/>
					</lines>
				</class>
				<class name="utils.py" filename="src/supervision/annotators/utils.py" complexity="0" line-rate="0.7083" branch-rate="0.6">
					<methods/>
					<lines>
						<line number="1" hits="1"/>
						<line number="3" hits="1"/>
						<line number="4" hits="1"/>
						<line number="5" hits="1"/>
						<line number="6" hits="1"/>
						<line number="8" hits="1"/>
						<line number="9" hits="1"/>
						<line number="10" hits="1"/>
						<line number="12" hits="1"/>
						<line number="13" hits="1"/>
						<line number="14" hits="1"/>
						<line number="15" hits="1"/>
						<line number="17" hits="1"/>
						<line number="18" hits="1"/>
						<line number="21" hits="1"/>
						<line number="31" hits="1"/>
						<line number="32" hits="1"/>
						<line number="33" hits="1"/>
						<line number="35" hits="1"/>
						<line number="36" hits="1"/>
						<line number="37" hits="0"/>
						<line number="40" hits="1"/>
						<line number="45" hits="1" branch="true" condition-coverage="100% (2/2)"/>
						<line number="46" hits="1"/>
						<line number="51" hits="1" branch="true" condition-coverage="100% (2/2)"/>
						<line number="52" hits="1" branch="true" condition-coverage="100% (2/2)"/>
						<line number="53" hits="1"/>
						<line number="57" hits="1"/>
						<line number="58" hits="1" branch="true" condition-coverage="100% (2/2)"/>
						<line number="59" hits="1"/>
						<line number="60" hits="1" branch="true" condition-coverage="100% (2/2)"/>
						<line number="61" hits="1" branch="true" condition-coverage="100% (2/2)"/>
						<line number="62" hits="1"/>
						<line number="68" hits="1"/>
						<line number="69" hits="1" branch="true" condition-coverage="50% (1/2)" missing-branches="77"/>
						<line number="70" hits="1" branch="true" condition-coverage="100% (2/2)"/>
						<line number="71" hits="1"/>
						<line number="76" hits="1"/>
						<line number="77" hits="0"/>
						<line number="80" hits="1"/>
						<line number="85" hits="1"/>
						<line number="86" hits="1"/>
						<line number="88" hits="1" branch="true" condition-coverage="50% (1/2)" missing-branches="90"/>
						<line number="89" hits="1"/>
						<line number="90" hits="0" branch="true" condition-coverage="0% (0/2)" missing-branches="91,92"/>
						<line number="91" hits="0"/>
						<line number="92" hits="0" branch="true" condition-coverage="0% (0/2)" missing-branches="93,99"/>
						<line number="93" hits="0"/>
						<line number="99" hits="0" branch="true" condition-coverage="0% (0/2)" missing-branches="100,106"/>
						<line number="100" hits="0"/>
						<line number="106" hits="0" branch="true" condition-coverage="0% (0/2)" missing-branches="107,108"/>
						<line number="107" hits="0"/>
						<line number="108" hits="0" branch="true" condition-coverage="0% (0/2)" missing-branches="109,110"/>
						<line number="109" hits="0"/>
						<line number="110" hits="0" branch="true" condition-coverage="0% (0/2)" missing-branches="111,117"/>
						<line number="111" hits="0"/>
						<line number="117" hits="0" branch="true" condition-coverage="0% (0/2)" missing-branches="118,124"/>
						<line number="118" hits="0"/>
						<line number="124" hits="0" branch="true" condition-coverage="0% (0/2)" missing-branches="exit,125"/>
						<line number="125" hits="0"/>
						<line number="133" hits="1"/>
						<line number="134" hits="1" branch="true" condition-coverage="100% (2/2)"/>
						<line number="135" hits="1"/>
						<line number="136" hits="1"/>
						<line number="139" hits="1"/>
						<line number="145" hits="1"/>
						<line number="150" hits="1" branch="true" condition-coverage="50% (1/2)" missing-branches="155"/>
						<line number="155" hits="0"/>
						<line number="156" hits="1"/>
						<line number="159" hits="1"/>
						<line number="172" hits="1" branch="true" condition-coverage="100% (2/2)"/>
						<line number="173" hits="1"/>
						<line number="175" hits="1" branch="true" condition-coverage="100% (2/2)"/>
						<line number="176" hits="1"/>
						<line number="178" hits="1" branch="true" condition-coverage="100% (2/2)"/>
						<line number="179" hits="1"/>
						<line number="181" hits="1" branch="true" condition-coverage="100% (2/2)"/>
						<line number="182" hits="1"/>
						<line number="184" hits="1"/>
						<line number="185" hits="1"/>
						<line number="187" hits="1" branch="true" condition-coverage="100% (2/2)"/>
						<line number="188" hits="1" branch="true" condition-coverage="50% (1/2)" missing-branches="189"/>
						<line number="189" hits="0"/>
						<line number="190" hits="0"/>
						<line number="192" hits="1"/>
						<line number="200" hits="1"/>
						<line number="202" hits="1"/>
						<line number="205" hits="1"/>
						<line number="218" hits="1" branch="true" condition-coverage="50% (1/2)" missing-branches="219"/>
						<line number="219" hits="0"/>
						<line number="226" hits="1"/>
						<line number="231" hits="1"/>
						<line number="232" hits="0"/>
						<line number="235" hits="1"/>
						<line number="252" hits="1" branch="true" condition-coverage="100% (2/2)"/>
						<line number="253" hits="1"/>
						<line number="255" hits="1"/>
						<line number="256" hits="1" branch="true" condition-coverage="50% (1/2)" missing-branches="257"/>
						<line number="257" hits="0" branch="true" condition-coverage="0% (0/2)" missing-branches="258,259"/>
						<line number="258" hits="0"/>
						<line number="259" hits="0" branch="true" condition-coverage="0% (0/2)" missing-branches="260,262"/>
						<line number="260" hits="0"/>
						<line number="262" hits="0"/>
						<line number="263" hits="1"/>
						<line number="266" hits="1"/>
						<line number="310" hits="0"/>
						<line number="311" hits="0"/>
						<line number="314" hits="0"/>
						<line number="315" hits="0"/>
						<line number="317" hits="0"/>
						<line number="318" hits="0"/>
						<line number="319" hits="0"/>
						<line number="322" hits="0"/>
						<line number="323" hits="0"/>
						<line number="325" hits="0"/>
						<line number="326" hits="0"/>
						<line number="327" hits="0"/>
						<line number="329" hits="0"/>
						<line number="332" hits="1"/>
						<line number="333" hits="1"/>
						<line number="339" hits="1"/>
						<line number="340" hits="1"/>
						<line number="341" hits="1"/>
						<line number="343" hits="1"/>
						<line number="344" hits="1"/>
						<line number="345" hits="1"/>
						<line number="347" hits="1"/>
						<line number="348" hits="1"/>
						<line number="351" hits="1"/>
						<line number="352" hits="1"/>
						<line number="358" hits="1" branch="true" condition-coverage="50% (1/2)" missing-branches="359"/>
						<line number="359" hits="0"/>
						<line number="364" hits="1"/>
						<line number="366" hits="1"/>
						<line number="368" hits="1" branch="true" condition-coverage="50% (1/2)" missing-branches="369"/>
						<line number="369" hits="0"/>
						<line number="370" hits="0"/>
						<line number="371" hits="0"/>
						<line number="372" hits="0"/>
						<line number="373" hits="0"/>
						<line number="375" hits="1"/>
						<line number="377" hits="1"/>
						<line number="378" hits="1"/>
						<line number="381" hits="1"/>
						<line number="384" hits="1"/>
						<line number="397" hits="1"/>
						<line number="398" hits="1" branch="true" condition-coverage="100% (2/2)"/>
						<line number="399" hits="1"/>
						<line number="400" hits="1" branch="true" condition-coverage="100% (2/2)"/>
						<line number="401" hits="1"/>
						<line number="402" hits="1"/>
						<line number="403" hits="1"/>
						<line number="404" hits="1"/>
						<line number="405" hits="1"/>
						<line number="406" hits="1"/>
						<line number="407" hits="1"/>
						<line number="408" hits="1"/>
						<line number="409" hits="1"/>
						<line number="412" hits="1"/>
						<line number="425" hits="1" branch="true" condition-coverage="100% (2/2)"/>
						<line number="426" hits="1"/>
						<line number="427" hits="1"/>
						<line number="430" hits="1"/>
						<line number="441" hits="1"/>
						<line number="444" hits="1"/>
						<line number="464" hits="0"/>
						<line number="467" hits="1"/>
						<line number="487" hits="0"/>
					</lines>
				</class>
			</classes>
		</package>
		<package name="src.supervision.assets" line-rate="1" branch-rate="1" complexity="0">
			<classes>
				<class name="__init__.py" filename="src/supervision/assets/__init__.py" complexity="0" line-rate="1" branch-rate="1">
					<methods/>
					<lines>
						<line number="1" hits="1"/>
						<line number="2" hits="1"/>
						<line number="4" hits="1"/>
					</lines>
				</class>
				<class name="downloader.py" filename="src/supervision/assets/downloader.py" complexity="0" line-rate="1" branch-rate="1">
					<methods/>
					<lines>
						<line number="1" hits="1"/>
						<line number="3" hits="1"/>
						<line number="4" hits="1"/>
						<line number="5" hits="1"/>
						<line number="6" hits="1"/>
						<line number="8" hits="1"/>
						<line number="9" hits="1"/>
						<line number="11" hits="1"/>
						<line number="12" hits="1"/>
						<line number="14" hits="1"/>
						<line number="17" hits="1"/>
						<line number="31" hits="1" branch="true" condition-coverage="100% (2/2)"/>
						<line number="32" hits="1"/>
						<line number="34" hits="1"/>
						<line number="35" hits="1"/>
						<line number="36" hits="1"/>
						<line number="38" hits="1"/>
						<line number="41" hits="1"/>
						<line number="63" hits="1"/>
						<line number="65" hits="1" branch="true" condition-coverage="100% (2/2)"/>
						<line number="66" hits="1" branch="true" condition-coverage="100% (2/2)"/>
						<line number="67" hits="1"/>
						<line number="68" hits="1"/>
						<line number="71" hits="1"/>
						<line number="73" hits="1"/>
						<line number="74" hits="1"/>
						<line number="75" hits="1"/>
						<line number="77" hits="1"/>
						<line number="80" hits="1"/>
						<line number="81" hits="1"/>
						<line number="83" hits="1" branch="true" condition-coverage="100% (2/2)"/>
						<line number="84" hits="1"/>
						<line number="85" hits="1"/>
						<line number="86" hits="1"/>
						<line number="88" hits="1"/>
						<line number="90" hits="1"/>
						<line number="91" hits="1"/>
						<line number="95" hits="1"/>
					</lines>
				</class>
				<class name="list.py" filename="src/supervision/assets/list.py" complexity="0" line-rate="1" branch-rate="1">
					<methods/>
					<lines>
						<line number="1" hits="1"/>
						<line number="3" hits="1"/>
						<line number="4" hits="1"/>
						<line number="7" hits="1"/>
						<line number="8" hits="1"/>
						<line number="9" hits="1"/>
						<line number="11" hits="1"/>
						<line number="12" hits="1"/>
						<line number="13" hits="1"/>
						<line number="14" hits="1"/>
						<line number="15" hits="1"/>
						<line number="16" hits="1"/>
						<line number="18" hits="1"/>
						<line number="19" hits="1"/>
						<line number="20" hits="1"/>
						<line number="23" hits="1"/>
						<line number="42" hits="1"/>
						<line number="43" hits="1"/>
						<line number="47" hits="1"/>
						<line number="48" hits="1"/>
						<line number="49" hits="1"/>
						<line number="50" hits="1"/>
						<line number="51" hits="1"/>
						<line number="52" hits="1"/>
						<line number="53" hits="1"/>
						<line number="54" hits="1"/>
						<line number="57" hits="1"/>
						<line number="69" hits="1"/>
						<line number="70" hits="1"/>
						<line number="73" hits="1"/>
					</lines>
				</class>
			</classes>
		</package>
		<package name="src.supervision.classification" line-rate="0.82" branch-rate="0.5833" complexity="0">
			<classes>
				<class name="__init__.py" filename="src/supervision/classification/__init__.py" complexity="0" line-rate="1" branch-rate="1">
					<methods/>
					<lines/>
				</class>
				<class name="core.py" filename="src/supervision/classification/core.py" complexity="0" line-rate="0.82" branch-rate="0.5833">
					<methods/>
					<lines>
						<line number="1" hits="1"/>
						<line number="3" hits="1"/>
						<line number="4" hits="1"/>
						<line number="6" hits="1"/>
						<line number="7" hits="1"/>
						<line number="13" hits="1"/>
						<line number="17" hits="1"/>
						<line number="18" hits="1" branch="true" condition-coverage="50% (1/2)" missing-branches="19"/>
						<line number="19" hits="0"/>
						<line number="22" hits="1"/>
						<line number="26" hits="1" branch="true" condition-coverage="50% (1/2)" missing-branches="exit"/>
						<line number="27" hits="1"/>
						<line number="28" hits="1" branch="true" condition-coverage="100% (2/2)"/>
						<line number="29" hits="1"/>
						<line number="32" hits="1"/>
						<line number="33" hits="1"/>
						<line number="34" hits="1"/>
						<line number="35" hits="1"/>
						<line number="37" hits="1"/>
						<line number="41" hits="1"/>
						<line number="43" hits="1"/>
						<line number="44" hits="1"/>
						<line number="46" hits="1"/>
						<line number="50" hits="0"/>
						<line number="52" hits="1"/>
						<line number="53" hits="1"/>
						<line number="81" hits="1"/>
						<line number="83" hits="1" branch="true" condition-coverage="50% (1/2)" missing-branches="89"/>
						<line number="84" hits="1"/>
						<line number="89" hits="0"/>
						<line number="90" hits="0"/>
						<line number="92" hits="1"/>
						<line number="93" hits="1"/>
						<line number="117" hits="0"/>
						<line number="118" hits="0"/>
						<line number="120" hits="1"/>
						<line number="121" hits="1"/>
						<line number="155" hits="1"/>
						<line number="157" hits="1" branch="true" condition-coverage="50% (1/2)" missing-branches="163"/>
						<line number="158" hits="1"/>
						<line number="163" hits="0"/>
						<line number="164" hits="0"/>
						<line number="166" hits="1"/>
						<line number="192" hits="1" branch="true" condition-coverage="50% (1/2)" missing-branches="193"/>
						<line number="193" hits="0"/>
						<line number="195" hits="1"/>
						<line number="196" hits="1"/>
						<line number="197" hits="1"/>
						<line number="198" hits="1"/>
						<line number="200" hits="1"/>
					</lines>
				</class>
			</classes>
		</package>
		<package name="src.supervision.dataset" line-rate="0.6622" branch-rate="0.5" complexity="0">
			<classes>
				<class name="__init__.py" filename="src/supervision/dataset/__init__.py" complexity="0" line-rate="1" branch-rate="1">
					<methods/>
					<lines/>
				</class>
				<class name="core.py" filename="src/supervision/dataset/core.py" complexity="0" line-rate="0.5789" branch-rate="0.3889">
					<methods/>
					<lines>
						<line number="1" hits="1"/>
						<line number="3" hits="1"/>
						<line number="4" hits="1"/>
						<line number="5" hits="1"/>
						<line number="6" hits="1"/>
						<line number="7" hits="1"/>
						<line number="8" hits="1"/>
						<line number="10" hits="1"/>
						<line number="11" hits="1"/>
						<line number="12" hits="1"/>
						<line number="14" hits="1"/>
						<line number="15" hits="1"/>
						<line number="16" hits="1"/>
						<line number="20" hits="1"/>
						<line number="24" hits="1"/>
						<line number="29" hits="1"/>
						<line number="36" hits="1"/>
						<line number="37" hits="1"/>
						<line number="38" hits="1"/>
						<line number="41" hits="1"/>
						<line number="42" hits="1"/>
						<line number="43" hits="1"/>
						<line number="44" hits="0"/>
						<line number="46" hits="1"/>
						<line number="47" hits="1"/>
						<line number="53" hits="0"/>
						<line number="56" hits="1"/>
						<line number="74" hits="1"/>
						<line number="80" hits="1"/>
						<line number="82" hits="1" branch="true" condition-coverage="50% (1/2)" missing-branches="83"/>
						<line number="83" hits="0"/>
						<line number="86" hits="1"/>
						<line number="88" hits="1" branch="true" condition-coverage="100% (2/2)"/>
						<line number="89" hits="1"/>
						<line number="90" hits="1" branch="true" condition-coverage="100% (2/2)"/>
						<line number="91" hits="1" branch="true" condition-coverage="50% (1/2)" missing-branches="90"/>
						<line number="92" hits="1"/>
						<line number="97" hits="1"/>
						<line number="99" hits="1"/>
						<line number="101" hits="1"/>
						<line number="103" hits="1" branch="true" condition-coverage="50% (1/2)" missing-branches="104"/>
						<line number="104" hits="0"/>
						<line number="105" hits="1"/>
						<line number="106" hits="1" branch="true" condition-coverage="50% (1/2)" missing-branches="107"/>
						<line number="107" hits="0"/>
						<line number="108" hits="1"/>
						<line number="110" hits="1"/>
						<line number="111" hits="1"/>
						<line number="113" hits="1"/>
						<line number="119" hits="1"/>
						<line number="120" hits="1"/>
						<line number="121" hits="1"/>
						<line number="122" hits="1"/>
						<line number="124" hits="1"/>
						<line number="131" hits="1" branch="true" condition-coverage="100% (2/2)"/>
						<line number="132" hits="1"/>
						<line number="133" hits="1"/>
						<line number="135" hits="1"/>
						<line number="136" hits="1" branch="true" condition-coverage="50% (1/2)" missing-branches="137"/>
						<line number="137" hits="0"/>
						<line number="139" hits="1" branch="true" condition-coverage="50% (1/2)" missing-branches="140"/>
						<line number="140" hits="0"/>
						<line number="142" hits="1" branch="true" condition-coverage="50% (1/2)" missing-branches="143"/>
						<line number="143" hits="0"/>
						<line number="145" hits="1" branch="true" condition-coverage="50% (1/2)" missing-branches="146"/>
						<line number="146" hits="0" branch="true" condition-coverage="0% (0/2)" missing-branches="150,152"/>
						<line number="150" hits="0"/>
						<line number="152" hits="1" branch="true" condition-coverage="50% (1/2)" missing-branches="153"/>
						<line number="153" hits="0"/>
						<line number="155" hits="1"/>
						<line number="157" hits="1"/>
						<line number="200" hits="1"/>
						<line number="209" hits="1" branch="true" condition-coverage="50% (1/2)" missing-branches="210"/>
						<line number="210" hits="0"/>
						<line number="211" hits="0"/>
						<line number="213" hits="1"/>
						<line number="214" hits="1"/>
						<line number="215" hits="1"/>
						<line number="216" hits="1"/>
						<line number="218" hits="1"/>
						<line number="223" hits="1"/>
						<line number="228" hits="1"/>
						<line number="230" hits="1"/>
						<line number="231" hits="1"/>
						<line number="279" hits="1"/>
						<line number="280" hits="1"/>
						<line number="282" hits="1"/>
						<line number="283" hits="1"/>
						<line number="285" hits="1"/>
						<line number="286" hits="1"/>
						<line number="287" hits="1" branch="true" condition-coverage="50% (1/2)" missing-branches="288"/>
						<line number="288" hits="0"/>
						<line number="292" hits="1"/>
						<line number="293" hits="1" branch="true" condition-coverage="100% (2/2)"/>
						<line number="294" hits="1"/>
						<line number="296" hits="1"/>
						<line number="299" hits="1"/>
						<line number="300" hits="1" branch="true" condition-coverage="100% (2/2)"/>
						<line number="301" hits="1"/>
						<line number="302" hits="1"/>
						<line number="305" hits="1"/>
						<line number="307" hits="1"/>
						<line number="311" hits="1"/>
						<line number="312" hits="1" branch="true" condition-coverage="100% (2/2)"/>
						<line number="313" hits="1"/>
						<line number="314" hits="1" branch="true" condition-coverage="100% (2/2)"/>
						<line number="315" hits="1"/>
						<line number="318" hits="1" branch="true" condition-coverage="100% (2/2)"/>
						<line number="319" hits="1"/>
						<line number="324" hits="1"/>
						<line number="330" hits="1"/>
						<line number="361" hits="0" branch="true" condition-coverage="0% (0/2)" missing-branches="362,366"/>
						<line number="362" hits="0"/>
						<line number="366" hits="0" branch="true" condition-coverage="0% (0/2)" missing-branches="exit,367"/>
						<line number="367" hits="0"/>
						<line number="368" hits="0" branch="true" condition-coverage="0% (0/2)" missing-branches="exit,369"/>
						<line number="369" hits="0"/>
						<line number="370" hits="0"/>
						<line number="373" hits="0"/>
						<line number="374" hits="0"/>
						<line number="384" hits="0"/>
						<line number="385" hits="0"/>
						<line number="387" hits="1"/>
						<line number="388" hits="1"/>
						<line number="431" hits="0"/>
						<line number="437" hits="0"/>
						<line number="441" hits="1"/>
						<line number="442" hits="1"/>
						<line number="493" hits="1"/>
						<line number="500" hits="1"/>
						<line number="504" hits="1"/>
						<line number="547" hits="1" branch="true" condition-coverage="50% (1/2)" missing-branches="552"/>
						<line number="552" hits="0"/>
						<line number="554" hits="0"/>
						<line number="561" hits="1" branch="true" condition-coverage="50% (1/2)" missing-branches="562"/>
						<line number="562" hits="0"/>
						<line number="565" hits="1" branch="true" condition-coverage="50% (1/2)" missing-branches="574"/>
						<line number="566" hits="1"/>
						<line number="574" hits="1" branch="true" condition-coverage="50% (1/2)" missing-branches="exit"/>
						<line number="575" hits="1"/>
						<line number="577" hits="1"/>
						<line number="578" hits="1"/>
						<line number="619" hits="1"/>
						<line number="624" hits="1"/>
						<line number="626" hits="1"/>
						<line number="709" hits="1" branch="true" condition-coverage="100% (2/2)"/>
						<line number="710" hits="1"/>
						<line number="713" hits="1" branch="true" condition-coverage="100% (2/2)"/>
						<line number="714" hits="1"/>
						<line number="723" hits="1"/>
						<line number="726" hits="1"/>
						<line number="727" hits="1"/>
						<line number="740" hits="1"/>
						<line number="746" hits="0"/>
						<line number="748" hits="0" branch="true" condition-coverage="0% (0/2)" missing-branches="749,752"/>
						<line number="749" hits="0"/>
						<line number="752" hits="0"/>
						<line number="755" hits="0"/>
						<line number="757" hits="0"/>
						<line number="758" hits="0" branch="true" condition-coverage="0% (0/2)" missing-branches="exit,759"/>
						<line number="759" hits="0"/>
						<line number="760" hits="0"/>
						<line number="766" hits="1"/>
						<line number="768" hits="0" branch="true" condition-coverage="0% (0/2)" missing-branches="769,770"/>
						<line number="769" hits="0"/>
						<line number="770" hits="0"/>
						<line number="771" hits="0" branch="true" condition-coverage="0% (0/2)" missing-branches="772,773"/>
						<line number="772" hits="0"/>
						<line number="773" hits="0"/>
						<line number="775" hits="1"/>
						<line number="776" hits="0"/>
						<line number="778" hits="1"/>
						<line number="784" hits="0"/>
						<line number="785" hits="0"/>
						<line number="786" hits="0"/>
						<line number="787" hits="0"/>
						<line number="789" hits="1"/>
						<line number="798" hits="0" branch="true" condition-coverage="0% (0/2)" missing-branches="exit,799"/>
						<line number="799" hits="0"/>
						<line number="800" hits="0"/>
						<line number="802" hits="1"/>
						<line number="803" hits="0" branch="true" condition-coverage="0% (0/2)" missing-branches="804,806"/>
						<line number="804" hits="0"/>
						<line number="806" hits="0" branch="true" condition-coverage="0% (0/2)" missing-branches="807,809"/>
						<line number="807" hits="0"/>
						<line number="809" hits="0" branch="true" condition-coverage="0% (0/2)" missing-branches="810,812"/>
						<line number="810" hits="0"/>
						<line number="812" hits="0" branch="true" condition-coverage="0% (0/2)" missing-branches="813,819"/>
						<line number="813" hits="0" branch="true" condition-coverage="0% (0/2)" missing-branches="817,819"/>
						<line number="817" hits="0"/>
						<line number="819" hits="0" branch="true" condition-coverage="0% (0/2)" missing-branches="820,822"/>
						<line number="820" hits="0"/>
						<line number="822" hits="0"/>
						<line number="824" hits="1"/>
						<line number="866" hits="0"/>
						<line number="875" hits="0" branch="true" condition-coverage="0% (0/2)" missing-branches="876,879"/>
						<line number="876" hits="0"/>
						<line number="877" hits="0"/>
						<line number="879" hits="0"/>
						<line number="880" hits="0"/>
						<line number="881" hits="0"/>
						<line number="882" hits="0"/>
						<line number="884" hits="0"/>
						<line number="889" hits="0"/>
						<line number="895" hits="0"/>
						<line number="897" hits="1"/>
						<line number="905" hits="0"/>
						<line number="907" hits="0" branch="true" condition-coverage="0% (0/2)" missing-branches="908,910"/>
						<line number="908" hits="0"/>
						<line number="910" hits="0" branch="true" condition-coverage="0% (0/2)" missing-branches="exit,911"/>
						<line number="911" hits="0"/>
						<line number="912" hits="0"/>
						<line number="917" hits="0"/>
						<line number="918" hits="0"/>
						<line number="919" hits="0"/>
						<line number="921" hits="1"/>
						<line number="922" hits="1"/>
						<line number="949" hits="0"/>
						<line number="950" hits="0"/>
						<line number="952" hits="0"/>
						<line number="953" hits="0"/>
						<line number="955" hits="0" branch="true" condition-coverage="0% (0/2)" missing-branches="956,965"/>
						<line number="956" hits="0"/>
						<line number="958" hits="0" branch="true" condition-coverage="0% (0/2)" missing-branches="955,959"/>
						<line number="959" hits="0"/>
						<line number="960" hits="0"/>
						<line number="961" hits="0"/>
						<line number="965" hits="0"/>
					</lines>
				</class>
				<class name="utils.py" filename="src/supervision/dataset/utils.py" complexity="0" line-rate="0.9296" branch-rate="0.9167">
					<methods/>
					<lines>
						<line number="1" hits="1"/>
						<line number="3" hits="1"/>
						<line number="4" hits="1"/>
						<line number="5" hits="1"/>
						<line number="6" hits="1"/>
						<line number="7" hits="1"/>
						<line number="8" hits="1"/>
						<line number="10" hits="1"/>
						<line number="11" hits="1"/>
						<line number="12" hits="1"/>
						<line number="13" hits="1"/>
						<line number="15" hits="1"/>
						<line number="16" hits="1"/>
						<line number="17" hits="1"/>
						<line number="20" hits="1"/>
						<line number="23" hits="1"/>
						<line number="29" hits="1"/>
						<line number="30" hits="1"/>
						<line number="34" hits="0"/>
						<line number="37" hits="1"/>
						<line number="38" hits="1"/>
						<line number="43" hits="0"/>
						<line number="49" hits="1"/>
						<line number="52" hits="1"/>
						<line number="58" hits="1"/>
						<line number="59" hits="1"/>
						<line number="60" hits="1"/>
						<line number="61" hits="1"/>
						<line number="63" hits="1"/>
						<line number="64" hits="1" branch="true" condition-coverage="100% (2/2)"/>
						<line number="65" hits="1"/>
						<line number="69" hits="1"/>
						<line number="74" hits="1"/>
						<line number="80" hits="1"/>
						<line number="81" hits="1"/>
						<line number="83" hits="1" branch="true" condition-coverage="100% (2/2)"/>
						<line number="84" hits="1" branch="true" condition-coverage="100% (2/2)"/>
						<line number="85" hits="1"/>
						<line number="87" hits="1"/>
						<line number="90" hits="1"/>
						<line number="94" hits="1"/>
[...]
						<line number="125" hits="1"/>
						<line number="126" hits="1"/>
						<line number="128" hits="1"/>
						<line number="132" hits="1"/>
						<line number="133" hits="1"/>
						<line number="140" hits="1"/>
						<line number="141" hits="1"/>
						<line number="142" hits="1"/>
						<line number="143" hits="1"/>
						<line number="144" hits="1"/>
						<line number="145" hits="1"/>
						<line number="147" hits="1"/>
						<line number="149" hits="1"/>
						<line number="150" hits="1"/>
						<line number="154" hits="1"/>
						<line number="155" hits="1"/>
						<line number="157" hits="1"/>
						<line number="159" hits="1"/>
						<line number="160" hits="1"/>
						<line number="164" hits="1"/>
						<line number="166" hits="1"/>
						<line number="170" hits="1"/>
						<line number="171" hits="1"/>
						<line number="175" hits="1"/>
						<line number="177" hits="1"/>
						<line number="181" hits="1"/>
						<line number="182" hits="1"/>
						<line number="187" hits="1"/>
						<line number="188" hits="1"/>
						<line number="190" hits="1"/>
						<line number="192" hits="1"/>
						<line number="195" hits="1"/>
						<line number="196" hits="1"/>
						<line number="198" hits="1"/>
						<line number="202" hits="1"/>
						<line number="204" hits="1"/>
						<line number="205" hits="1"/>
						<line number="208" hits="1"/>
						<line number="209" hits="1"/>
						<line number="211" hits="1"/>
						<line number="217" hits="1"/>
						<line number="229" hits="1"/>
						<line number="241" hits="1"/>
						<line number="242" hits="1"/>
						<line number="245" hits="1"/>
					</lines>
				</class>
			</classes>
		</package>
		<package name="tests.tracker" line-rate="1" branch-rate="1" complexity="0">
			<classes>
				<class name="__init__.py" filename="tests/tracker/__init__.py" complexity="0" line-rate="1" branch-rate="1">
					<methods/>
					<lines/>
				</class>
				<class name="test_byte_tracker.py" filename="tests/tracker/test_byte_tracker.py" complexity="0" line-rate="1" branch-rate="1">
					<methods/>
					<lines>
						<line number="1" hits="1"/>
						<line number="2" hits="1"/>
						<line number="4" hits="1"/>
						<line number="7" hits="1"/>
						<line number="32" hits="1"/>
						<line number="36" hits="1"/>
						<line number="37" hits="1"/>
						<line number="38" hits="1"/>
						<line number="41" hits="1"/>
						<line number="42" hits="1"/>
						<line number="43" hits="1"/>
						<line number="51" hits="1"/>
						<line number="59" hits="1"/>
						<line number="61" hits="1"/>
						<line number="62" hits="1"/>
						<line number="63" hits="1"/>
					</lines>
				</class>
			</classes>
		</package>
		<package name="tests.utils" line-rate="0.9514" branch-rate="1" complexity="0">
			<classes>
				<class name="__init__.py" filename="tests/utils/__init__.py" complexity="0" line-rate="1" branch-rate="1">
					<methods/>
					<lines/>
				</class>
				<class name="conftest.py" filename="tests/utils/conftest.py" complexity="0" line-rate="0.7414" branch-rate="1">
					<methods/>
					<lines>
						<line number="1" hits="1"/>
						<line number="3" hits="1"/>
						<line number="4" hits="1"/>
						<line number="5" hits="1"/>
						<line number="6" hits="1"/>
						<line number="8" hits="1"/>
						<line number="9" hits="1"/>
						<line number="12" hits="1"/>
						<line number="13" hits="1"/>
						<line number="14" hits="1"/>
						<line number="17" hits="1"/>
						<line number="18" hits="1"/>
						<line number="19" hits="1"/>
						<line number="22" hits="1"/>
						<line number="23" hits="1"/>
						<line number="24" hits="0"/>
						<line number="27" hits="1"/>
						<line number="28" hits="1"/>
						<line number="29" hits="0"/>
						<line number="32" hits="1"/>
						<line number="33" hits="1"/>
						<line number="34" hits="0"/>
						<line number="37" hits="1"/>
						<line number="38" hits="1"/>
						<line number="39" hits="0"/>
						<line number="42" hits="1"/>
						<line number="43" hits="1"/>
						<line number="44" hits="0"/>
						<line number="47" hits="1"/>
						<line number="48" hits="1"/>
						<line number="49" hits="0"/>
						<line number="52" hits="1"/>
						<line number="53" hits="1"/>
						<line number="54" hits="0"/>
						<line number="57" hits="1"/>
						<line number="58" hits="1"/>
						<line number="59" hits="0"/>
						<line number="62" hits="1"/>
						<line number="63" hits="1"/>
						<line number="64" hits="0"/>
						<line number="67" hits="1"/>
						<line number="68" hits="1"/>
						<line number="69" hits="0"/>
						<line number="72" hits="1"/>
						<line number="73" hits="1"/>
						<line number="74" hits="0"/>
						<line number="77" hits="1"/>
						<line number="78" hits="1"/>
						<line number="79" hits="0"/>
						<line number="82" hits="1"/>
						<line number="83" hits="1"/>
						<line number="84" hits="0"/>
						<line number="87" hits="1"/>
						<line number="88" hits="1"/>
						<line number="89" hits="0"/>
						<line number="94" hits="1"/>
						<line number="95" hits="1"/>
						<line number="96" hits="0"/>
					</lines>
				</class>
				<class name="test_conversion.py" filename="tests/utils/test_conversion.py" complexity="0" line-rate="1" branch-rate="1">
					<methods/>
					<lines>
						<line number="1" hits="1"/>
						<line number="2" hits="1"/>
						<line number="4" hits="1"/>
						<line number="12" hits="1"/>
						<line number="16" hits="1"/>
						<line number="17" hits="1"/>
						<line number="19" hits="1"/>
						<line number="20" hits="1"/>
						<line number="25" hits="1"/>
						<line number="28" hits="1"/>
						<line number="31" hits="1"/>
						<line number="34" hits="1"/>
						<line number="37" hits="1"/>
						<line number="44" hits="1"/>
						<line number="45" hits="1"/>
						<line number="51" hits="1"/>
						<line number="55" hits="1"/>
						<line number="56" hits="1"/>
						<line number="58" hits="1"/>
						<line number="59" hits="1"/>
						<line number="64" hits="1"/>
						<line number="67" hits="1"/>
						<line number="70" hits="1"/>
						<line number="73" hits="1"/>
						<line number="76" hits="1"/>
						<line number="83" hits="1"/>
						<line number="86" hits="1"/>
						<line number="90" hits="1"/>
						<line number="93" hits="1"/>
						<line number="94" hits="1"/>
						<line number="99" hits="1"/>
						<line number="103" hits="1"/>
						<line number="106" hits="1"/>
						<line number="111" hits="1"/>
						<line number="113" hits="1"/>
						<line number="116" hits="1"/>
						<line number="119" hits="1"/>
						<line number="123" hits="1"/>
						<line number="126" hits="1"/>
						<line number="129" hits="1"/>
						<line number="130" hits="1" branch="true" condition-coverage="100% (2/2)"/>
						<line number="131" hits="1"/>
						<line number="136" hits="1"/>
						<line number="141" hits="1"/>
						<line number="144" hits="1"/>
						<line number="147" hits="1"/>
						<line number="148" hits="1" branch="true" condition-coverage="100% (2/2)"/>
						<line number="149" hits="1"/>
						<line number="154" hits="1"/>
						<line number="159" hits="1"/>
						<line number="162" hits="1"/>
						<line number="165" hits="1"/>
						<line number="166" hits="1"/>
						<line number="169" hits="1"/>
					</lines>
				</class>
				<class name="test_file.py" filename="tests/utils/test_file.py" complexity="0" line-rate="1" branch-rate="1">
					<methods/>
					<lines>
						<line number="1" hits="1"/>
						<line number="3" hits="1"/>
						<line number="4" hits="1"/>
						<line number="5" hits="1"/>
						<line number="7" hits="1"/>
						<line number="9" hits="1"/>
						<line number="11" hits="1"/>
						<line number="16" hits="1"/>
						<line number="22" hits="1"/>
						<line number="30" hits="1"/>
						<line number="31" hits="1"/>
						<line number="32" hits="1"/>
						<line number="33" hits="1"/>
						<line number="34" hits="1"/>
						<line number="35" hits="1"/>
						<line number="36" hits="1"/>
						<line number="37" hits="1"/>
						<line number="39" hits="1"/>
						<line number="41" hits="1"/>
						<line number="42" hits="1"/>
						<line number="43" hits="1"/>
						<line number="46" hits="1"/>
						<line number="62" hits="1"/>
						<line number="68" hits="1"/>
						<line number="69" hits="1"/>
						<line number="70" hits="1"/>
						<line number="73" hits="1"/>
						<line number="94" hits="1"/>
						<line number="101" hits="1" branch="true" condition-coverage="100% (2/2)"/>
						<line number="102" hits="1"/>
						<line number="104" hits="1"/>
						<line number="106" hits="1"/>
					</lines>
				</class>
				<class name="test_image.py" filename="tests/utils/test_image.py" complexity="0" line-rate="1" branch-rate="1">
					<methods/>
					<lines>
						<line number="1" hits="1"/>
						<line number="2" hits="1"/>
						<line number="3" hits="1"/>
						<line number="5" hits="1"/>
						<line number="13" hits="1"/>
						<line number="15" hits="1"/>
						<line number="16" hits="1"/>
						<line number="19" hits="1"/>
						<line number="26" hits="1"/>
						<line number="31" hits="1"/>
						<line number="33" hits="1"/>
						<line number="34" hits="1"/>
						<line number="37" hits="1"/>
						<line number="44" hits="1"/>
						<line number="45" hits="1"/>
						<line number="46" hits="1"/>
						<line number="51" hits="1"/>
						<line number="53" hits="1"/>
						<line number="54" hits="1"/>
						<line number="64" hits="1"/>
						<line number="69" hits="1"/>
						<line number="75" hits="1"/>
						<line number="76" hits="1"/>
						<line number="77" hits="1"/>
						<line number="86" hits="1"/>
						<line number="88" hits="1"/>
						<line number="89" hits="1"/>
						<line number="92" hits="1"/>
						<line number="95" hits="1"/>
						<line number="96" hits="1"/>
						<line number="97" hits="1"/>
						<line number="100" hits="1"/>
						<line number="103" hits="1"/>
						<line number="104" hits="1"/>
						<line number="105" hits="1"/>
						<line number="106" hits="1"/>
						<line number="107" hits="1"/>
						<line number="110" hits="1"/>
						<line number="112" hits="1"/>
						<line number="113" hits="1"/>
						<line number="125" hits="1"/>
						<line number="130" hits="1"/>
						<line number="134" hits="1"/>
						<line number="135" hits="1"/>
						<line number="140" hits="1"/>
						<line number="169" hits="1"/>
						<line number="170" hits="1"/>
						<line number="171" hits="1" branch="true" condition-coverage="100% (2/2)"/>
						<line number="172" hits="1"/>
						<line number="173" hits="1"/>
						<line number="174" hits="1"/>
						<line number="176" hits="1"/>
						<line number="177" hits="1"/>
						<line number="180" hits="1"/>
						<line number="193" hits="1"/>
						<line number="194" hits="1"/>
						<line number="195" hits="1"/>
					</lines>
				</class>
				<class name="test_internal.py" filename="tests/utils/test_internal.py" complexity="0" line-rate="0.8966" branch-rate="1">
					<methods/>
					<lines>
						<line number="1" hits="1"/>
						<line number="2" hits="1"/>
						<line number="3" hits="1"/>
						<line number="5" hits="1"/>
						<line number="6" hits="1"/>
						<line number="8" hits="1"/>
						<line number="9" hits="1"/>
						<line number="12" hits="1"/>
						<line number="13" hits="1"/>
						<line number="14" hits="1"/>
						<line number="15" hits="1"/>
						<line number="16" hits="1"/>
						<line number="18" hits="1"/>
						<line number="19" hits="0"/>
						<line number="21" hits="1"/>
						<line number="22" hits="0"/>
						<line number="24" hits="1"/>
						<line number="25" hits="0"/>
						<line number="27" hits="1"/>
						<line number="28" hits="1"/>
						<line number="29" hits="1"/>
						<line number="31" hits="1"/>
						<line number="32" hits="1"/>
						<line number="33" hits="1"/>
						<line number="35" hits="1"/>
						<line number="36" hits="1"/>
						<line number="37" hits="1"/>
						<line number="40" hits="1"/>
						<line number="41" hits="1"/>
						<line number="42" hits="1"/>
						<line number="43" hits="1"/>
						<line number="44" hits="1"/>
						<line number="46" hits="1"/>
						<line number="47" hits="1"/>
						<line number="48" hits="1"/>
						<line number="50" hits="1"/>
						<line number="51" hits="1"/>
						<line number="52" hits="1"/>
						<line number="54" hits="1"/>
						<line number="55" hits="0"/>
						<line number="57" hits="1"/>
						<line number="58" hits="0"/>
						<line number="60" hits="1"/>
						<line number="61" hits="0"/>
						<line number="63" hits="1"/>
						<line number="64" hits="1"/>
						<line number="65" hits="1"/>
						<line number="67" hits="1"/>
						<line number="68" hits="1"/>
						<line number="69" hits="1"/>
						<line number="71" hits="1"/>
						<line number="72" hits="1"/>
						<line number="73" hits="1"/>
						<line number="76" hits="1"/>
						<line number="189" hits="1"/>
						<line number="195" hits="1"/>
						<line number="196" hits="1"/>
						<line number="199" hits="1"/>
					</lines>
				</class>
				<class name="test_iterables.py" filename="tests/utils/test_iterables.py" complexity="0" line-rate="1" branch-rate="1">
					<methods/>
					<lines>
						<line number="1" hits="1"/>
						<line number="3" hits="1"/>
						<line number="6" hits="1"/>
						<line number="21" hits="1"/>
						<line number="22" hits="1"/>
						<line number="23" hits="1"/>
						<line number="26" hits="1"/>
						<line number="41" hits="1"/>
						<line number="42" hits="1"/>
						<line number="43" hits="1"/>
					</lines>
				</class>
				<class name="test_logger.py" filename="tests/utils/test_logger.py" complexity="0" line-rate="1" branch-rate="1">
					<methods/>
					<lines>
						<line number="1" hits="1"/>
						<line number="3" hits="1"/>
						<line number="4" hits="1"/>
						<line number="5" hits="1"/>
						<line number="7" hits="1"/>
						<line number="10" hits="1"/>
						<line number="11" hits="1"/>
						<line number="13" hits="1"/>
						<line number="14" hits="1"/>
						<line number="16" hits="1"/>
						<line number="18" hits="1"/>
						<line number="19" hits="1"/>
						<line number="21" hits="1"/>
						<line number="23" hits="1"/>
						<line number="25" hits="1"/>
						<line number="26" hits="1"/>
						<line number="28" hits="1"/>
						<line number="30" hits="1"/>
						<line number="31" hits="1"/>
						<line number="33" hits="1"/>
						<line number="35" hits="1"/>
						<line number="36" hits="1"/>
						<line number="37" hits="1"/>
						<line number="39" hits="1"/>
						<line number="41" hits="1"/>
						<line number="42" hits="1"/>
						<line number="43" hits="1"/>
						<line number="45" hits="1"/>
						<line number="47" hits="1"/>
						<line number="48" hits="1"/>
						<line number="50" hits="1"/>
						<line number="52" hits="1"/>
						<line number="53" hits="1"/>
						<line number="58" hits="1"/>
						<line number="60" hits="1"/>
						<line number="62" hits="1"/>
						<line number="63" hits="1"/>
						<line number="68" hits="1"/>
						<line number="70" hits="1"/>
						<line number="72" hits="1"/>
						<line number="73" hits="1"/>
						<line number="75" hits="1"/>
						<line number="77" hits="1"/>
						<line number="78" hits="1"/>
						<line number="79" hits="1"/>
						<line number="80" hits="1"/>
						<line number="81" hits="1"/>
						<line number="82" hits="1"/>
					</lines>
				</class>
				<class name="test_video.py" filename="tests/utils/test_video.py" complexity="0" line-rate="1" branch-rate="1">
					<methods/>
					<lines>
						<line number="1" hits="1"/>
						<line number="2" hits="1"/>
						<line number="3" hits="1"/>
						<line number="5" hits="1"/>
						<line number="6" hits="1"/>
						<line number="7" hits="1"/>
						<line number="9" hits="1"/>
						<line number="17" hits="1"/>
						<line number="18" hits="1"/>
						<line number="19" hits="1"/>
						<line number="20" hits="1"/>
						<line number="21" hits="1"/>
						<line number="22" hits="1" branch="true" condition-coverage="100% (2/2)"/>
						<line number="23" hits="1"/>
						<line number="24" hits="1"/>
						<line number="25" hits="1"/>
						<line number="26" hits="1"/>
						<line number="29" hits="1"/>
						<line number="37" hits="1"/>
						<line number="39" hits="1"/>
						<line number="40" hits="1" branch="true" condition-coverage="100% (2/2)"/>
						<line number="41" hits="1"/>
						<line number="42" hits="1"/>
						<line number="44" hits="1"/>
						<line number="45" hits="1"/>
						<line number="52" hits="1"/>
						<line number="60" hits="1"/>
						<line number="62" hits="1"/>
						<line number="63" hits="1"/>
						<line number="66" hits="1"/>
						<line number="70" hits="1"/>
						<line number="73" hits="1"/>
						<line number="80" hits="1"/>
						<line number="82" hits="1"/>
						<line number="83" hits="1" branch="true" condition-coverage="100% (2/2)"/>
						<line number="84" hits="1"/>
						<line number="85" hits="1"/>
						<line number="87" hits="1"/>
						<line number="88" hits="1"/>
						<line number="97" hits="1"/>
						<line number="105" hits="1"/>
						<line number="106" hits="1"/>
						<line number="108" hits="1"/>
						<line number="109" hits="1"/>
						<line number="110" hits="1"/>
						<line number="112" hits="1"/>
						<line number="119" hits="1"/>
						<line number="120" hits="1"/>
						<line number="123" hits="1"/>
						<line number="131" hits="1"/>
						<line number="133" hits="1"/>
						<line number="134" hits="1"/>
						<line number="137" hits="1"/>
						<line number="145" hits="1"/>
						<line number="148" hits="1"/>
						<line number="156" hits="1"/>
						<line number="157" hits="1"/>
						<line number="158" hits="1"/>
						<line number="159" hits="1"/>
						<line number="160" hits="1"/>
						<line number="161" hits="1"/>
						<line number="162" hits="1"/>
						<line number="165" hits="1"/>
						<line number="173" hits="1"/>
						<line number="175" hits="1"/>
						<line number="176" hits="1" branch="true" condition-coverage="100% (2/2)"/>
						<line number="177" hits="1"/>
						<line number="178" hits="1"/>
						<line number="180" hits="1"/>
						<line number="182" hits="1"/>
						<line number="183" hits="1"/>
						<line number="184" hits="1"/>
						<line number="185" hits="1"/>
						<line number="188" hits="1"/>
						<line number="196" hits="1"/>
						<line number="197" hits="1"/>
						<line number="198" hits="1"/>
						<line number="199" hits="1"/>
						<line number="200" hits="1"/>
						<line number="203" hits="1"/>
						<line number="211" hits="1"/>
						<line number="212" hits="1"/>
						<line number="213" hits="1"/>
						<line number="216" hits="1"/>
						<line number="224" hits="1"/>
						<line number="226" hits="1"/>
						<line number="227" hits="1"/>
						<line number="233" hits="1"/>
						<line number="238" hits="1"/>
						<line number="246" hits="1"/>
						<line number="248" hits="1"/>
						<line number="249" hits="1"/>
						<line number="254" hits="1"/>
						<line number="257" hits="1"/>
						<line number="273" hits="1"/>
						<line number="277" hits="1"/>
						<line number="278" hits="1"/>
						<line number="279" hits="1"/>
						<line number="281" hits="1"/>
						<line number="285" hits="1"/>
						<line number="287" hits="1"/>
						<line number="290" hits="1"/>
						<line number="292" hits="1"/>
						<line number="293" hits="1"/>
						<line number="295" hits="1"/>
						<line number="296" hits="1"/>
						<line number="297" hits="1"/>
						<line number="299" hits="1"/>
						<line number="304" hits="1"/>
						<line number="306" hits="1"/>
						<line number="307" hits="1"/>
						<line number="310" hits="1"/>
						<line number="318" hits="1"/>
						<line number="319" hits="1"/>
						<line number="320" hits="1"/>
					</lines>
				</class>
			</classes>
		</package>
	</packages>
</coverage>
