<?xml version="1.0" encoding="utf-8"?><testsuites name="pytest tests"><testsuite name="pytest" errors="0" failures="4" skipped="0" tests="2068" time="69.783" timestamp="2026-06-25T18:52:41.205239-03:00" hostname="EdvDev"><testcase classname="tests.annotators.test_core" name="test_hex_color_support_across_annotators[&lt;lambda&gt;-expected_colors0]" time="0.004" /><testcase classname="tests.annotators.test_core" name="test_hex_color_support_across_annotators[&lt;lambda&gt;-expected_colors1]" time="0.001" /><testcase classname="tests.annotators.test_core" name="test_hex_color_support_across_annotators[&lt;lambda&gt;-expected_colors2]" time="0.001" /><testcase classname="tests.annotators.test_core" name="test_hex_color_support_across_annotators[&lt;lambda&gt;-expected_colors3]" time="0.001" /><testcase classname="tests.annotators.test_core" name="test_hex_color_support_across_annotators[&lt;lambda&gt;-expected_colors4]" time="0.001" /><testcase classname="tests.annotators.test_core" name="test_hex_color_support_across_annotators[&lt;lambda&gt;-expected_colors5]" time="0.001" /><testcase classname="tests.annotators.test_core" name="test_hex_color_support_across_annotators[&lt;lambda&gt;-expected_colors6]" time="0.001" /><testcase classname="tests.annotators.test_core" name="test_hex_color_support_across_annotators[&lt;lambda&gt;-expected_colors7]" time="0.001" /><testcase classname="tests.annotators.test_core" name="test_hex_color_support_across_annotators[&lt;lambda&gt;-expected_colors8]" time="0.001" /><testcase classname="tests.annotators.test_core" name="test_hex_color_support_across_annotators[&lt;lambda&gt;-expected_colors9]" time="0.002" /><testcase classname="tests.annotators.test_core" name="test_hex_color_support_across_annotators[&lt;lambda&gt;-expected_colors10]" time="0.002" /><testcase classname="tests.annotators.test_core" name="test_hex_color_support_across_annotators[&lt;lambda&gt;-expected_colors11]" time="0.004" /><testcase classname="tests.annotators.test_core" name="test_hex_color_support_across_annotators[&lt;lambda&gt;-expected_colors12]" time="0.001" /><testcase classname="tests.annotators.test_core" name="test_hex_color_support_across_annotators[&lt;lambda&gt;-expected_colors13]" time="0.001" /><testcase classname="tests.annotators.test_core" name="test_hex_color_support_across_annotators[&lt;lambda&gt;-expected_colors14]" time="0.001" /><testcase classname="tests.annotators.test_core" name="test_hex_color_support_across_annotators[&lt;lambda&gt;-expected_colors15]" time="0.001" /><testcase classname="tests.annotators.test_core" name="test_hex_color_support_across_annotators[&lt;lambda&gt;-expected_colors16]" time="0.001" /><testcase classname="tests.annotators.test_core.TestBoxAnnotator" name="test_annotate_with_no_detections" time="0.001" /><testcase classname="tests.annotators.test_core.TestBoxAnnotator" name="test_annotate_with_single_detection" time="0.001" /><testcase classname="tests.annotators.test_core.TestBoxAnnotator" name="test_annotate_with_multiple_detections" time="0.001" /><testcase classname="tests.annotators.test_core.TestBoxAnnotator" name="test_annotate_with_numpy_color_lookup" time="0.001" /><testcase classname="tests.annotators.test_core.TestOrientedBoxAnnotator" name="test_annotate_with_no_detections" time="0.001" /><testcase classname="tests.annotators.test_core.TestOrientedBoxAnnotator" name="test_annotate_without_oriented_boxes" time="0.001" /><testcase classname="tests.annotators.test_core.TestMaskAnnotator" name="test_annotate_with_no_detections" time="0.001" /><testcase classname="tests.annotators.test_core.TestMaskAnnotator" name="test_annotate_without_masks" time="0.001" /><testcase classname="tests.annotators.test_core.TestMaskAnnotator" name="test_annotate_with_single_mask" time="0.002" /><testcase classname="tests.annotators.test_core.TestMaskAnnotator" name="test_annotate_uint8_mask_matches_bool_mask" time="0.002" /><testcase classname="tests.annotators.test_core.TestPolygonAnnotator" name="test_annotate_with_no_detections" time="0.001" /><testcase classname="tests.annotators.test_core.TestPolygonAnnotator" name="test_annotate_without_masks" time="0.001" /><testcase classname="tests.annotators.test_core.TestPolygonAnnotator" name="test_annotate_with_single_mask" time="0.005" /><testcase classname="tests.annotators.test_core.TestColorAnnotator" name="test_annotate_with_no_detections" time="0.001" /><testcase classname="tests.annotators.test_core.TestColorAnnotator" name="test_annotate_with_single_detection" time="0.001" /><testcase classname="tests.annotators.test_core.TestHaloAnnotator" name="test_annotate_with_no_detections" time="0.001" /><testcase classname="tests.annotators.test_core.TestHaloAnnotator" name="test_annotate_without_masks" time="0.001" /><testcase classname="tests.annotators.test_core.TestHaloAnnotator" name="test_annotate_with_single_mask" time="0.007" /><testcase classname="tests.annotators.test_core.TestHaloAnnotator" name="test_annotate_uint8_mask_matches_bool_mask" time="0.003" /><testcase classname="tests.annotators.test_core.TestHaloAnnotator" name="test_annotate_with_all_false_mask_preserves_scene" time="0.002" /><testcase classname="tests.annotators.test_core.TestPaintMasksByArea" name="test_paint_masks_by_area_is_noop_without_masks" time="0.001" /><testcase classname="tests.annotators.test_core.TestPaintMasksByArea" name="test_union_accumulation_dense" time="0.001" /><testcase classname="tests.annotators.test_core.TestPaintMasksByArea" name="test_union_accumulation_compact" time="0.002" /><testcase classname="tests.annotators.test_core.TestPaintMasksByArea" name="test_compact_mask_drops_pixels_outside_bbox" time="0.002" /><testcase classname="tests.annotators.test_core.TestCompactMaskParity" name="test_annotator_compact_mask_matches_dense_mask[mask]" time="0.005" /><testcase classname="tests.annotators.test_core.TestCompactMaskParity" name="test_annotator_compact_mask_matches_dense_mask[halo]" time="0.005" /><testcase classname="tests.annotators.test_core.TestCompactMaskParity" name="test_annotator_compact_mask_handles_edge_clipping" time="0.002" /><testcase classname="tests.annotators.test_core.TestHeatMapAnnotator" name="test_annotate_with_no_detections_does_not_warn" time="0.003" /><testcase classname="tests.annotators.test_core.TestHeatMapAnnotator" name="test_annotate_with_single_detection" time="0.002" /><testcase classname="tests.annotators.test_core.TestHeatMapAnnotator" name="test_annotate_state_preserved_after_empty_call" time="0.002" /><testcase classname="tests.annotators.test_core.TestHeatMapAnnotator" name="test_annotate_empty_after_real_does_not_warn" time="0.001" /><testcase classname="tests.annotators.test_core.TestEllipseAnnotator" name="test_annotate_with_no_detections" time="0.001" /><testcase classname="tests.annotators.test_core.TestEllipseAnnotator" name="test_annotate_with_single_detection" time="0.002" /><testcase classname="tests.annotators.test_core.TestBoxCornerAnnotator" name="test_annotate_with_no_detections" time="0.001" /><testcase classname="tests.annotators.test_core.TestBoxCornerAnnotator" name="test_annotate_with_single_detection" time="0.002" /><testcase classname="tests.annotators.test_core.TestCircleAnnotator" name="test_annotate_with_no_detections" time="0.001" /><testcase classname="tests.annotators.test_core.TestCircleAnnotator" name="test_annotate_with_single_detection" time="0.001" /><testcase classname="tests.annotators.test_core.TestDotAnnotator" name="test_annotate_with_no_detections" time="0.001" /><testcase classname="tests.annotators.test_core.TestDotAnnotator" name="test_annotate_with_single_detection" time="0.001" /><testcase classname="tests.annotators.test_core.TestLabelAnnotator" name="test_annotate_with_no_detections" time="0.001" /><testcase classname="tests.annotators.test_core.TestLabelAnnotator" name="test_annotate_with_single_detection" time="0.002" /><testcase classname="tests.annotators.test_core.TestRichLabelAnnotator" name="test_annotate_with_no_detections" time="0.003" /><testcase classname="tests.annotators.test_core.TestRichLabelAnnotator" name="test_annotate_with_single_detection" time="0.008" /><testcase classname="tests.annotators.test_core.TestBlurAnnotator" name="test_annotate_with_no_detections" time="0.001" /><testcase classname="tests.annotators.test_core.TestBlurAnnotator" name="test_annotate_with_single_detection" time="0.008" /><testcase classname="tests.annotators.test_core.TestBlurAnnotator" name="test_invalid_kernel_size_raises[0]" time="0.002" /><testcase classname="tests.annotators.test_core.TestBlurAnnotator" name="test_invalid_kernel_size_raises[-1]" time="0.001" /><testcase classname="tests.annotators.test_core.TestBlurAnnotator" name="test_invalid_kernel_size_raises[-10]" time="0.001" /><testcase classname="tests.annotators.test_core.TestBlurAnnotator" name="test_annotate_zero_area_bbox_is_skipped" time="0.001" /><testcase classname="tests.annotators.test_core.TestPixelateAnnotator" name="test_annotate_with_no_detections" time="0.001" /><testcase classname="tests.annotators.test_core.TestPixelateAnnotator" name="test_annotate_with_single_detection" time="0.010" /><testcase classname="tests.annotators.test_core.TestPixelateAnnotator" name="test_annotate_bbox_smaller_than_pixel_size_does_not_raise" time="0.002" /><testcase classname="tests.annotators.test_core.TestPixelateAnnotator" name="test_annotate_grayscale_image_does_not_raise" time="0.001" /><testcase classname="tests.annotators.test_core.TestPixelateAnnotator" name="test_annotate_grayscale_image_small_roi_does_not_raise" time="0.001" /><testcase classname="tests.annotators.test_core.TestPixelateAnnotator" name="test_invalid_pixel_size_raises[0]" time="0.002" /><testcase classname="tests.annotators.test_core.TestPixelateAnnotator" name="test_invalid_pixel_size_raises[-1]" time="0.001" /><testcase classname="tests.annotators.test_core.TestPixelateAnnotator" name="test_invalid_pixel_size_raises[-10]" time="0.001" /><testcase classname="tests.annotators.test_core.TestPixelateAnnotator" name="test_annotate_zero_area_bbox_is_skipped" time="0.001" /><testcase classname="tests.annotators.test_core.TestTriangleAnnotator" name="test_annotate_with_no_detections" time="0.001" /><testcase classname="tests.annotators.test_core.TestTriangleAnnotator" name="test_annotate_with_single_detection" time="0.001" /><testcase classname="tests.annotators.test_core.TestRoundBoxAnnotator" name="test_annotate_with_no_detections" time="0.001" /><testcase classname="tests.annotators.test_core.TestRoundBoxAnnotator" name="test_annotate_with_single_detection" time="0.002" /><testcase classname="tests.annotators.test_core.TestPercentageBarAnnotator" name="test_annotate_with_no_detections" time="0.001" /><testcase classname="tests.annotators.test_core.TestPercentageBarAnnotator" name="test_annotate_with_single_detection" time="0.001" /><testcase classname="tests.annotators.test_core.TestCropAnnotator" name="test_annotate_with_no_detections" time="0.001" /><testcase classname="tests.annotators.test_core.TestCropAnnotator" name="test_annotate_with_single_detection" time="0.009" /><testcase classname="tests.annotators.test_core.TestBackgroundOverlayAnnotator" name="test_annotate_with_no_detections" time="0.001" /><testcase classname="tests.annotators.test_core.TestBackgroundOverlayAnnotator" name="test_annotate_with_single_detection" time="0.001" /><testcase classname="tests.annotators.test_core.TestBackgroundOverlayAnnotator" name="test_annotate_uint8_mask_matches_bool_mask" time="0.002" /><testcase classname="tests.annotators.test_core.TestComparisonAnnotator" name="test_annotate_with_no_detections" time="0.001" /><testcase classname="tests.annotators.test_core.TestComparisonAnnotator" name="test_annotate_with_single_detection_each" time="0.002" /><testcase classname="tests.annotators.test_core.TestTraceAnnotatorSmoothStationary" name="test_stationary_tracker_does_not_crash_spline_fit" time="0.003" /><testcase classname="tests.annotators.test_core.TestTraceAnnotatorSmoothStationary" name="test_smooth_trace_still_renders_for_moving_tracker" time="0.005" /><testcase classname="tests.annotators.test_core.TestTraceAnnotatorSmoothStationary" name="test_smooth_does_not_crash_for_unique_point_counts[1_unique]" time="0.002" /><testcase classname="tests.annotators.test_core.TestTraceAnnotatorSmoothStationary" name="test_smooth_does_not_crash_for_unique_point_counts[2_unique]" time="0.002" /><testcase classname="tests.annotators.test_core.TestTraceAnnotatorSmoothStationary" name="test_smooth_does_not_crash_for_unique_point_counts[3_unique]" time="0.002" /><testcase classname="tests.annotators.test_core.TestTraceAnnotatorSmoothStationary" name="test_smooth_does_not_crash_for_unique_point_counts[4_unique]" time="0.003" /><testcase classname="tests.annotators.test_core.TestTraceAnnotatorSmoothStationary" name="test_smooth_fallback_matches_raw_when_fewer_than_four_unique_points" time="0.003" /><testcase classname="tests.annotators.test_core.TestTraceAnnotatorSmoothStationary" name="test_smooth_true_single_frame_does_not_crash" time="0.001" /><testcase classname="tests.annotators.test_core.TestTraceAnnotatorSmoothStationary" name="test_smooth_false_stationary_tracker_does_not_crash" time="0.002" /><testcase classname="tests.annotators.test_docs" name="test_all_expected_annotators_have_tab_entries" time="0.050" /><testcase classname="tests.annotators.test_docs" name="test_annotator_example_tab_groups_stay_within_material_limit" time="0.002" /><testcase classname="tests.annotators.test_docs" name="test_annotator_code_examples_have_no_tuple_assignment" time="0.003" /><testcase classname="tests.annotators.test_utils" name="test_resolve_color_idx[detections0-0-ColorLookup.INDEX-0-exception0]" time="0.001" /><testcase classname="tests.annotators.test_utils" name="test_resolve_color_idx[detections1-0-ColorLookup.CLASS-5-exception1]" time="0.001" /><testcase classname="tests.annotators.test_utils" name="test_resolve_color_idx[detections2-0-ColorLookup.TRACK-2-exception2]" time="0.001" /><testcase classname="tests.annotators.test_utils" name="test_resolve_color_idx[detections3-0-ColorLookup.INDEX-None-exception3]" time="0.001" /><testcase classname="tests.annotators.test_utils" name="test_resolve_color_idx[detections4-2-ColorLookup.INDEX-None-exception4]" time="0.001" /><testcase classname="tests.annotators.test_utils" name="test_resolve_color_idx[detections5-0-ColorLookup.CLASS-None-exception5]" time="0.001" /><testcase classname="tests.annotators.test_utils" name="test_resolve_color_idx[detections6-0-ColorLookup.TRACK-None-exception6]" time="0.001" /><testcase classname="tests.annotators.test_utils" name="test_resolve_color_idx[detections7-0-color_lookup7-1-exception7]" time="0.001" /><testcase classname="tests.annotators.test_utils" name="test_resolve_color_idx[detections8-0-color_lookup8-None-exception8]" time="0.001" /><testcase classname="tests.annotators.test_utils" name="test_wrap_text[None-None-expected_result0-exception0]" time="0.001" /><testcase classname="tests.annotators.test_utils" name="test_wrap_text[-None-expected_result1-exception1]" time="0.001" /><testcase classname="tests.annotators.test_utils" name="test_wrap_text[   \t  -3-expected_result2-exception2]" time="0.001" /><testcase classname="tests.annotators.test_utils" name="test_wrap_text[12345-None-expected_result3-exception3]" time="0.001" /><testcase classname="tests.annotators.test_utils" name="test_wrap_text[-6789-None-expected_result4-exception4]" time="0.001" /><testcase classname="tests.annotators.test_utils" name="test_wrap_text[text5-None-expected_result5-exception5]" time="0.001" /><testcase classname="tests.annotators.test_utils" name="test_wrap_text[text6-None-expected_result6-exception6]" time="0.001" /><testcase classname="tests.annotators.test_utils" name="test_wrap_text[When you play the game of thrones, you win or you die.\nFear cuts deeper than swords.\nA mind needs books as a sword needs a whetstone.-None-expected_result7-exception7]" time="0.001" /><testcase classname="tests.annotators.test_utils" name="test_wrap_text[\n-None-expected_result8-exception8]" time="0.001" /><testcase classname="tests.annotators.test_utils" name="test_wrap_text[valarmorghulisvalardoharis-6-expected_result9-exception9]" time="0.001" /><testcase classname="tests.annotators.test_utils" name="test_wrap_text[Winter is coming\nFire and blood-10-expected_result10-exception10]" time="0.001" /><testcase classname="tests.annotators.test_utils" name="test_wrap_text[What is dead may never die-0-None-exception11]" time="0.002" /><testcase classname="tests.annotators.test_utils" name="test_wrap_text[A Lannister always pays his debts--1-None-exception12]" time="0.001" /><testcase classname="tests.annotators.test_utils" name="test_wrap_text[None-10-expected_result13-exception13]" time="0.001" /><testcase classname="tests.annotators.test_utils" name="test_hex_to_rgba_valid[#FF00FF-expected_rgba0]" time="0.001" /><testcase classname="tests.annotators.test_utils" name="test_hex_to_rgba_valid[FF00FF-expected_rgba1]" time="0.001" /><testcase classname="tests.annotators.test_utils" name="test_hex_to_rgba_valid[#FF00FF80-expected_rgba2]" time="0.001" /><testcase classname="tests.annotators.test_utils" name="test_hex_to_rgba_valid[00FF0080-expected_rgba3]" time="0.001" /><testcase classname="tests.annotators.test_utils" name="test_hex_to_rgba_valid[  #ff00ff80  -expected_rgba4]" time="0.001" /><testcase classname="tests.annotators.test_utils" name="test_hex_to_rgba_valid[abcdef-expected_rgba5]" time="0.001" /><testcase classname="tests.annotators.test_utils" name="test_hex_to_rgba_invalid[#FF00F]" time="0.002" /><testcase classname="tests.annotators.test_utils" name="test_hex_to_rgba_invalid[#GGHHII]" time="0.001" /><testcase classname="tests.annotators.test_utils" name="test_hex_to_rgba_invalid[#FFF]" time="0.001" /><testcase classname="tests.annotators.test_utils" name="test_hex_to_rgba_invalid[1234567]" time="0.001" /><testcase classname="tests.annotators.test_utils" name="test_rgba_to_hex[rgba0-#00000000]" time="0.001" /><testcase classname="tests.annotators.test_utils" name="test_rgba_to_hex[rgba1-#FF00FFFF]" time="0.001" /><testcase classname="tests.annotators.test_utils" name="test_rgba_to_hex[rgba2-#00FF0080]" time="0.001" /><testcase classname="tests.annotators.test_utils" name="test_rgba_to_hex[rgba3-#FFFFFFFF]" time="0.001" /><testcase classname="tests.annotators.test_utils" name="test_rgba_to_hex_invalid[rgba0]" time="0.002" /><testcase classname="tests.annotators.test_utils" name="test_rgba_to_hex_invalid[rgba1]" time="0.001" /><testcase classname="tests.annotators.test_utils" name="test_rgba_to_hex_invalid[rgba2]" time="0.001" /><testcase classname="tests.annotators.test_utils" name="test_rgba_to_hex_invalid[rgba3]" time="0.001" /><testcase classname="tests.annotators.test_utils" name="test_is_valid_hex[#FF00FF-True]" time="0.003" /><testcase classname="tests.annotators.test_utils" name="test_is_valid_hex[ff00ff-True]" time="0.001" /><testcase classname="tests.annotators.test_utils" name="test_is_valid_hex[00FF0080-True]" time="0.001" /><testcase classname="tests.annotators.test_utils" name="test_is_valid_hex[ 00ff0080 -True]" time="0.001" /><testcase classname="tests.annotators.test_utils" name="test_is_valid_hex[#XYZ123-False]" time="0.001" /><testcase classname="tests.annotators.test_utils" name="test_is_valid_hex[FF00F-False]" time="0.001" /><testcase classname="tests.annotators.test_utils" name="test_is_valid_hex[#FFF-False]" time="0.001" /><testcase classname="tests.annotators.test_utils" name="test_is_valid_hex[#1234567-False]" time="0.001" /><testcase classname="tests.assets.test_downloader.TestMD5HashMatching" name="test_file_exists_matching_hash" time="0.010" /><testcase classname="tests.assets.test_downloader.TestMD5HashMatching" name="test_file_exists_not_matching_hash" time="0.003" /><testcase classname="tests.assets.test_downloader.TestMD5HashMatching" name="test_file_not_exists" time="0.001" /><testcase classname="tests.assets.test_downloader.TestDownloadAssets" name="test_already_exists_and_valid" time="0.002" /><testcase classname="tests.assets.test_downloader.TestDownloadAssets" name="test_already_exists_but_corrupted" time="0.002" /><testcase classname="tests.assets.test_downloader.TestDownloadAssets" name="test_download_new_file" time="0.008" /><testcase classname="tests.assets.test_downloader.TestDownloadAssets" name="test_invalid_asset" time="0.003" /><testcase classname="tests.assets.test_downloader.TestDownloadAssets" name="test_invalid_asset_when_file_exists" time="0.002" /><testcase classname="tests.assets.test_downloader.TestDownloadAssets" name="test_with_video_enum" time="0.007" /><testcase classname="tests.assets.test_downloader.TestDownloadAssets" name="test_with_image_enum" time="0.007" /><testcase classname="tests.assets.test_list" name="test_video_assets_list" time="0.001" /><testcase classname="tests.assets.test_list" name="test_image_assets_list" time="0.001" /><testcase classname="tests.assets.test_list" name="test_video_assets_values" time="0.001" /><testcase classname="tests.assets.test_list" name="test_image_assets_values" time="0.001" /><testcase classname="tests.assets.test_list" name="test_media_assets_dict_keys" time="0.001" /><testcase classname="tests.assets.test_list" name="test_media_assets_dict_values" time="0.001" /><testcase classname="tests.classification.test_core" name="test_top_k[class_id0-confidence0-5-expected_result0-exception0]" time="0.004" /><testcase classname="tests.classification.test_core" name="test_top_k[class_id1-confidence1-1-expected_result1-exception1]" time="0.002" /><testcase classname="tests.classification.test_core" name="test_top_k[class_id2-confidence2-2-expected_result2-exception2]" time="0.002" /><testcase classname="tests.classification.test_core" name="test_top_k[class_id3-confidence3-5-None-exception3]" time="0.002" /><testcase classname="tests.classification.test_core" name="test_top_k[class_id4-confidence4-5-None-exception4]" time="0.002" /><testcase classname="tests.classification.test_core" name="test_from_clip_empty_output_dtypes" time="0.002" /><testcase classname="tests.classification.test_core" name="test_from_timm_empty_output_dtypes" time="0.001" /><testcase classname="tests.dataset.formats.test_coco" name="test_coco_categories_to_classes[coco_categories0-expected_result0-exception0]" time="0.006" /><testcase classname="tests.dataset.formats.test_coco" name="test_coco_categories_to_classes[coco_categories1-expected_result1-exception1]" time="0.002" /><testcase classname="tests.dataset.formats.test_coco" name="test_coco_categories_to_classes[coco_categories2-expected_result2-exception2]" time="0.002" /><testcase classname="tests.dataset.formats.test_coco" name="test_coco_categories_to_classes[coco_categories3-expected_result3-exception3]" time="0.002" /><testcase classname="tests.dataset.formats.test_coco" name="test_coco_categories_to_classes[coco_categories4-expected_result4-exception4]" time="0.001" /><testcase classname="tests.dataset.formats.test_coco" name="test_classes_to_coco_categories_and_back_to_classes[classes0-exception0]" time="0.002" /><testcase classname="tests.dataset.formats.test_coco" name="test_classes_to_coco_categories_and_back_to_classes[classes1-exception1]" time="0.001" /><testcase classname="tests.dataset.formats.test_coco" name="test_classes_to_coco_categories_and_back_to_classes[classes2-exception2]" time="0.002" /><testcase classname="tests.dataset.formats.test_coco" name="test_group_coco_annotations_by_image_id[coco_annotations0-expected_result0-exception0]" time="0.002" /><testcase classname="tests.dataset.formats.test_coco" name="test_group_coco_annotations_by_image_id[coco_annotations1-expected_result1-exception1]" time="0.001" /><testcase classname="tests.dataset.formats.test_coco" name="test_group_coco_annotations_by_image_id[coco_annotations2-expected_result2-exception2]" time="0.001" /><testcase classname="tests.dataset.formats.test_coco" name="test_group_coco_annotations_by_image_id[coco_annotations3-expected_result3-exception3]" time="0.001" /><testcase classname="tests.dataset.formats.test_coco" name="test_coco_annotations_to_detections[image_annotations0-resolution_wh0-False-False-expected_result0-exception0]" time="0.002" /><testcase classname="tests.dataset.formats.test_coco" name="test_coco_annotations_to_detections[image_annotations1-resolution_wh1-False-True-expected_result1-exception1]" time="0.002" /><testcase classname="tests.dataset.formats.test_coco" name="test_coco_annotations_to_detections[image_annotations2-resolution_wh2-False-False-expected_result2-exception2]" time="0.002" /><testcase classname="tests.dataset.formats.test_coco" name="test_coco_annotations_to_detections[image_annotations3-resolution_wh3-False-True-expected_result3-exception3]" time="0.002" /><testcase classname="tests.dataset.formats.test_coco" name="test_coco_annotations_to_detections[image_annotations4-resolution_wh4-False-False-expected_result4-exception4]" time="0.002" /><testcase classname="tests.dataset.formats.test_coco" name="test_coco_annotations_to_detections[image_annotations5-resolution_wh5-False-True-expected_result5-exception5]" time="0.003" /><testcase classname="tests.dataset.formats.test_coco" name="test_coco_annotations_to_detections[image_annotations6-resolution_wh6-True-False-expected_result6-exception6]" time="0.002" /><testcase classname="tests.dataset.formats.test_coco" name="test_coco_annotations_to_detections[image_annotations7-resolution_wh7-True-False-expected_result7-exception7]" time="0.003" /><testcase classname="tests.dataset.formats.test_coco" name="test_coco_annotations_to_detections[image_annotations8-resolution_wh8-True-True-expected_result8-exception8]" time="0.003" /><testcase classname="tests.dataset.formats.test_coco" name="test_coco_annotations_to_detections[image_annotations9-resolution_wh9-True-False-expected_result9-exception9]" time="0.002" /><testcase classname="tests.dataset.formats.test_coco" name="test_coco_annotations_to_detections[image_annotations10-resolution_wh10-True-True-expected_result10-exception10]" time="0.002" /><testcase classname="tests.dataset.formats.test_coco" name="test_coco_annotations_to_detections[image_annotations11-resolution_wh11-True-False-expected_result11-exception11]" time="0.002" /><testcase classname="tests.dataset.formats.test_coco" name="test_coco_annotations_to_detections[image_annotations12-resolution_wh12-True-True-expected_result12-exception12]" time="0.002" /><testcase classname="tests.dataset.formats.test_coco" name="test_coco_annotations_to_detections[image_annotations13-resolution_wh13-True-False-expected_result13-exception13]" time="0.002" /><testcase classname="tests.dataset.formats.test_coco" name="test_coco_annotations_to_detections[image_annotations14-resolution_wh14-True-True-expected_result14-exception14]" time="0.002" /><testcase classname="tests.dataset.formats.test_coco" name="test_coco_annotations_to_detections[image_annotations15-resolution_wh15-True-False-expected_result15-exception15]" time="0.002" /><testcase classname="tests.dataset.formats.test_coco" name="test_build_coco_class_index_mapping[coco_categories0-target_classes0-expected_result0-exception0]" time="0.001" /><testcase classname="tests.dataset.formats.test_coco" name="test_build_coco_class_index_mapping[coco_categories1-target_classes1-expected_result1-exception1]" time="0.001" /><testcase classname="tests.dataset.formats.test_coco" name="test_build_coco_class_index_mapping[coco_categories2-target_classes2-expected_result2-exception2]" time="0.001" /><testcase classname="tests.dataset.formats.test_coco" name="test_build_coco_class_index_mapping[coco_categories3-target_classes3-expected_result3-exception3]" time="0.001" /><testcase classname="tests.dataset.formats.test_coco" name="test_build_coco_class_index_mapping[coco_categories4-target_classes4-expected_result4-exception4]" time="0.001" /><testcase classname="tests.dataset.formats.test_coco" name="test_build_coco_class_index_mapping[coco_categories5-target_classes5-expected_result5-exception5]" time="0.001" /><testcase classname="tests.dataset.formats.test_coco" name="test_detections_to_coco_annotations[detections0-0-0-expected_result0-exception0]" time="0.001" /><testcase classname="tests.dataset.formats.test_coco" name="test_detections_to_coco_annotations[detections1-0-0-expected_result1-exception1]" time="0.016" /><testcase classname="tests.dataset.formats.test_coco" name="test_detections_to_coco_annotations[detections2-0-0-expected_result2-exception2]" time="0.001" /><testcase classname="tests.dataset.formats.test_coco" name="test_detections_to_coco_annotations[detections3-0-0-expected_result3-exception3]" time="0.002" /><testcase classname="tests.dataset.formats.test_coco" name="test_detections_to_coco_annotations_handles_empty_approximated_polygons" time="0.003" /><testcase classname="tests.dataset.formats.test_coco" name="test_detections_to_coco_annotations_segmentation_count[disjoint-two-parts]" time="0.002" /><testcase classname="tests.dataset.formats.test_coco" name="test_detections_to_coco_annotations_segmentation_count[single-component]" time="0.001" /><testcase classname="tests.dataset.formats.test_coco" name="test_detections_to_coco_annotations_round_trip_disjoint_mask" time="0.001" /><testcase classname="tests.dataset.formats.test_coco" name="test_detections_to_coco_annotations_preserves_area_from_data" time="0.001" /><testcase classname="tests.dataset.formats.test_coco" name="test_detections_to_coco_annotations_preserves_iscrowd_from_data_when_no_mask" time="0.001" /><testcase classname="tests.dataset.formats.test_coco" name="test_detections_to_coco_annotations_iscrowd_is_int_when_mask_provided" time="0.001" /><testcase classname="tests.dataset.formats.test_coco" name="test_detections_to_coco_annotations_data_area_overrides_bbox_with_mask" time="0.001" /><testcase classname="tests.dataset.formats.test_coco" name="test_detections_to_coco_annotations_fallback_area_when_no_data" time="0.001" /><testcase classname="tests.dataset.formats.test_coco" name="test_load_coco_annotations_infers_masks_from_segmentation_field" time="0.043" /><testcase classname="tests.dataset.formats.test_coco" name="test_load_coco_annotations_force_masks_with_no_annotations" time="0.018" /><testcase classname="tests.dataset.formats.test_coco" name="test_load_coco_annotations_rejects_file_name_resolving_to_images_directory[.]" time="0.010" /><testcase classname="tests.dataset.formats.test_coco" name="test_load_coco_annotations_rejects_file_name_resolving_to_images_directory[]" time="0.007" /><testcase classname="tests.dataset.formats.test_coco" name="test_load_coco_annotations_rejects_file_name_resolving_to_images_directory[subdir/..]" time="0.015" /><testcase classname="tests.dataset.formats.test_coco" name="test_load_coco_annotations_rejects_file_name_outside_images_directory[../escape.txt]" time="0.022" /><testcase classname="tests.dataset.formats.test_coco" name="test_load_coco_annotations_rejects_file_name_outside_images_directory[../../escape.txt]" time="0.015" /><testcase classname="tests.dataset.formats.test_coco" name="test_load_coco_annotations_rejects_file_name_outside_images_directory[subdir/../../escape.txt]" time="0.006" /><testcase classname="tests.dataset.formats.test_coco" name="test_load_coco_annotations_rejects_absolute_file_name" time="0.015" /><testcase classname="tests.dataset.formats.test_coco" name="test_load_coco_annotations_rejects_file_name_resolving_to_directory" time="0.016" /><testcase classname="tests.dataset.formats.test_coco" name="test_load_coco_annotations_accepts_valid_nested_file_name" time="0.016" /><testcase classname="tests.dataset.formats.test_coco" name="test_load_coco_annotations_force_masks_handles_missing_segmentation" time="0.014" /><testcase classname="tests.dataset.formats.test_coco.TestFromCocoMasks" name="test_multi_segment_masks_merged[False]" time="0.017" /><testcase classname="tests.dataset.formats.test_coco.TestFromCocoMasks" name="test_multi_segment_masks_merged[True]" time="0.007" /><testcase classname="tests.dataset.formats.test_coco.TestFromCocoMasks" name="test_multi_segment_masks_uneven_length_no_value_error" time="0.015" /><testcase classname="tests.dataset.formats.test_coco" name="test_classes_to_coco_categories_ids_start_at_one[classes0-expected_ids0]" time="0.001" /><testcase classname="tests.dataset.formats.test_coco" name="test_classes_to_coco_categories_ids_start_at_one[classes1-expected_ids1]" time="0.001" /><testcase classname="tests.dataset.formats.test_coco" name="test_classes_to_coco_categories_ids_start_at_one[classes2-expected_ids2]" time="0.001" /><testcase classname="tests.dataset.formats.test_coco" name="test_detections_to_coco_annotations_category_id_is_one_indexed" time="0.001" /><testcase classname="tests.dataset.formats.test_coco" name="test_coco_round_trip_preserves_class_ids_and_writes_one_indexed_categories" time="0.043" /><testcase classname="tests.dataset.formats.test_coco" name="test_save_coco_annotations_defaults_start_at_one" time="0.023" /><testcase classname="tests.dataset.formats.test_coco" name="test_save_coco_annotations_respects_starting_ids" time="0.021" /><testcase classname="tests.dataset.formats.test_coco" name="test_as_coco_chains_ids_across_splits_without_collision" time="0.057" /><testcase classname="tests.dataset.formats.test_coco" name="test_save_coco_annotations_empty_dataset_returns_starting_ids" time="0.015" /><testcase classname="tests.dataset.formats.test_coco" name="test_as_coco_without_annotations_path_returns_starting_ids" time="0.010" /><testcase classname="tests.dataset.formats.test_coco" name="test_save_coco_annotations_annotation_image_id_references_correct_image" time="0.022" /><testcase classname="tests.dataset.formats.test_coco" name="test_save_coco_annotations_zero_annotation_images" time="0.020" /><testcase classname="tests.dataset.formats.test_coco" name="test_from_coco_loads_legacy_zero_indexed_category_ids" time="0.015" /><testcase classname="tests.dataset.formats.test_coco" name="test_save_coco_annotations_rejects_zero_starting_ids[0-1]" time="0.004" /><testcase classname="tests.dataset.formats.test_coco" name="test_save_coco_annotations_rejects_zero_starting_ids[1-0]" time="0.004" /><testcase classname="tests.dataset.formats.test_coco" name="test_save_coco_annotations_rejects_zero_starting_ids[0-0]" time="0.003" /><testcase classname="tests.dataset.formats.test_coco" name="test_detections_to_coco_annotations_raises_when_class_id_is_none" time="0.001" /><testcase classname="tests.dataset.formats.test_coco" name="test_coco_round_trip_multi_class_single_image" time="0.020" /><testcase classname="tests.dataset.formats.test_coco" name="test_detections_to_coco_annotations_exports_all_polygons" time="0.001" /><testcase classname="tests.dataset.formats.test_coco" name="test_coco_polygon_segmentation_survives_roundtrip[single-polygon]" time="0.030" /><testcase classname="tests.dataset.formats.test_coco" name="test_coco_polygon_segmentation_survives_roundtrip[multi-polygon]" time="0.023" /><testcase classname="tests.dataset.formats.test_coco" name="test_coco_raw_segmentation_preserved_when_masks_not_decoded" time="0.001" /><testcase classname="tests.dataset.formats.test_coco" name="test_coco_iscrowd_mask_exports_as_rle" time="0.001" /><testcase classname="tests.dataset.formats.test_pascal_voc" name="test_object_to_pascal_voc[bbox_only]" time="0.001" /><testcase classname="tests.dataset.formats.test_pascal_voc" name="test_object_to_pascal_voc[bbox_and_polygon]" time="0.001" /><testcase classname="tests.dataset.formats.test_pascal_voc" name="test_object_to_pascal_voc_does_not_mutate_inputs" time="0.001" /><testcase classname="tests.dataset.formats.test_pascal_voc" name="test_object_to_pascal_voc_does_not_mutate_view_input" time="0.001" /><testcase classname="tests.dataset.formats.test_pascal_voc" name="test_detections_to_pascal_voc_does_not_mutate_detections" time="0.006" /><testcase classname="tests.dataset.formats.test_pascal_voc" name="test_parse_polygon_points[standard_polygon]" time="0.002" /><testcase classname="tests.dataset.formats.test_pascal_voc" name="test_detections_from_xml_obj[one_class_one_bbox]" time="0.002" /><testcase classname="tests.dataset.formats.test_pascal_voc" name="test_detections_from_xml_obj[one_class_n_bbox]" time="0.002" /><testcase classname="tests.dataset.formats.test_pascal_voc" name="test_detections_from_xml_obj[n_class_n_bbox]" time="0.002" /><testcase classname="tests.dataset.formats.test_pascal_voc" name="test_detections_from_xml_obj[no_detections]" time="0.002" /><testcase classname="tests.dataset.formats.test_pascal_voc" name="test_detections_from_xml_obj_mixed_polygon_and_bbox_masks_aligned[False]" time="0.001" /><testcase classname="tests.dataset.formats.test_pascal_voc" name="test_detections_from_xml_obj_mixed_polygon_and_bbox_masks_aligned[True]" time="0.001" /><testcase classname="tests.dataset.formats.test_yolo" name="test_with_mask[lines0-False-exception0]" time="0.001" /><testcase classname="tests.dataset.formats.test_yolo" name="test_with_mask[lines1-False-exception1]" time="0.001" /><testcase classname="tests.dataset.formats.test_yolo" name="test_with_mask[lines2-False-exception2]" time="0.001" /><testcase classname="tests.dataset.formats.test_yolo" name="test_with_mask[lines3-True-exception3]" time="0.001" /><testcase classname="tests.dataset.formats.test_yolo" name="test_with_mask[lines4-True-exception4]" time="0.001" /><testcase classname="tests.dataset.formats.test_yolo" name="test_yolo_annotations_to_detections[lines0-resolution_wh0-False-expected_result0-exception0]" time="0.002" /><testcase classname="tests.dataset.formats.test_yolo" name="test_yolo_annotations_to_detections[lines1-resolution_wh1-False-expected_result1-exception1]" time="0.001" /><testcase classname="tests.dataset.formats.test_yolo" name="test_yolo_annotations_to_detections[lines2-resolution_wh2-False-expected_result2-exception2]" time="0.001" /><testcase classname="tests.dataset.formats.test_yolo" name="test_yolo_annotations_to_detections[lines3-resolution_wh3-True-expected_result3-exception3]" time="1.019" /><testcase classname="tests.dataset.formats.test_yolo" name="test_yolo_annotations_to_detections[lines4-resolution_wh4-True-expected_result4-exception4]" time="0.004" /><testcase classname="tests.dataset.formats.test_yolo" name="test_yolo_annotations_to_detections[lines5-resolution_wh5-True-expected_result5-exception5]" time="0.007" /><testcase classname="tests.dataset.formats.test_yolo" name="test_yolo_annotations_to_detections[lines6-resolution_wh6-False-expected_result6-exception6]" time="0.001" /><testcase classname="tests.dataset.formats.test_yolo" name="test_yolo_annotations_to_detections[lines7-resolution_wh7-True-expected_result7-exception7]" time="0.004" /><testcase classname="tests.dataset.formats.test_yolo" name="test_image_name_to_annotation_name[image.png-image.txt-exception0]" time="0.001" /><testcase classname="tests.dataset.formats.test_yolo" name="test_image_name_to_annotation_name[image.jpeg-image.txt-exception1]" time="0.001" /><testcase classname="tests.dataset.formats.test_yolo" name="test_image_name_to_annotation_name[image.jpg-image.txt-exception2]" time="0.002" /><testcase classname="tests.dataset.formats.test_yolo" name="test_image_name_to_annotation_name[image.000.jpg-image.000.txt-exception3]" time="0.001" /><testcase classname="tests.dataset.formats.test_yolo" name="test_extract_class_names_sorts_numeric_string_keys[names:\n  '0': background\n  '1': person\n  '2': car\n  '10': traffic_light\n-expected_names0-exception0]" time="0.076" /><testcase classname="tests.dataset.formats.test_yolo" name="test_extract_class_names_sorts_numeric_string_keys[names:\n  0: background\n  2: car\n  10: traffic_light\n-expected_names1-exception1]" time="0.018" /><testcase classname="tests.dataset.formats.test_yolo" name="test_extract_class_names_sorts_numeric_string_keys[names:\n  cat: 0\n  dog: 1\n-expected_names2-exception2]" time="0.018" /><testcase classname="tests.dataset.formats.test_yolo" name="test_extract_class_names_sorts_numeric_string_keys[names: {}\n-expected_names3-exception3]" time="0.015" /><testcase classname="tests.dataset.formats.test_yolo" name="test_extract_class_names_sorts_numeric_string_keys[names:\n  '--1': ignore\n  '0': person\n-None-exception4]" time="0.018" /><testcase classname="tests.dataset.formats.test_yolo" name="test_object_to_yolo[xyxy0-1-image_shape0-None-1 0.15000 0.15000 0.10000 0.10000-exception0]" time="0.002" /><testcase classname="tests.dataset.formats.test_yolo" name="test_object_to_yolo[xyxy1-1-image_shape1-None-1 0.15000 0.18750 0.10000 0.12500-exception1]" time="0.002" /><testcase classname="tests.dataset.formats.test_yolo" name="test_object_to_yolo[xyxy2-1-image_shape2-None-1 0.18750 0.15000 0.12500 0.10000-exception2]" time="0.003" /><testcase classname="tests.dataset.formats.test_yolo" name="test_object_to_yolo[xyxy3-1-image_shape3-None-1 0.15000 0.30000 0.10000 0.20000-exception3]" time="0.002" /><testcase classname="tests.dataset.formats.test_yolo" name="test_object_to_yolo[xyxy4-1-image_shape4-None-1 0.30000 0.15000 0.20000 0.10000-exception4]" time="0.002" /><testcase classname="tests.dataset.formats.test_yolo" name="test_object_to_yolo[xyxy5-1-image_shape5-polygon5-1 0.10000 0.10000 0.20000 0.10000 0.20000 0.20000 0.10000 0.10000-exception5]" time="0.002" /><testcase classname="tests.dataset.formats.test_yolo" name="test_detections_to_yolo_annotations_raises_for_non_integer_class_id" time="0.002" /><testcase classname="tests.dataset.formats.test_yolo" name="test_load_yolo_annotations_mask_behaviour[obb-no-mask]" time="1.586" /><testcase classname="tests.dataset.formats.test_yolo" name="test_load_yolo_annotations_mask_behaviour[obb-force_masks-ignored]" time="0.012" /><testcase classname="tests.dataset.formats.test_yolo" name="test_load_yolo_annotations_mask_behaviour[segmentation-produces-mask]" time="0.020" /><testcase classname="tests.dataset.formats.test_yolo" name="test_polygons_to_masks_multiple_polygons_shape" time="0.001" /><testcase classname="tests.dataset.formats.test_yolo" name="test_yolo_polygon_mask_precision_no_coord_drift_loads_mask" time="0.034" /><testcase classname="tests.dataset.formats.test_yolo" name="test_yolo_polygon_mask_precision_no_coord_drift_round_trip_iou" time="0.014" /><testcase classname="tests.dataset.formats.test_yolo" name="test_detections_to_yolo_annotations_obb_emits_nine_tokens" time="0.002" /><testcase classname="tests.dataset.formats.test_yolo" name="test_detections_to_yolo_annotations_obb_raises_without_corners" time="0.001" /><testcase classname="tests.dataset.formats.test_yolo" name="test_detections_to_yolo_annotations_obb_empty_emits_no_lines" time="0.001" /><testcase classname="tests.dataset.formats.test_yolo" name="test_detections_to_yolo_annotations_obb_multiple_detections" time="0.001" /><testcase classname="tests.dataset.formats.test_yolo" name="test_detections_to_yolo_annotations_obb_data_ignored_when_is_obb_false" time="0.001" /><testcase classname="tests.dataset.formats.test_yolo" name="test_dataset_as_yolo_obb_output_token_count[obb-save-nine-tokens]" time="1.037" /><testcase classname="tests.dataset.formats.test_yolo" name="test_dataset_as_yolo_obb_output_token_count[default-save-five-tokens]" time="0.019" /><testcase classname="tests.dataset.formats.test_yolo" name="test_dataset_as_yolo_obb_round_trip_corner_accuracy" time="0.038" /><testcase classname="tests.dataset.formats.test_yolo" name="test_dataset_as_yolo_obb_round_trip_with_background_image" time="0.019" /><testcase classname="tests.dataset.test_core" name="test_dataset_merge[dataset_list0-expected_result0-exception0]" time="0.001" /><testcase classname="tests.dataset.test_core" name="test_dataset_merge[dataset_list1-expected_result1-exception1]" time="0.002" /><testcase classname="tests.dataset.test_core" name="test_dataset_merge[dataset_list2-expected_result2-exception2]" time="0.001" /><testcase classname="tests.dataset.test_core" name="test_dataset_merge[dataset_list3-expected_result3-exception3]" time="0.001" /><testcase classname="tests.dataset.test_core" name="test_dataset_merge[dataset_list4-expected_result4-exception4]" time="0.002" /><testcase classname="tests.dataset.test_core" name="test_dataset_merge[dataset_list5-expected_result5-exception5]" time="0.001" /><testcase classname="tests.dataset.test_core" name="test_dataset_merge[dataset_list6-expected_result6-exception6]" time="0.001" /><testcase classname="tests.dataset.test_core" name="test_dataset_merge[dataset_list7-None-exception7]" time="0.001" /><testcase classname="tests.dataset.test_core.TestClassNamePopulation" name="test_class_name_populated_on_init" time="0.001" /><testcase classname="tests.dataset.test_core.TestClassNamePopulation" name="test_class_name_with_empty_annotations" time="0.001" /><testcase classname="tests.dataset.test_core.TestClassNamePopulation" name="test_class_name_with_empty_classes" time="0.001" /><testcase classname="tests.dataset.test_core.TestClassNamePopulation" name="test_class_name_after_merge" time="0.001" /><testcase classname="tests.dataset.test_core.TestClassNamePopulation" name="test_class_name_from_yolo" time="0.063" /><testcase classname="tests.dataset.test_utils" name="test_train_test_split[data0-0.5-None-False-expected_result0-exception0]" time="0.001" /><testcase classname="tests.dataset.test_utils" name="test_train_test_split[data1-0.5-None-False-expected_result1-exception1]" time="0.001" /><testcase classname="tests.dataset.test_utils" name="test_train_test_split[data2-1.0-None-False-expected_result2-exception2]" time="0.001" /><testcase classname="tests.dataset.test_utils" name="test_train_test_split[data3-0.0-None-False-expected_result3-exception3]" time="0.001" /><testcase classname="tests.dataset.test_utils" name="test_train_test_split[data4-0.5-None-False-expected_result4-exception4]" time="0.001" /><testcase classname="tests.dataset.test_utils" name="test_train_test_split[data5-0.5-23-True-expected_result5-exception5]" time="0.001" /><testcase classname="tests.dataset.test_utils" name="test_train_test_split[data6-0.5-32-True-expected_result6-exception6]" time="0.001" /><testcase classname="tests.dataset.test_utils" name="test_merge_class_maps[class_lists0-expected_result0-exception0]" time="0.001" /><testcase classname="tests.dataset.test_utils" name="test_merge_class_maps[class_lists1-expected_result1-exception1]" time="0.001" /><testcase classname="tests.dataset.test_utils" name="test_merge_class_maps[class_lists2-expected_result2-exception2]" time="0.001" /><testcase classname="tests.dataset.test_utils" name="test_merge_class_maps[class_lists3-expected_result3-exception3]" time="0.001" /><testcase classname="tests.dataset.test_utils" name="test_merge_class_maps[class_lists4-expected_result4-exception4]" time="0.001" /><testcase classname="tests.dataset.test_utils" name="test_build_class_index_mapping[source_classes0-target_classes0-expected_result0-exception0]" time="0.001" /><testcase classname="tests.dataset.test_utils" name="test_build_class_index_mapping[source_classes1-target_classes1-expected_result1-exception1]" time="0.001" /><testcase classname="tests.dataset.test_utils" name="test_build_class_index_mapping[source_classes2-target_classes2-None-exception2]" time="0.001" /><testcase classname="tests.dataset.test_utils" name="test_build_class_index_mapping[source_classes3-target_classes3-expected_result3-exception3]" time="0.002" /><testcase classname="tests.dataset.test_utils" name="test_build_class_index_mapping[source_classes4-target_classes4-expected_result4-exception4]" time="0.001" /><testcase classname="tests.dataset.test_utils" name="test_build_class_index_mapping[source_classes5-target_classes5-expected_result5-exception5]" time="0.001" /><testcase classname="tests.dataset.test_utils" name="test_build_class_index_mapping[source_classes6-target_classes6-None-exception6]" time="0.001" /><testcase classname="tests.dataset.test_utils" name="test_map_detections_class_id[source_to_target_mapping0-detections0-None-exception0]" time="0.001" /><testcase classname="tests.dataset.test_utils" name="test_map_detections_class_id[source_to_target_mapping1-detections1-expected_result1-exception1]" time="0.001" /><testcase classname="tests.dataset.test_utils" name="test_map_detections_class_id[source_to_target_mapping2-detections2-expected_result2-exception2]" time="0.001" /><testcase classname="tests.dataset.test_utils" name="test_map_detections_class_id[source_to_target_mapping3-detections3-expected_result3-exception3]" time="0.001" /><testcase classname="tests.dataset.test_utils" name="test_map_detections_class_id[source_to_target_mapping4-detections4-expected_result4-exception4]" time="0.001" /><testcase classname="tests.dataset.test_utils" name="test_map_detections_class_id[source_to_target_mapping5-detections5-None-exception5]" time="0.001" /><testcase classname="tests.dataset.test_utils" name="test_map_detections_class_id[source_to_target_mapping6-detections6-expected_result6-exception6]" time="0.001" /><testcase classname="tests.detection.test_compact_mask.TestRleHelpers" name="test_encode_decode_round_trip[mask_2d0-all-False]" time="0.002" /><testcase classname="tests.detection.test_compact_mask.TestRleHelpers" name="test_encode_decode_round_trip[mask_2d1-all-True]" time="0.001" /><testcase classname="tests.detection.test_compact_mask.TestRleHelpers" name="test_encode_decode_round_trip[mask_2d2-diagonal]" time="0.001" /><testcase classname="tests.detection.test_compact_mask.TestRleHelpers" name="test_encode_decode_round_trip[mask_2d3-L-shape]" time="0.001" /><testcase classname="tests.detection.test_compact_mask.TestRleHelpers" name="test_encode_decode_round_trip[mask_2d4-checkerboard]" time="0.001" /><testcase classname="tests.detection.test_compact_mask.TestRleHelpers" name="test_encode_decode_round_trip[mask_2d5-single-pixel-False]" time="0.001" /><testcase classname="tests.detection.test_compact_mask.TestRleHelpers" name="test_encode_decode_round_trip[mask_2d6-single-pixel-True]" time="0.001" /><testcase classname="tests.detection.test_compact_mask.TestRleHelpers" name="test_encode_decode_round_trip[mask_2d7-empty]" time="0.001" /><testcase classname="tests.detection.test_compact_mask.TestRleHelpers" name="test_area_matches_numpy_sum[mask_2d0]" time="0.001" /><testcase classname="tests.detection.test_compact_mask.TestRleHelpers" name="test_area_matches_numpy_sum[mask_2d1]" time="0.001" /><testcase classname="tests.detection.test_compact_mask.TestRleHelpers" name="test_area_matches_numpy_sum[mask_2d2]" time="0.001" /><testcase classname="tests.detection.test_compact_mask.TestRleHelpers" name="test_area_matches_numpy_sum[mask_2d3]" time="0.001" /><testcase classname="tests.detection.test_compact_mask.TestRleHelpers" name="test_encode_matches_coco_f_order[mask_2d0-expected_rle0]" time="0.001" /><testcase classname="tests.detection.test_compact_mask.TestRleHelpers" name="test_encode_matches_coco_f_order[mask_2d1-expected_rle1]" time="0.001" /><testcase classname="tests.detection.test_compact_mask.TestRleHelpers" name="test_encode_matches_coco_f_order[mask_2d2-expected_rle2]" time="0.001" /><testcase classname="tests.detection.test_compact_mask.TestRleHelpers" name="test_encode_matches_coco_f_order[mask_2d3-expected_rle3]" time="0.001" /><testcase classname="tests.detection.test_compact_mask.TestRleHelpers" name="test_encode_agrees_with_mask_to_rle[mask_2d0]" time="0.001" /><testcase classname="tests.detection.test_compact_mask.TestRleHelpers" name="test_encode_agrees_with_mask_to_rle[mask_2d1]" time="0.001" /><testcase classname="tests.detection.test_compact_mask.TestRleHelpers" name="test_encode_agrees_with_mask_to_rle[mask_2d2]" time="0.001" /><testcase classname="tests.detection.test_compact_mask.TestRleHelpers" name="test_encode_agrees_with_mask_to_rle[mask_2d3]" time="0.001" /><testcase classname="tests.detection.test_compact_mask.TestFromDenseToDense" name="test_round_trip[0-image_shape0]" time="0.002" /><testcase classname="tests.detection.test_compact_mask.TestFromDenseToDense" name="test_round_trip[1-image_shape1]" time="0.001" /><testcase classname="tests.detection.test_compact_mask.TestFromDenseToDense" name="test_round_trip[5-image_shape2]" time="0.002" /><testcase classname="tests.detection.test_compact_mask.TestFromDenseToDense" name="test_round_trip_with_mask_to_xyxy" time="0.002" /><testcase classname="tests.detection.test_compact_mask.TestGetItem" name="test_int_returns_2d_dense" time="0.002" /><testcase classname="tests.detection.test_compact_mask.TestGetItem" name="test_list_returns_compact_mask" time="0.002" /><testcase classname="tests.detection.test_compact_mask.TestGetItem" name="test_slice_returns_compact_mask" time="0.001" /><testcase classname="tests.detection.test_compact_mask.TestGetItem" name="test_bool_ndarray" time="0.002" /><testcase classname="tests.detection.test_compact_mask.TestGetItem" name="test_bool_list" time="0.002" /><testcase classname="tests.detection.test_compact_mask.TestProperties" name="test_len" time="0.001" /><testcase classname="tests.detection.test_compact_mask.TestProperties" name="test_shape" time="0.001" /><testcase classname="tests.detection.test_compact_mask.TestProperties" name="test_shape_empty" time="0.001" /><testcase classname="tests.detection.test_compact_mask.TestProperties" name="test_dtype" time="0.002" /><testcase classname="tests.detection.test_compact_mask.TestProperties" name="test_area_matches_dense" time="0.003" /><testcase classname="tests.detection.test_compact_mask.TestProperties" name="test_area_empty" time="0.002" /><testcase classname="tests.detection.test_compact_mask.TestCrop" name="test_returns_crop_shape" time="0.002" /><testcase classname="tests.detection.test_compact_mask.TestArrayProtocol" name="test_array_protocol" time="0.002" /><testcase classname="tests.detection.test_compact_mask.TestArrayProtocol" name="test_dtype_cast" time="0.001" /><testcase classname="tests.detection.test_compact_mask.TestMerge" name="test_merge" time="0.002" /><testcase classname="tests.detection.test_compact_mask.TestMerge" name="test_merge_with_empty" time="0.002" /><testcase classname="tests.detection.test_compact_mask.TestMerge" name="test_merge_empty_list_raises" time="0.002" /><testcase classname="tests.detection.test_compact_mask.TestMerge" name="test_merge_mismatched_image_shape_raises" time="0.002" /><testcase classname="tests.detection.test_compact_mask.TestEquality" name="test_eq_identical" time="0.002" /><testcase classname="tests.detection.test_compact_mask.TestEquality" name="test_eq_different" time="0.002" /><testcase classname="tests.detection.test_compact_mask.TestEquality" name="test_eq_with_dense_array" time="0.002" /><testcase classname="tests.detection.test_compact_mask.TestEdgeCases" name="test_zero_area_mask_clipped_to_1x1" time="0.001" /><testcase classname="tests.detection.test_compact_mask.TestEdgeCases" name="test_mask_at_image_boundary" time="0.001" /><testcase classname="tests.detection.test_compact_mask.TestEdgeCases" name="test_xyxy_beyond_image_clipped" time="0.001" /><testcase classname="tests.detection.test_compact_mask.TestEdgeCases" name="test_empty_compact_mask_to_dense" time="0.002" /><testcase classname="tests.detection.test_compact_mask.TestEdgeCases" name="test_sum_axis_1_2_equals_area" time="0.002" /><testcase classname="tests.detection.test_compact_mask.TestEdgeCases" name="test_with_offset" time="0.002" /><testcase classname="tests.detection.test_compact_mask.TestEdgeCases" name="test_with_offset_clips_partial_overlap_like_move_masks" time="0.001" /><testcase classname="tests.detection.test_compact_mask.TestEdgeCases" name="test_with_offset_clips_full_outside_like_move_masks" time="0.002" /><testcase classname="tests.detection.test_compact_mask.TestEdgeCases" name="test_repack_tightens_loose_bbox" time="0.002" /><testcase classname="tests.detection.test_compact_mask.TestEdgeCases" name="test_repack_preserves_all_false_mask" time="0.001" /><testcase classname="tests.detection.test_compact_mask.TestEdgeCases" name="test_repack_empty_collection" time="0.001" /><testcase classname="tests.detection.test_compact_mask.TestEdgeCases" name="test_repack_already_tight" time="0.002" /><testcase classname="tests.detection.test_compact_mask.TestCalculateMasksCentroidsCompact" name="test_centroids_compact_matches_dense" time="0.004" /><testcase classname="tests.detection.test_compact_mask.TestCalculateMasksCentroidsCompact" name="test_centroids_empty_mask" time="0.002" /><testcase classname="tests.detection.test_compact_mask.TestCalculateMasksCentroidsCompact" name="test_centroids_empty_mask_with_tight_bbox" time="0.002" /><testcase classname="tests.detection.test_compact_mask.TestCalculateMasksCentroidsCompact" name="test_centroids_zero_masks_returns_empty" time="0.001" /><testcase classname="tests.detection.test_compact_mask.TestContainsHolesCompact" name="test_contains_holes_compact_roundtrip[mask_2d0-False]" time="0.002" /><testcase classname="tests.detection.test_compact_mask.TestContainsHolesCompact" name="test_contains_holes_compact_roundtrip[mask_2d1-True]" time="0.003" /><testcase classname="tests.detection.test_compact_mask.TestContainsHolesCompact" name="test_contains_holes_compact_roundtrip[mask_2d2-False]" time="0.004" /><testcase classname="tests.detection.test_compact_mask.TestContainsHolesCompact" name="test_contains_holes_compact_roundtrip[mask_2d3-False]" time="0.003" /><testcase classname="tests.detection.test_compact_mask.TestContainsMultipleSegmentsCompact" name="test_contains_multiple_segments_compact_roundtrip[mask_2d0-4-False]" time="0.004" /><testcase classname="tests.detection.test_compact_mask.TestContainsMultipleSegmentsCompact" name="test_contains_multiple_segments_compact_roundtrip[mask_2d1-4-True]" time="0.003" /><testcase classname="tests.detection.test_compact_mask.TestContainsMultipleSegmentsCompact" name="test_contains_multiple_segments_compact_roundtrip[mask_2d2-8-False]" time="0.003" /><testcase classname="tests.detection.test_compact_mask.TestContainsMultipleSegmentsCompact" name="test_contains_multiple_segments_compact_roundtrip[mask_2d3-4-False]" time="0.004" /><testcase classname="tests.detection.test_compact_mask.TestCompactMaskRoundtripRandom" name="test_parity_seed[0]" time="0.004" /><testcase classname="tests.detection.test_compact_mask.TestCompactMaskRoundtripRandom" name="test_parity_seed[1]" time="0.004" /><testcase classname="tests.detection.test_compact_mask.TestCompactMaskRoundtripRandom" name="test_parity_seed[2]" time="0.008" /><testcase classname="tests.detection.test_compact_mask.TestCompactMaskRoundtripRandom" name="test_parity_seed[3]" time="0.011" /><testcase classname="tests.detection.test_compact_mask.TestCompactMaskRoundtripRandom" name="test_parity_seed[4]" time="0.039" /><testcase classname="tests.detection.test_compact_mask.TestCompactMaskRoundtripRandom" name="test_parity_seed[5]" time="0.011" /><testcase classname="tests.detection.test_compact_mask.TestCompactMaskRoundtripRandom" name="test_parity_seed[6]" time="1.006"><failure message="numpy._core._exceptions._ArrayMemoryError: Unable to allocate 9.89 MiB for an array with shape (5, 1080, 1920) and data type bool">self = &lt;tests.detection.test_compact_mask.TestCompactMaskRoundtripRandom object at 0x000001FBC17BBA10&gt;
seed = 6

    @pytest.mark.parametrize("seed", list(range(10)))
    def test_parity_seed(self, seed: int) -&gt; None:
        rng = np.random.default_rng(seed)
        num_masks, img_h, img_w = _RANDOM_CONFIGS[seed]
&gt;       masks, xyxy = _random_masks_and_xyxy(rng, num_masks, img_h, img_w)
                      ^^^^^^^^^^^^^^^^^^^^^^^^^^^^^^^^^^^^^^^^^^^^^^^^^^^^

tests\detection\test_compact_mask.py:808:
_ _ _ _ _ _ _ _ _ _ _ _ _ _ _ _ _ _ _ _ _ _ _ _ _ _ _ _ _ _ _ _ _ _ _ _ _ _ _ _

rng = Generator(PCG64) at 0x1FBC64111C0, num_masks = 5, img_h = 1080
img_w = 1920, fill_prob = 0.3

    def _random_masks_and_xyxy(
        rng: np.random.Generator,
        num_masks: int,
        img_h: int,
        img_w: int,
        fill_prob: float = 0.3,
    ) -&gt; tuple[np.ndarray, np.ndarray]:
        """Generate *num_masks* random boolean masks with matching tight xyxy boxes.

        Each mask is built by filling a random sub-rectangle with Bernoulli noise at
        ``fill_prob``, then computing tight bounding boxes via ``mask_to_xyxy``.
        This guarantees every mask has at least one True pixel (for non-degenerate
        bounding boxes).
        """
&gt;       masks = np.zeros((num_masks, img_h, img_w), dtype=bool)
                ^^^^^^^^^^^^^^^^^^^^^^^^^^^^^^^^^^^^^^^^^^^^^^^
E       numpy._core._exceptions._ArrayMemoryError: Unable to allocate 9.89 MiB for an array with shape (5, 1080, 1920) and data type bool

tests\detection\test_compact_mask.py:781: MemoryError</failure></testcase><testcase classname="tests.detection.test_compact_mask.TestCompactMaskRoundtripRandom" name="test_parity_seed[7]" time="1.007"><failure message="numpy._core._exceptions._ArrayMemoryError: Unable to allocate 1.98 MiB for an array with shape (1, 1080, 1920) and data type bool">self = &lt;tests.detection.test_compact_mask.TestCompactMaskRoundtripRandom object at 0x000001FBC17BBAD0&gt;
seed = 7

    @pytest.mark.parametrize("seed", list(range(10)))
    def test_parity_seed(self, seed: int) -&gt; None:
        rng = np.random.default_rng(seed)
        num_masks, img_h, img_w = _RANDOM_CONFIGS[seed]
&gt;       masks, xyxy = _random_masks_and_xyxy(rng, num_masks, img_h, img_w)
                      ^^^^^^^^^^^^^^^^^^^^^^^^^^^^^^^^^^^^^^^^^^^^^^^^^^^^

tests\detection\test_compact_mask.py:808:
_ _ _ _ _ _ _ _ _ _ _ _ _ _ _ _ _ _ _ _ _ _ _ _ _ _ _ _ _ _ _ _ _ _ _ _ _ _ _ _

rng = Generator(PCG64) at 0x1FBC6411FC0, num_masks = 1, img_h = 1080
img_w = 1920, fill_prob = 0.3

    def _random_masks_and_xyxy(
        rng: np.random.Generator,
        num_masks: int,
        img_h: int,
        img_w: int,
        fill_prob: float = 0.3,
    ) -&gt; tuple[np.ndarray, np.ndarray]:
        """Generate *num_masks* random boolean masks with matching tight xyxy boxes.

        Each mask is built by filling a random sub-rectangle with Bernoulli noise at
        ``fill_prob``, then computing tight bounding boxes via ``mask_to_xyxy``.
        This guarantees every mask has at least one True pixel (for non-degenerate
        bounding boxes).
        """
&gt;       masks = np.zeros((num_masks, img_h, img_w), dtype=bool)
                ^^^^^^^^^^^^^^^^^^^^^^^^^^^^^^^^^^^^^^^^^^^^^^^
E       numpy._core._exceptions._ArrayMemoryError: Unable to allocate 1.98 MiB for an array with shape (1, 1080, 1920) and data type bool

tests\detection\test_compact_mask.py:781: MemoryError</failure></testcase><testcase classname="tests.detection.test_compact_mask.TestCompactMaskRoundtripRandom" name="test_parity_seed[8]" time="1.013"><failure message="numpy._core._exceptions._ArrayMemoryError: Unable to allocate 5.86 MiB for an array with shape (20, 480, 640) and data type bool">self = &lt;tests.detection.test_compact_mask.TestCompactMaskRoundtripRandom object at 0x000001FBC17BBB90&gt;
seed = 8

    @pytest.mark.parametrize("seed", list(range(10)))
    def test_parity_seed(self, seed: int) -&gt; None:
        rng = np.random.default_rng(seed)
        num_masks, img_h, img_w = _RANDOM_CONFIGS[seed]
&gt;       masks, xyxy = _random_masks_and_xyxy(rng, num_masks, img_h, img_w)
                      ^^^^^^^^^^^^^^^^^^^^^^^^^^^^^^^^^^^^^^^^^^^^^^^^^^^^

tests\detection\test_compact_mask.py:808:
_ _ _ _ _ _ _ _ _ _ _ _ _ _ _ _ _ _ _ _ _ _ _ _ _ _ _ _ _ _ _ _ _ _ _ _ _ _ _ _

rng = Generator(PCG64) at 0x1FBC6412B20, num_masks = 20, img_h = 480
img_w = 640, fill_prob = 0.3

    def _random_masks_and_xyxy(
        rng: np.random.Generator,
        num_masks: int,
        img_h: int,
        img_w: int,
        fill_prob: float = 0.3,
    ) -&gt; tuple[np.ndarray, np.ndarray]:
        """Generate *num_masks* random boolean masks with matching tight xyxy boxes.

        Each mask is built by filling a random sub-rectangle with Bernoulli noise at
        ``fill_prob``, then computing tight bounding boxes via ``mask_to_xyxy``.
        This guarantees every mask has at least one True pixel (for non-degenerate
        bounding boxes).
        """
&gt;       masks = np.zeros((num_masks, img_h, img_w), dtype=bool)
                ^^^^^^^^^^^^^^^^^^^^^^^^^^^^^^^^^^^^^^^^^^^^^^^
E       numpy._core._exceptions._ArrayMemoryError: Unable to allocate 5.86 MiB for an array with shape (20, 480, 640) and data type bool

tests\detection\test_compact_mask.py:781: MemoryError</failure></testcase><testcase classname="tests.detection.test_compact_mask.TestCompactMaskRoundtripRandom" name="test_parity_seed[9]" time="0.009" /><testcase classname="tests.detection.test_compact_mask.TestCompactMaskRoundtripRandom" name="test_shape_and_len[0]" time="0.001" /><testcase classname="tests.detection.test_compact_mask.TestCompactMaskRoundtripRandom" name="test_shape_and_len[1]" time="0.001" /><testcase classname="tests.detection.test_compact_mask.TestCompactMaskRoundtripRandom" name="test_shape_and_len[2]" time="0.002" /><testcase classname="tests.detection.test_compact_mask.TestCompactMaskRoundtripRandom" name="test_shape_and_len[3]" time="0.003" /><testcase classname="tests.detection.test_compact_mask.TestCompactMaskRoundtripRandom" name="test_shape_and_len[4]" time="0.004" /><testcase classname="tests.detection.test_compact_mask.TestCompactMaskRoundtripRandom" name="test_shape_and_len[5]" time="0.003" /><testcase classname="tests.detection.test_compact_mask.TestCompactMaskRoundtripRandom" name="test_shape_and_len[6]" time="1.012"><failure message="numpy._core._exceptions._ArrayMemoryError: Unable to allocate 9.89 MiB for an array with shape (5, 1080, 1920) and data type bool">self = &lt;tests.detection.test_compact_mask.TestCompactMaskRoundtripRandom object at 0x000001FBC16BC5C0&gt;
seed = 6

    @pytest.mark.parametrize("seed", list(range(10)))
    def test_shape_and_len(self, seed: int) -&gt; None:
        """len() and .shape must agree with the dense array."""
        rng = np.random.default_rng(seed)
        num_masks, img_h, img_w = _RANDOM_CONFIGS[seed]
&gt;       masks, xyxy = _random_masks_and_xyxy(rng, num_masks, img_h, img_w)
                      ^^^^^^^^^^^^^^^^^^^^^^^^^^^^^^^^^^^^^^^^^^^^^^^^^^^^

tests\detection\test_compact_mask.py:824:
_ _ _ _ _ _ _ _ _ _ _ _ _ _ _ _ _ _ _ _ _ _ _ _ _ _ _ _ _ _ _ _ _ _ _ _ _ _ _ _

rng = Generator(PCG64) at 0x1FBC6411E00, num_masks = 5, img_h = 1080
img_w = 1920, fill_prob = 0.3

    def _random_masks_and_xyxy(
        rng: np.random.Generator,
        num_masks: int,
        img_h: int,
        img_w: int,
        fill_prob: float = 0.3,
    ) -&gt; tuple[np.ndarray, np.ndarray]:
        """Generate *num_masks* random boolean masks with matching tight xyxy boxes.

        Each mask is built by filling a random sub-rectangle with Bernoulli noise at
        ``fill_prob``, then computing tight bounding boxes via ``mask_to_xyxy``.
        This guarantees every mask has at least one True pixel (for non-degenerate
        bounding boxes).
        """
&gt;       masks = np.zeros((num_masks, img_h, img_w), dtype=bool)
                ^^^^^^^^^^^^^^^^^^^^^^^^^^^^^^^^^^^^^^^^^^^^^^^
E       numpy._core._exceptions._ArrayMemoryError: Unable to allocate 9.89 MiB for an array with shape (5, 1080, 1920) and data type bool

tests\detection\test_compact_mask.py:781: MemoryError</failure></testcase><testcase classname="tests.detection.test_compact_mask.TestCompactMaskRoundtripRandom" name="test_shape_and_len[7]" time="0.003" /><testcase classname="tests.detection.test_compact_mask.TestCompactMaskRoundtripRandom" name="test_shape_and_len[8]" time="0.012" /><testcase classname="tests.detection.test_compact_mask.TestCompactMaskRoundtripRandom" name="test_shape_and_len[9]" time="0.004" /><testcase classname="tests.detection.test_compact_mask.TestCompactMaskRoundtripRandom" name="test_individual_mask_access[0]" time="0.002" /><testcase classname="tests.detection.test_compact_mask.TestCompactMaskRoundtripRandom" name="test_individual_mask_access[1]" time="0.002" /><testcase classname="tests.detection.test_compact_mask.TestCompactMaskRoundtripRandom" name="test_individual_mask_access[2]" time="0.004" /><testcase classname="tests.detection.test_compact_mask.TestCompactMaskRoundtripRandom" name="test_individual_mask_access[3]" time="0.007" /><testcase classname="tests.detection.test_compact_mask.TestCompactMaskRoundtripRandom" name="test_individual_mask_access[4]" time="0.014" /><testcase classname="tests.detection.test_compact_mask.TestCompactMaskRoundtripRandom" name="test_individual_mask_access[5]" time="0.009" /><testcase classname="tests.detection.test_compact_mask.TestCompactMaskRoundtripRandom" name="test_individual_mask_access[6]" time="0.130" /><testcase classname="tests.detection.test_compact_mask.TestCompactMaskRoundtripRandom" name="test_individual_mask_access[7]" time="0.026" /><testcase classname="tests.detection.test_compact_mask.TestCompactMaskRoundtripRandom" name="test_individual_mask_access[8]" time="0.048" /><testcase classname="tests.detection.test_compact_mask.TestCompactMaskRoundtripRandom" name="test_individual_mask_access[9]" time="0.011" /><testcase classname="tests.detection.test_compact_mask.TestCompactMaskAreaRandom" name="test_parity_seed[0]" time="0.002" /><testcase classname="tests.detection.test_compact_mask.TestCompactMaskAreaRandom" name="test_parity_seed[1]" time="0.002" /><testcase classname="tests.detection.test_compact_mask.TestCompactMaskAreaRandom" name="test_parity_seed[2]" time="0.002" /><testcase classname="tests.detection.test_compact_mask.TestCompactMaskAreaRandom" name="test_parity_seed[3]" time="0.003" /><testcase classname="tests.detection.test_compact_mask.TestCompactMaskAreaRandom" name="test_parity_seed[4]" time="0.005" /><testcase classname="tests.detection.test_compact_mask.TestCompactMaskAreaRandom" name="test_parity_seed[5]" time="0.005" /><testcase classname="tests.detection.test_compact_mask.TestCompactMaskAreaRandom" name="test_parity_seed[6]" time="0.018" /><testcase classname="tests.detection.test_compact_mask.TestCompactMaskAreaRandom" name="test_parity_seed[7]" time="0.004" /><testcase classname="tests.detection.test_compact_mask.TestCompactMaskAreaRandom" name="test_parity_seed[8]" time="0.013" /><testcase classname="tests.detection.test_compact_mask.TestCompactMaskAreaRandom" name="test_parity_seed[9]" time="0.006" /><testcase classname="tests.detection.test_compact_mask.TestCompactMaskAreaRandom" name="test_sum_axis_matches_area[0]" time="0.001" /><testcase classname="tests.detection.test_compact_mask.TestCompactMaskAreaRandom" name="test_sum_axis_matches_area[1]" time="0.002" /><testcase classname="tests.detection.test_compact_mask.TestCompactMaskAreaRandom" name="test_sum_axis_matches_area[2]" time="0.002" /><testcase classname="tests.detection.test_compact_mask.TestCompactMaskAreaRandom" name="test_sum_axis_matches_area[3]" time="0.003" /><testcase classname="tests.detection.test_compact_mask.TestCompactMaskAreaRandom" name="test_sum_axis_matches_area[4]" time="0.004" /><testcase classname="tests.detection.test_compact_mask.TestCompactMaskAreaRandom" name="test_sum_axis_matches_area[5]" time="0.005" /><testcase classname="tests.detection.test_compact_mask.TestCompactMaskAreaRandom" name="test_sum_axis_matches_area[6]" time="0.010" /><testcase classname="tests.detection.test_compact_mask.TestCompactMaskAreaRandom" name="test_sum_axis_matches_area[7]" time="0.003" /><testcase classname="tests.detection.test_compact_mask.TestCompactMaskAreaRandom" name="test_sum_axis_matches_area[8]" time="0.009" /><testcase classname="tests.detection.test_compact_mask.TestCompactMaskAreaRandom" name="test_sum_axis_matches_area[9]" time="0.005" /><testcase classname="tests.detection.test_compact_mask.TestCompactMaskFilterRandom" name="test_parity_seed[0]" time="0.002" /><testcase classname="tests.detection.test_compact_mask.TestCompactMaskFilterRandom" name="test_parity_seed[1]" time="0.002" /><testcase classname="tests.detection.test_compact_mask.TestCompactMaskFilterRandom" name="test_parity_seed[2]" time="0.003" /><testcase classname="tests.detection.test_compact_mask.TestCompactMaskFilterRandom" name="test_parity_seed[3]" time="0.004" /><testcase classname="tests.detection.test_compact_mask.TestCompactMaskFilterRandom" name="test_parity_seed[4]" time="0.009" /><testcase classname="tests.detection.test_compact_mask.TestCompactMaskFilterRandom" name="test_parity_seed[5]" time="0.005" /><testcase classname="tests.detection.test_compact_mask.TestCompactMaskFilterRandom" name="test_parity_seed[6]" time="0.425" /><testcase classname="tests.detection.test_compact_mask.TestCompactMaskFilterRandom" name="test_parity_seed[7]" time="0.029" /><testcase classname="tests.detection.test_compact_mask.TestCompactMaskFilterRandom" name="test_parity_seed[8]" time="0.028" /><testcase classname="tests.detection.test_compact_mask.TestCompactMaskFilterRandom" name="test_parity_seed[9]" time="0.010" /><testcase classname="tests.detection.test_compact_mask.TestCompactMaskFilterRandom" name="test_list_index[0]" time="0.003" /><testcase classname="tests.detection.test_compact_mask.TestCompactMaskFilterRandom" name="test_list_index[1]" time="0.003" /><testcase classname="tests.detection.test_compact_mask.TestCompactMaskFilterRandom" name="test_list_index[2]" time="0.005" /><testcase classname="tests.detection.test_compact_mask.TestCompactMaskFilterRandom" name="test_list_index[3]" time="0.006" /><testcase classname="tests.detection.test_compact_mask.TestCompactMaskFilterRandom" name="test_list_index[4]" time="0.019" /><testcase classname="tests.detection.test_compact_mask.TestCompactMaskFilterRandom" name="test_list_index[5]" time="0.005" /><testcase classname="tests.detection.test_compact_mask.TestCompactMaskFilterRandom" name="test_list_index[6]" time="0.162" /><testcase classname="tests.detection.test_compact_mask.TestCompactMaskFilterRandom" name="test_list_index[7]" time="0.036" /><testcase classname="tests.detection.test_compact_mask.TestCompactMaskFilterRandom" name="test_list_index[8]" time="0.020" /><testcase classname="tests.detection.test_compact_mask.TestCompactMaskFilterRandom" name="test_list_index[9]" time="0.010" /><testcase classname="tests.detection.test_compact_mask.TestCompactMaskWithOffsetRandom" name="test_parity_seed[0]" time="0.003" /><testcase classname="tests.detection.test_compact_mask.TestCompactMaskWithOffsetRandom" name="test_parity_seed[1]" time="0.003" /><testcase classname="tests.detection.test_compact_mask.TestCompactMaskWithOffsetRandom" name="test_parity_seed[2]" time="0.003" /><testcase classname="tests.detection.test_compact_mask.TestCompactMaskWithOffsetRandom" name="test_parity_seed[3]" time="0.002" /><testcase classname="tests.detection.test_compact_mask.TestCompactMaskWithOffsetRandom" name="test_parity_seed[4]" time="0.003" /><testcase classname="tests.detection.test_compact_mask.TestCompactMaskWithOffsetRandom" name="test_parity_seed[5]" time="0.003" /><testcase classname="tests.detection.test_compact_mask.TestCompactMaskWithOffsetRandom" name="test_parity_seed[6]" time="0.002" /><testcase classname="tests.detection.test_compact_mask.TestCompactMaskWithOffsetRandom" name="test_parity_seed[7]" time="0.003" /><testcase classname="tests.detection.test_compact_mask.TestCompactMaskWithOffsetRandom" name="test_parity_seed[8]" time="0.002" /><testcase classname="tests.detection.test_compact_mask.TestCompactMaskWithOffsetRandom" name="test_parity_seed[9]" time="0.002" /><testcase classname="tests.detection.test_compact_mask.TestCompactMaskWithOffsetRandom" name="test_offset_into_larger_canvas[0]" time="0.002" /><testcase classname="tests.detection.test_compact_mask.TestCompactMaskWithOffsetRandom" name="test_offset_into_larger_canvas[1]" time="0.002" /><testcase classname="tests.detection.test_compact_mask.TestCompactMaskWithOffsetRandom" name="test_offset_into_larger_canvas[2]" time="0.002" /><testcase classname="tests.detection.test_compact_mask.TestCompactMaskWithOffsetRandom" name="test_offset_into_larger_canvas[3]" time="0.002" /><testcase classname="tests.detection.test_compact_mask.TestCompactMaskWithOffsetRandom" name="test_offset_into_larger_canvas[4]" time="0.002" /><testcase classname="tests.detection.test_compact_mask.TestCompactMaskWithOffsetRandom" name="test_offset_into_larger_canvas[5]" time="0.001" /><testcase classname="tests.detection.test_compact_mask.TestCompactMaskWithOffsetRandom" name="test_offset_into_larger_canvas[6]" time="0.002" /><testcase classname="tests.detection.test_compact_mask.TestCompactMaskWithOffsetRandom" name="test_offset_into_larger_canvas[7]" time="0.001" /><testcase classname="tests.detection.test_compact_mask.TestCompactMaskWithOffsetRandom" name="test_offset_into_larger_canvas[8]" time="0.001" /><testcase classname="tests.detection.test_compact_mask.TestCompactMaskWithOffsetRandom" name="test_offset_into_larger_canvas[9]" time="0.002" /><testcase classname="tests.detection.test_compact_mask.TestRleSplitCols" name="test_all_true_2x2" time="0.001" /><testcase classname="tests.detection.test_compact_mask.TestRleSplitCols" name="test_all_false_3x3" time="0.001" /><testcase classname="tests.detection.test_compact_mask.TestRleSplitCols" name="test_mixed_2x2" time="0.001" /><testcase classname="tests.detection.test_compact_mask.TestRleSplitCols" name="test_round_trip_random[0]" time="0.001" /><testcase classname="tests.detection.test_compact_mask.TestRleSplitCols" name="test_round_trip_random[1]" time="0.002" /><testcase classname="tests.detection.test_compact_mask.TestRleSplitCols" name="test_round_trip_random[2]" time="0.001" /><testcase classname="tests.detection.test_compact_mask.TestRleSplitCols" name="test_round_trip_random[3]" time="0.001" /><testcase classname="tests.detection.test_compact_mask.TestRleSplitCols" name="test_round_trip_random[4]" time="0.001" /><testcase classname="tests.detection.test_compact_mask.TestRleSplitCols" name="test_round_trip_random[5]" time="0.001" /><testcase classname="tests.detection.test_compact_mask.TestRleSplitCols" name="test_round_trip_random[6]" time="0.001" /><testcase classname="tests.detection.test_compact_mask.TestRleSplitCols" name="test_round_trip_random[7]" time="0.001" /><testcase classname="tests.detection.test_compact_mask.TestRleSplitCols" name="test_round_trip_random[8]" time="0.001" /><testcase classname="tests.detection.test_compact_mask.TestRleSplitCols" name="test_round_trip_random[9]" time="0.002" /><testcase classname="tests.detection.test_compact_mask.TestRleSplitCols" name="test_round_trip_random[10]" time="0.002" /><testcase classname="tests.detection.test_compact_mask.TestRleSplitCols" name="test_round_trip_random[11]" time="0.002" /><testcase classname="tests.detection.test_compact_mask.TestRleSplitCols" name="test_round_trip_random[12]" time="0.001" /><testcase classname="tests.detection.test_compact_mask.TestRleSplitCols" name="test_round_trip_random[13]" time="0.002" /><testcase classname="tests.detection.test_compact_mask.TestRleSplitCols" name="test_round_trip_random[14]" time="0.002" /><testcase classname="tests.detection.test_compact_mask.TestRleSplitCols" name="test_round_trip_random[15]" time="0.001" /><testcase classname="tests.detection.test_compact_mask.TestRleSplitCols" name="test_round_trip_random[16]" time="0.002" /><testcase clas
[...]
"test_scenario_2_missed_detection" time="0.030" /><testcase classname="tests.metrics.test_mean_average_precision.TestMeanAveragePrecision" name="test_scenario_3_false_positive" time="0.030" /><testcase classname="tests.metrics.test_mean_average_precision.TestMeanAveragePrecision" name="test_scenario_4_no_data" time="0.022" /><testcase classname="tests.metrics.test_mean_average_precision.TestMeanAveragePrecision" name="test_scenario_5_only_one_class_present" time="0.013" /><testcase classname="tests.metrics.test_mean_average_precision.TestMeanAveragePrecision" name="test_mixed_classes_with_missing_detections" time="0.014" /><testcase classname="tests.metrics.test_mean_average_precision.TestMeanAveragePrecision" name="test_empty_predictions_and_targets" time="0.001" /><testcase classname="tests.metrics.test_mean_average_precision_area.TestMeanAveragePrecisionArea" name="test_area_calculation_and_size_specific_map[xyxy0-expected_areas0-expected_size_maps0]" time="0.025" /><testcase classname="tests.metrics.test_mean_average_precision_area.TestMeanAveragePrecisionArea" name="test_area_calculation_and_size_specific_map[xyxy1-expected_areas1-expected_size_maps1]" time="0.010" /><testcase classname="tests.metrics.test_mean_average_precision_area.TestMeanAveragePrecisionArea" name="test_area_calculation_and_size_specific_map[xyxy2-expected_areas2-expected_size_maps2]" time="0.010" /><testcase classname="tests.metrics.test_mean_average_precision_area.TestMeanAveragePrecisionArea" name="test_area_calculation_and_size_specific_map[xyxy3-expected_areas3-expected_size_maps3]" time="0.010" /><testcase classname="tests.metrics.test_mean_average_precision_area.TestMeanAveragePrecisionArea" name="test_area_preserved_from_data" time="0.001" /><testcase classname="tests.metrics.test_mean_average_recall" name="test_single_perfect_detection" time="0.004" /><testcase classname="tests.metrics.test_mean_average_recall" name="test_complex_integration_scenario" time="0.023" /><testcase classname="tests.metrics.test_mean_average_recall" name="test_mar_at_k_limits_per_image_not_per_class" time="0.008" /><testcase classname="tests.metrics.test_mean_average_recall" name="test_three_class_single_image_scenario" time="0.004" /><testcase classname="tests.metrics.test_mean_average_recall" name="test_dataset_split_integration" time="0.229" /><testcase classname="tests.metrics.test_oriented_bounding_box_metrics" name="test_perfect_non_square_oriented_boxes_score_as_perfect[Precision-precision_at_50]" time="0.004" /><testcase classname="tests.metrics.test_oriented_bounding_box_metrics" name="test_perfect_non_square_oriented_boxes_score_as_perfect[Recall-recall_at_50]" time="0.004" /><testcase classname="tests.metrics.test_oriented_bounding_box_metrics" name="test_perfect_non_square_oriented_boxes_score_as_perfect[F1Score-f1_50]" time="0.004" /><testcase classname="tests.metrics.test_oriented_bounding_box_metrics" name="test_perfect_non_square_oriented_boxes_score_as_perfect[MeanAverageRecall-mAR_at_100]" time="0.003" /><testcase classname="tests.metrics.test_oriented_bounding_box_metrics" name="test_mean_average_precision_accepts_obb_metric_target" time="0.010" /><testcase classname="tests.metrics.test_precision.TestPrecision" name="test_initialization_default" time="0.001" /><testcase classname="tests.metrics.test_precision.TestPrecision" name="test_initialization_custom" time="0.001" /><testcase classname="tests.metrics.test_precision.TestPrecision" name="test_reset" time="0.001" /><testcase classname="tests.metrics.test_precision.TestPrecision" name="test_perfect_match" time="0.003" /><testcase classname="tests.metrics.test_precision.TestPrecision" name="test_no_overlap" time="0.002" /><testcase classname="tests.metrics.test_precision.TestPrecision" name="test_empty_predictions" time="0.002" /><testcase classname="tests.metrics.test_precision.TestPrecision" name="test_empty_targets" time="0.002" /><testcase classname="tests.metrics.test_precision.TestPrecision" name="test_false_positives_on_background_image_counted" time="0.003" /><testcase classname="tests.metrics.test_precision.TestPrecision" name="test_false_positives_of_absent_class_counted[micro-counts-absent-class-fps]" time="0.003" /><testcase classname="tests.metrics.test_precision.TestPrecision" name="test_false_positives_of_absent_class_counted[macro-counts-absent-class-fps]" time="0.003" /><testcase classname="tests.metrics.test_precision.TestPrecision" name="test_false_positives_of_absent_class_counted[weighted-absent-class-fps-not-counted-by-design]" time="0.003" /><testcase classname="tests.metrics.test_precision.TestPrecision" name="test_false_positives_on_background_image_weighted_returns_zero" time="0.002" /><testcase classname="tests.metrics.test_precision.TestPrecision" name="test_single_class" time="0.003" /><testcase classname="tests.metrics.test_precision.TestPrecision" name="test_multiple_classes" time="0.003" /><testcase classname="tests.metrics.test_precision.TestPrecision" name="test_different_iou_thresholds" time="0.003" /><testcase classname="tests.metrics.test_precision.TestPrecision" name="test_confidence_ranking" time="0.003" /><testcase classname="tests.metrics.test_precision.TestPrecision" name="test_list_inputs" time="0.004" /><testcase classname="tests.metrics.test_precision.TestPrecision" name="test_mismatched_list_lengths" time="0.001" /><testcase classname="tests.metrics.test_precision.TestPrecision" name="test_averaging_methods[AveragingMethod.MACRO]" time="0.003" /><testcase classname="tests.metrics.test_precision.TestPrecision" name="test_averaging_methods[AveragingMethod.MICRO]" time="0.003" /><testcase classname="tests.metrics.test_precision.TestPrecision" name="test_averaging_methods[AveragingMethod.WEIGHTED]" time="0.003" /><testcase classname="tests.metrics.test_recall.TestRecall" name="test_initialization_default" time="0.001" /><testcase classname="tests.metrics.test_recall.TestRecall" name="test_initialization_custom" time="0.001" /><testcase classname="tests.metrics.test_recall.TestRecall" name="test_reset" time="0.001" /><testcase classname="tests.metrics.test_recall.TestRecall" name="test_perfect_match" time="0.003" /><testcase classname="tests.metrics.test_recall.TestRecall" name="test_no_overlap" time="0.002" /><testcase classname="tests.metrics.test_recall.TestRecall" name="test_empty_predictions" time="0.002" /><testcase classname="tests.metrics.test_recall.TestRecall" name="test_empty_targets" time="0.002" /><testcase classname="tests.metrics.test_recall.TestRecall" name="test_single_class_missed_detections" time="0.003" /><testcase classname="tests.metrics.test_recall.TestRecall" name="test_multiple_classes" time="0.004" /><testcase classname="tests.metrics.test_recall.TestRecall" name="test_different_iou_thresholds" time="0.002" /><testcase classname="tests.metrics.test_recall.TestRecall" name="test_confidence_ranking" time="0.003" /><testcase classname="tests.metrics.test_recall.TestRecall" name="test_multiple_predictions_one_target" time="0.005" /><testcase classname="tests.metrics.test_recall.TestRecall" name="test_list_inputs" time="0.005" /><testcase classname="tests.metrics.test_recall.TestRecall" name="test_mismatched_list_lengths" time="0.001" /><testcase classname="tests.metrics.test_recall.TestRecall" name="test_averaging_methods[AveragingMethod.MACRO]" time="0.003" /><testcase classname="tests.metrics.test_recall.TestRecall" name="test_averaging_methods[AveragingMethod.MICRO]" time="0.003" /><testcase classname="tests.metrics.test_recall.TestRecall" name="test_averaging_methods[AveragingMethod.WEIGHTED]" time="0.003" /><testcase classname="tests.metrics.test_recall.TestRecall" name="test_macro_averaging" time="0.004" /><testcase classname="tests.test_validate_deprecations" name="test_validate_public_shims_warn[&lt;lambda&gt;-0.29.0_0]" time="0.002" /><testcase classname="tests.test_validate_deprecations" name="test_validate_public_shims_warn[&lt;lambda&gt;-0.29.0_1]" time="0.001" /><testcase classname="tests.test_validate_deprecations" name="test_validate_public_shims_warn[&lt;lambda&gt;-0.29.0_2]" time="0.001" /><testcase classname="tests.test_validate_deprecations" name="test_validate_public_shims_warn[&lt;lambda&gt;-0.29.0_3]" time="0.001" /><testcase classname="tests.test_validate_deprecations" name="test_validate_public_shims_warn[&lt;lambda&gt;-0.29.0_4]" time="0.001" /><testcase classname="tests.test_validate_deprecations" name="test_validate_public_shims_warn[&lt;lambda&gt;-0.27.0_0]" time="0.002" /><testcase classname="tests.test_validate_deprecations" name="test_validate_public_shims_warn[&lt;lambda&gt;-0.29.0_5]" time="0.001" /><testcase classname="tests.test_validate_deprecations" name="test_validate_public_shims_warn[&lt;lambda&gt;-0.29.0_6]" time="0.001" /><testcase classname="tests.test_validate_deprecations" name="test_validate_public_shims_warn[&lt;lambda&gt;-0.29.0_7]" time="0.001" /><testcase classname="tests.test_validate_deprecations" name="test_validate_public_shims_warn[&lt;lambda&gt;-0.29.0_8]" time="0.001" /><testcase classname="tests.test_validate_deprecations" name="test_validate_public_shims_warn[&lt;lambda&gt;-0.29.0_9]" time="0.001" /><testcase classname="tests.test_validate_deprecations" name="test_validate_public_shims_warn[&lt;lambda&gt;-0.27.0_1]" time="0.001" /><testcase classname="tests.test_validate_deprecations" name="test_validate_public_shims_warn[&lt;lambda&gt;-0.29.0_10]" time="0.001" /><testcase classname="tests.test_validate_deprecations" name="test_validate_public_shims_warn[&lt;lambda&gt;-0.29.0_11]" time="0.001" /><testcase classname="tests.test_validate_deprecations" name="test_validate_public_shims_warn[&lt;lambda&gt;-0.29.0_12]" time="0.001" /><testcase classname="tests.test_validate_deprecations" name="test_validate_public_shims_warn[&lt;lambda&gt;-0.29.0_13]" time="0.001" /><testcase classname="tests.test_validate_deprecations" name="test_validate_public_shims_warn[&lt;lambda&gt;-0.29.0_14]" time="0.001" /><testcase classname="tests.test_validate_deprecations" name="test_validate_public_shims_warn[&lt;lambda&gt;-0.29.0_15]" time="0.001" /><testcase classname="tests.test_validate_deprecations" name="test_private_validation_paths_do_not_warn" time="0.001" /><testcase classname="tests.tracker.test_byte_tracker" name="test_byte_tracker[detections0-expected_results0]" time="0.036" /><testcase classname="tests.tracker.test_byte_tracker" name="test_byte_tracker_does_not_skip_external_ids_for_short_lived_tracks" time="0.006" /><testcase classname="tests.utils.test_conversion" name="test_ensure_cv2_image_for_processing_when_pillow_image_submitted" time="0.003" /><testcase classname="tests.utils.test_conversion" name="test_ensure_cv2_image_for_processing_when_cv2_image_submitted" time="0.001" /><testcase classname="tests.utils.test_conversion" name="test_cv2_to_pillow" time="0.001" /><testcase classname="tests.utils.test_conversion" name="test_pillow_to_cv2" time="0.001" /><testcase classname="tests.utils.test_conversion" name="test_images_to_cv2_when_empty_input_provided" time="0.001" /><testcase classname="tests.utils.test_conversion" name="test_images_to_cv2_when_only_cv2_images_provided" time="0.001" /><testcase classname="tests.utils.test_conversion" name="test_images_to_cv2_when_only_pillow_images_provided" time="0.003" /><testcase classname="tests.utils.test_conversion" name="test_images_to_cv2_when_mixed_input_provided" time="0.002" /><testcase classname="tests.utils.test_file" name="test_read_txt_file[file_1.txt-False-expected_result0-exception0]" time="0.013" /><testcase classname="tests.utils.test_file" name="test_read_txt_file[file_2.txt-True-expected_result1-exception1]" time="0.010" /><testcase classname="tests.utils.test_file" name="test_read_txt_file[file_2.txt-False-expected_result2-exception2]" time="0.002" /><testcase classname="tests.utils.test_file" name="test_read_txt_file[file_3.txt-True-expected_result3-exception3]" time="0.010" /><testcase classname="tests.utils.test_file" name="test_read_txt_file[file_3.txt-False-expected_result4-exception4]" time="0.001" /><testcase classname="tests.utils.test_file" name="test_read_txt_file[file_4.txt-True-None-exception5]" time="0.001" /><testcase classname="tests.utils.test_file" name="test_list_files_with_extensions_normalization[leading_dot]" time="0.005" /><testcase classname="tests.utils.test_file" name="test_list_files_with_extensions_normalization[case_insensitive]" time="0.005" /><testcase classname="tests.utils.test_file" name="test_list_files_with_extensions_normalization[multi_part_full]" time="0.005" /><testcase classname="tests.utils.test_file" name="test_list_files_with_extensions_normalization[multi_part_filename_tail]" time="0.005" /><testcase classname="tests.utils.test_file" name="test_list_files_with_extensions_normalization[multi_part_suffix]" time="0.006" /><testcase classname="tests.utils.test_image" name="test_resize_image_for_opencv_image" time="0.059" /><testcase classname="tests.utils.test_image" name="test_resize_image_for_pillow_image" time="0.012" /><testcase classname="tests.utils.test_image" name="test_letterbox_image_for_opencv_image" time="0.079" /><testcase classname="tests.utils.test_image" name="test_letterbox_image_for_grayscale_opencv_image" time="0.001" /><testcase classname="tests.utils.test_image" name="test_letterbox_image_for_rgba_opencv_image" time="0.001" /><testcase classname="tests.utils.test_image" name="test_letterbox_image_for_pillow_image" time="0.016" /><testcase classname="tests.utils.test_image" name="test_crop_image[image0-xyxy0-expected_size0]" time="0.001" /><testcase classname="tests.utils.test_image" name="test_crop_image[image1-xyxy1-expected_size1]" time="0.001" /><testcase classname="tests.utils.test_image" name="test_crop_image[image2-xyxy2-expected_size2]" time="0.001" /><testcase classname="tests.utils.test_image" name="test_crop_image[image3-xyxy3-expected_size3]" time="0.001" /><testcase classname="tests.utils.test_image" name="test_get_image_resolution_wh[image0-expected0]" time="0.001" /><testcase classname="tests.utils.test_image" name="test_get_image_resolution_wh[image1-expected1]" time="0.001" /><testcase classname="tests.utils.test_image" name="test_get_image_resolution_wh[image2-expected2]" time="0.001" /><testcase classname="tests.utils.test_image" name="test_get_image_resolution_wh[image3-expected3]" time="0.001" /><testcase classname="tests.utils.test_internal" name="test_get_instance_variables[MockClass-False-None-exception0]" time="0.001" /><testcase classname="tests.utils.test_internal" name="test_get_instance_variables[input_instance1-False-expected1-exception1]" time="0.001" /><testcase classname="tests.utils.test_internal" name="test_get_instance_variables[input_instance2-True-expected2-exception2]" time="0.001" /><testcase classname="tests.utils.test_internal" name="test_get_instance_variables[input_instance3-False-expected3-exception3]" time="0.001" /><testcase classname="tests.utils.test_internal" name="test_get_instance_variables[input_instance4-True-expected4-exception4]" time="0.001" /><testcase classname="tests.utils.test_internal" name="test_get_instance_variables[Detections-False-None-exception5]" time="0.001" /><testcase classname="tests.utils.test_internal" name="test_get_instance_variables[Detections-True-None-exception6]" time="0.001" /><testcase classname="tests.utils.test_internal" name="test_get_instance_variables[input_instance7-False-expected7-exception7]" time="0.001" /><testcase classname="tests.utils.test_internal" name="test_get_instance_variables[input_instance8-True-expected8-exception8]" time="0.002" /><testcase classname="tests.utils.test_internal" name="test_get_instance_variables[input_instance9-False-expected9-exception9]" time="0.001" /><testcase classname="tests.utils.test_internal" name="test_get_instance_variables[input_instance10-False-expected10-exception10]" time="0.001" /><testcase classname="tests.utils.test_iterables" name="test_create_batches[sequence0-4-expected0]" time="0.001" /><testcase classname="tests.utils.test_iterables" name="test_create_batches[sequence1-0-expected1]" time="0.001" /><testcase classname="tests.utils.test_iterables" name="test_create_batches[sequence2-4-expected2]" time="0.001" /><testcase classname="tests.utils.test_iterables" name="test_create_batches[sequence3-2-expected3]" time="0.001" /><testcase classname="tests.utils.test_iterables" name="test_create_batches[sequence4-3-expected4]" time="0.002" /><testcase classname="tests.utils.test_iterables" name="test_fill[sequence0-0-1-expected0]" time="0.001" /><testcase classname="tests.utils.test_iterables" name="test_fill[sequence1-3-1-expected1]" time="0.001" /><testcase classname="tests.utils.test_iterables" name="test_fill[sequence2-3-1-expected2]" time="0.001" /><testcase classname="tests.utils.test_iterables" name="test_fill[sequence3-3-1-expected3]" time="0.001" /><testcase classname="tests.utils.test_iterables" name="test_fill[sequence4-3-1-expected4]" time="0.001" /><testcase classname="tests.utils.test_logger.TestGetLogger" name="test_default_name" time="0.001" /><testcase classname="tests.utils.test_logger.TestGetLogger" name="test_custom_name" time="0.001" /><testcase classname="tests.utils.test_logger.TestGetLogger" name="test_default_level_is_info" time="0.002" /><testcase classname="tests.utils.test_logger.TestGetLogger" name="test_explicit_level" time="0.001" /><testcase classname="tests.utils.test_logger.TestGetLogger" name="test_log_level_env_var" time="0.002" /><testcase classname="tests.utils.test_logger.TestGetLogger" name="test_log_level_env_var_warning" time="0.002" /><testcase classname="tests.utils.test_logger.TestGetLogger" name="test_two_handlers_configured" time="0.001" /><testcase classname="tests.utils.test_logger.TestGetLogger" name="test_stdout_handler_present" time="0.001" /><testcase classname="tests.utils.test_logger.TestGetLogger" name="test_stderr_handler_present" time="0.001" /><testcase classname="tests.utils.test_logger.TestGetLogger" name="test_no_propagation" time="0.001" /><testcase classname="tests.utils.test_logger.TestGetLogger" name="test_idempotent_no_duplicate_handlers" time="0.001" /><testcase classname="tests.utils.test_video" name="test_process_video_exception_handling" time="0.374" /><testcase classname="tests.utils.test_video" name="test_process_video_success" time="0.052" /><testcase classname="tests.utils.test_video" name="test_process_video_exception_with_small_buffer" time="0.059" /><testcase classname="tests.utils.test_video" name="test_process_video_max_frames" time="0.068" /><testcase classname="tests.utils.test_video" name="test_process_video_custom_params" time="0.081" /><testcase classname="tests.utils.test_video" name="test_video_info" time="0.033" /><testcase classname="tests.utils.test_video" name="test_video_info_float_fps" time="0.032" /><testcase classname="tests.utils.test_video" name="test_get_video_frames_generator" time="0.047" /><testcase classname="tests.utils.test_video" name="test_get_video_frames_generator_with_stride" time="0.043" /><testcase classname="tests.utils.test_video" name="test_process_video_preserve_audio_calls_mux" time="0.061" /><testcase classname="tests.utils.test_video" name="test_process_video_no_audio_by_default" time="0.059" /><testcase classname="tests.utils.test_video" name="test_mux_audio_file_unchanged_on_failure[ffmpeg_missing]" time="0.025" /><testcase classname="tests.utils.test_video" name="test_mux_audio_file_unchanged_on_failure[ffmpeg_fails]" time="0.027" /><testcase classname="tests.utils.test_video" name="test_mux_audio_file_unchanged_on_failure[subprocess_raises]" time="0.026" /><testcase classname="tests.utils.test_video" name="test_mux_audio_replaces_file_on_success" time="0.025" /><testcase classname="tests.utils.test_video" name="test_get_video_frames_generator_with_start_end" time="0.043" /></testsuite></testsuites>